#
# There is insufficient memory for the Java Runtime Environment to continue.
# Native memory allocation (malloc) failed to allocate 1822496 bytes for Chunk::new
# Possible reasons:
#   The system is out of physical RAM or swap space
#   The process is running with CompressedOops enabled, and the Java Heap may be blocking the growth of the native heap
# Possible solutions:
#   Reduce memory load on the system
#   Increase physical memory or swap space
#   Check if swap backing store is full
#   Decrease Java heap size (-Xmx/-Xms)
#   Decrease number of Java threads
#   Decrease Java thread stack sizes (-Xss)
#   Set larger code cache with -XX:ReservedCodeCacheSize=
#   JVM is running with Unscaled Compressed Oops mode in which the Java heap is
#     placed in the first 4GB address space. The Java Heap base address is the
#     maximum limit for the native heap growth. Please use -XX:HeapBaseMinAddress
#     to set the Java Heap base and to place the Java Heap above 4GB virtual address.
# This output file may be truncated or incomplete.
#
#  Out of Memory Error (arena.cpp:189), pid=384, tid=27956
#
# JRE version: OpenJDK Runtime Environment Temurin-17.0.7+7 (17.0.7+7) (build 17.0.7+7)
# Java VM: OpenJDK 64-Bit Server VM Temurin-17.0.7+7 (17.0.7+7, mixed mode, tiered, compressed oops, compressed class ptrs, g1 gc, windows-amd64)
# No core dump will be written. Minidumps are not enabled by default on client versions of Windows
#

---------------  S U M M A R Y ------------

Command Line: -Dgroovy.home=C:\Users\Yogalakshmi.k/.groovy -Djava.system.class.loader=groovy.lang.GroovyClassLoader -Xmx2048m -Dfile.encoding=UTF-8 -XX:+ShowCodeDetailsInExceptionMessages org.codehaus.groovy.tools.GroovyStarter --classpath C:\Users\Yogalakshmi.k\Katalon Studio\USEcologyA\bin\keyword;C:\Users\Yogalakshmi.k\Katalon Studio\USEcologyA\Keywords;C:\Users\Yogalakshmi.k\Katalon Studio\USEcologyA\bin\listener;C:\Users\Yogalakshmi.k\Katalon Studio\USEcologyA\Test Listeners;C:\Users\Yogalakshmi.k\Katalon Studio\USEcologyA\bin\lib;C:\Users\Yogalakshmi.k\Katalon Studio\USEcologyA\Libs;C:\Users\Yogalakshmi.k\Katalon Studio\USEcologyA\bin\groovy;C:\Users\Yogalakshmi.k\Katalon Studio\USEcologyA\Include\scripts\groovy;C:\Users\Yogalakshmi.k\.katalon\packages\Katalon_Studio_Windows_64-9.3.0\Katalon_Studio_Windows_64-9.3.0\plugins\com.kms.katalon.core_1.0.0.202401301518.jar;C:\Users\Yogalakshmi.k\.katalon\packages\Katalon_Studio_Windows_64-9.3.0\Katalon_Studio_Windows_64-9.3.0\configuration\resources\lib\aalto-xml-1.0.0.jar;C:\Users\Yogalakshmi.k\.katalon\packages\Katalon_Studio_Windows_64-9.3.0\Katalon_Studio_Windows_64-9.3.0\configuration\resources\lib\aspectjweaver-1.9.1.jar;C:\Users\Yogalakshmi.k\.katalon\packages\Katalon_Studio_Windows_64-9.3.0\Katalon_Studio_Windows_64-9.3.0\configuration\resources\lib\bcpkix-jdk15on-1.64.jar;C:\Users\Yogalakshmi.k\.katalon\packages\Katalon_Studio_Windows_64-9.3.0\Katalon_Studio_Windows_64-9.3.0\configuration\resources\lib\bcprov-jdk15on-1.64.jar;C:\Users\Yogalakshmi.k\.katalon\packages\Katalon_Studio_Windows_64-9.3.0\Katalon_Studio_Windows_64-9.3.0\configuration\resources\lib\browsermob-core-2.1.5.jar;C:\Users\Yogalakshmi.k\.katalon\packages\Katalon_Studio_Windows_64-9.3.0\Katalon_Studio_Windows_64-9.3.0\configuration\resources\lib\cglib-3.2.10.jar;C:\Users\Yogalakshmi.k\.katalon\packages\Katalon_Studio_Windows_64-9.3.0\Katalon_Studio_Windows_64-9.3.0\configuration\resources\lib\commons-codec-1.10.jar;C:\Users\Yogalakshmi.k\.katalon\packages\Katalon_Studio_Windows_64-9.3.0\Katalon_Studio_Windows_64-9.3.0\configuration\resources\lib\commons-collections4-4.1.jar;C:\Users\Yogalakshmi.k\.katalon\packages\Katalon_Studio_Windows_64-9.3.0\Katalon_Studio_Windows_64-9.3.0\configuration\resources\lib\commons-validator-1.6.jar;C:\Users\Yogalakshmi.k\.katalon\packages\Katalon_Studio_Windows_64-9.3.0\Katalon_Studio_Windows_64-9.3.0\configuration\resources\lib\curvesapi-1.04.jar;C:\Users\Yogalakshmi.k\.katalon\packages\Katalon_Studio_Windows_64-9.3.0\Katalon_Studio_Windows_64-9.3.0\configuration\resources\lib\dnsjava-2.1.8.jar;C:\Users\Yogalakshmi.k\.katalon\packages\Katalon_Studio_Windows_64-9.3.0\Katalon_Studio_Windows_64-9.3.0\configuration\resources\lib\groovy-ant-3.0.17.jar;C:\Users\Yogalakshmi.k\.katalon\packages\Katalon_Studio_Windows_64-9.3.0\Katalon_Studio_Windows_64-9.3.0\configuration\resources\lib\groovy-astbuilder-3.0.17.jar;C:\Users\Yogalakshmi.k\.katalon\packages\Katalon_Studio_Windows_64-9.3.0\Katalon_Studio_Windows_64-9.3.0\configuration\resources\lib\groovy-cli-picocli-3.0.17.jar;C:\Users\Yogalakshmi.k\.katalon\packages\Katalon_Studio_Windows_64-9.3.0\Katalon_Studio_Windows_64-9.3.0\configuration\resources\lib\groovy-console-3.0.17.jar;C:\Users\Yogalakshmi.k\.katalon\packages\Katalon_Studio_Windows_64-9.3.0\Katalon_Studio_Windows_64-9.3.0\configuration\resources\lib\groovy-datetime-3.0.17.jar;C:\Users\Yogalakshmi.k\.katalon\packages\Katalon_Studio_Windows_64-9.3.0\Katalon_Studio_Windows_64-9.3.0\configuration\resources\lib\groovy-dateutil-3.0.17.jar;C:\Users\Yogalakshmi.k\.katalon\packages\Katalon_Studio_Windows_64-9.3.0\Katalon_Studio_Windows_64-9.3.0\configuration\resources\lib\groovy-docgenerator-3.0.17.jar;C:\Users\Yogalakshmi.k\.katalon\packages\Katalon_Studio_Windows_64-9.3.0\Katalon_Studio_Windows_64-9.3.0\configuration\resources\lib\groovy-groovydoc-3.0.17.jar;C:\Users\Yogalakshmi.k\.katalon\packages\Katalon_Studio_Windows_64-9.3.0\Katalon_Studio_Windows_64-9.3.0\configuration\resources\lib\groovy-groovysh-3.0.17.jar;C:\Users\Yogalakshmi.k\.katalon\packages\Katalon_Studio_Windows_64-9.3.0\Katalon_Studio_Windows_64-9.3.0\configuration\resources\lib\groovy-jmx-3.0.17.jar;C:\Users\Yogalakshmi.k\.katalon\packages\Katalon_Studio_Windows_64-9.3.0\Katalon_Studio_Windows_64-9.3.0\configuration\resources\lib\groovy-json-3.0.17.jar;C:\Users\Yogalakshmi.k\.katalon\packages\Katalon_Studio_Windows_64-9.3.0\Katalon_Studio_Windows_64-9.3.0\configuration\resources\lib\groovy-jsr223-3.0.17.jar;C:\Users\Yogalakshmi.k\.katalon\packages\Katalon_Studio_Windows_64-9.3.0\Katalon_Studio_Windows_64-9.3.0\configuration\resources\lib\groovy-macro-3.0.17.jar;C:\Users\Yogalakshmi.k\.katalon\packages\Katalon_Studio_Windows_64-9.3.0\Katalon_Studio_Windows_64-9.3.0\configuration\resources\lib\groovy-nio-3.0.17.jar;C:\Users\Yogalakshmi.k\.katalon\packages\Katalon_Studio_Windows_64-9.3.0\Katalon_Studio_Windows_64-9.3.0\configuration\resources\lib\groovy-servlet-3.0.17.jar;C:\Users\Yogalakshmi.k\.katalon\packages\Katalon_Studio_Windows_64-9.3.0\Katalon_Studio_Windows_64-9.3.0\configuration\resources\lib\groovy-sql-3.0.17.jar;C:\Users\Yogalakshmi.k\.katalon\packages\Katalon_Studio_Windows_64-9.3.0\Katalon_Studio_Windows_64-9.3.0\configuration\resources\lib\groovy-swing-3.0.17.jar;C:\Users\Yogalakshmi.k\.katalon\packages\Katalon_Studio_Windows_64-9.3.0\Katalon_Studio_Windows_64-9.3.0\configuration\resources\lib\groovy-templates-3.0.17.jar;C:\Users\Yogalakshmi.k\.katalon\packages\Katalon_Studio_Windows_64-9.3.0\Katalon_Studio_Windows_64-9.3.0\configuration\resources\lib\groovy-test-3.0.17.jar;C:\Users\Yogalakshmi.k\.katalon\packages\Katalon_Studio_Windows_64-9.3.0\Katalon_Studio_Windows_64-9.3.0\configuration\resources\lib\groovy-test-junit5-3.0.17.jar;C:\Users\Yogalakshmi.k\.katalon\packages\Katalon_Studio_Windows_64-9.3.0\Katalon_Studio_Windows_64-9.3.0\configuration\resources\lib\groovy-testng-3.0.17.jar;C:\Users\Yogalakshmi.k\.katalon\packages\Katalon_Studio_Windows_64-9.3.0\Katalon_Studio_Windows_64-9.3.0\configuration\resources\lib\groovy-xml-3.0.17.jar;C:\Users\Yogalakshmi.k\.katalon\packages\Katalon_Studio_Windows_64-9.3.0\Katalon_Studio_Windows_64-9.3.0\configuration\resources\lib\java-client-7.0.0.jar;C:\Users\Yogalakshmi.k\.katalon\packages\Katalon_Studio_Windows_64-9.3.0\Katalon_Studio_Windows_64-9.3.0\configuration\resources\lib\javax.servlet-api_3.1.0.jar;C:\Users\Yogalakshmi.k\.katalon\packages\Katalon_Studio_Windows_64-9.3.0\Katalon_Studio_Windows_64-9.3.0\configuration\resources\lib\jna-5.12.1.jar;C:\Users\Yogalakshmi.k\.katalon\packages\Katalon_Studio_Windows_64-9.3.0\Katalon_Studio_Windows_64-9.3.0\configuration\resources\lib\jna-platform-5.12.1.jar;C:\Users\Yogalakshmi.k\.katalon\packages\Katalon_Studio_Windows_64-9.3.0\Katalon_Studio_Windows_64-9.3.0\configuration\resources\lib\jzlib-1.1.3.jar;C:\Users\Yogalakshmi.k\.katalon\packages\Katalon_Studio_Windows_64-9.3.0\Katalon_Studio_Windows_64-9.3.0\configuration\resources\lib\kat-server.jar;C:\Users\Yogalakshmi.k\.katalon\packages\Katalon_Studio_Windows_64-9.3.0\Katalon_Studio_Windows_64-9.3.0\configuration\resources\lib\littleproxy-1.1.0-beta-bmp-17.jar;C:\Users\Yogalakshmi.k\.katalon\packages\Katalon_Studio_Windows_64-9.3.0\Katalon_Studio_Windows_64-9.3.0\configuration\resources\lib\log4j-1.2-api-2.17.1.jar;C:\Users\Yogalakshmi.k\.katalon\packages\Katalon_Studio_Windows_64-9.3.0\Katalon_Studio_Windows_64-9.3.0\configuration\resources\lib\log4j-api-2.17.1.jar;C:\Users\Yogalakshmi.k\.katalon\packages\Katalon_Studio_Windows_64-9.3.0\Katalon_Studio_Windows_64-9.3.0\configuration\resources\lib\log4j-core-2.17.1.jar;C:\Users\Yogalakshmi.k\.katalon\packages\Katalon_Studio_Windows_64-9.3.0\Katalon_Studio_Windows_64-9.3.0\configuration\resources\lib\mitm-2.1.5.jar;C:\Users\Yogalakshmi.k\.katalon\packages\Katalon_Studio_Windows_64-9.3.0\Katalon_Studio_Windows_64-9.3.0\configuration\resources\lib\netty-all-4.1.70.Final.jar;C:\Users\Yogalakshmi.k\.katalon\packages\Katalon_Studio_Windows_64-9.3.0\Katalon_Studio_Windows_64-9.3.0\configuration\resources\lib\poi-3.17.jar;C:\Users\Yogalakshmi.k\.katalon\packages\Katalon_Studio_Windows_64-9.3.0\Katalon_Studio_Windows_64-9.3.0\configuration\resources\lib\poi-ooxml-3.17.jar;C:\Users\Yogalakshmi.k\.katalon\packages\Katalon_Studio_Windows_64-9.3.0\Katalon_Studio_Windows_64-9.3.0\configuration\resources\lib\poi-ooxml-schemas-3.17.jar;C:\Users\Yogalakshmi.k\.katalon\packages\Katalon_Studio_Windows_64-9.3.0\Katalon_Studio_Windows_64-9.3.0\configuration\resources\lib\proxy-vole-1.0.4-SNAPSHOT-jar-with-dependencies.jar;C:\Users\Yogalakshmi.k\.katalon\packages\Katalon_Studio_Windows_64-9.3.0\Katalon_Studio_Windows_64-9.3.0\configuration\resources\lib\repackaged-sikuli-api-1.0.2-standalone.jar;C:\Users\Yogalakshmi.k\.katalon\packages\Katalon_Studio_Windows_64-9.3.0\Katalon_Studio_Windows_64-9.3.0\configuration\resources\lib\selenium-leg-rc-3.141.59.jar;C:\Users\Yogalakshmi.k\.katalon\packages\Katalon_Studio_Windows_64-9.3.0\Katalon_Studio_Windows_64-9.3.0\configuration\resources\lib\selenium-server-standalone-3.141.59.jar;C:\Users\Yogalakshmi.k\.katalon\packages\Katalon_Studio_Windows_64-9.3.0\Katalon_Studio_Windows_64-9.3.0\configuration\resources\lib\selenium-shutterbug-1.1.jar;C:\Users\Yogalakshmi.k\.katalon\packages\Katalon_Studio_Windows_64-9.3.0\Katalon_Studio_Windows_64-9.3.0\configuration\resources\lib\slf4j-api-1.7.25.jar;C:\Users\Yogalakshmi.k\.katalon\packages\Katalon_Studio_Windows_64-9.3.0\Katalon_Studio_Windows_64-9.3.0\configuration\resources\lib\soap-builder-1.0.0.jar;C:\Users\Yogalakshmi.k\.katalon\packages\Katalon_Studio_Windows_64-9.3.0\Katalon_Studio_Windows_64-9.3.0\configuration\resources\lib\soap-common-1.0.0.jar;C:\Users\Yogalakshmi.k\.katalon\packages\Katalon_Studio_Windows_64-9.3.0\Katalon_Studio_Windows_64-9.3.0\configuration\resources\lib\soap-legacy-1.0.0.jar;C:\Users\Yogalakshmi.k\.katalon\packages\Katalon_Studio_Windows_64-9.3.0\Katalon_Studio_Windows_64-9.3.0\configuration\resources\lib\spring-context-5.3.19.jar;C:\Users\Yogalakshmi.k\.katalon\packages\Katalon_Studio_Windows_64-9.3.0\Katalon_Studio_Windows_64-9.3.0\configuration\resources\lib\stax2-api-4.0.0.jar;C:\Users\Yogalakshmi.k\.katalon\packages\Katalon_Studio_Windows_64-9.3.0\Katalon_Studio_Windows_64-9.3.0\configuration\resources\lib\su.jar;C:\Users\Yogalakshmi.k\.katalon\packages\Katalon_Studio_Windows_64-9.3.0\Katalon_Studio_Windows_64-9.3.0\configuration\resources\lib\testng-7.8.0.jar;C:\Users\Yogalakshmi.k\.katalon\packages\Katalon_Studio_Windows_64-9.3.0\Katalon_Studio_Windows_64-9.3.0\configuration\resources\lib\wadl.jar;C:\Users\Yogalakshmi.k\.katalon\packages\Katalon_Studio_Windows_64-9.3.0\Katalon_Studio_Windows_64-9.3.0\configuration\resources\lib\xmlbeans-3.1.0.jar;C:\Users\Yogalakshmi.k\.katalon\packages\Katalon_Studio_Windows_64-9.3.0\Katalon_Studio_Windows_64-9.3.0\plugins\net.sf.supercsv.super-csv_2.1.0.jar;C:\Users\Yogalakshmi.k\.katalon\packages\Katalon_Studio_Windows_64-9.3.0\Katalon_Studio_Windows_64-9.3.0\plugins\org.apache.commons.io_2.4.0.jar;C:\Users\Yogalakshmi.k\.katalon\packages\Katalon_Studio_Windows_64-9.3.0\Katalon_Studio_Windows_64-9.3.0\plugins\org.apache.commons.lang_2.6.0.jar;C:\Users\Yogalakshmi.k\.katalon\packages\Katalon_Studio_Windows_64-9.3.0\Katalon_Studio_Windows_64-9.3.0\plugins\com.google.gson_2.10.1.v20230109-0753.jar;C:\Users\Yogalakshmi.k\.katalon\packages\Katalon_Studio_Windows_64-9.3.0\Katalon_Studio_Windows_64-9.3.0\plugins\org.jsoup_1.14.3.jar;C:\Users\Yogalakshmi.k\.katalon\packages\Katalon_Studio_Windows_64-9.3.0\Katalon_Studio_Windows_64-9.3.0\plugins\org.apache.commons.dbutils_1.6.0.jar;C:\Users\Yogalakshmi.k\.katalon\packages\Katalon_Studio_Windows_64-9.3.0\Katalon_Studio_Windows_64-9.3.0\plugins\com.oracle.jdbc.ojdbc7_12.1.0.2.jar;C:\Users\Yogalakshmi.k\.katalon\packages\Katalon_Studio_Windows_64-9.3.0\Katalon_Studio_Windows_64-9.3.0\plugins\org.postgresql.jdbc_42.4.1.jar;c:\Users\Yogalakshmi.k\.katalon\packages\Katalon_Studio_Windows_64-9.3.0\Katalon_Studio_Windows_64-9.3.0\plugins\org.eclipse.osgi_3.18.300.v20230220-1352.jar;C:\Users\Yogalakshmi.k\.katalon\packages\Katalon_Studio_Windows_64-9.3.0\Katalon_Studio_Windows_64-9.3.0\plugins\com.kms.katalon.constant_1.0.0.202401301518.jar;C:\Users\Yogalakshmi.k\.katalon\packages\Katalon_Studio_Windows_64-9.3.0\Katalon_Studio_Windows_64-9.3.0\plugins\org.eclipse.persistence.eclipselink_2.7.11.jar;C:\Users\Yogalakshmi.k\.katalon\packages\Katalon_Studio_Windows_64-9.3.0\Katalon_Studio_Windows_64-9.3.0\plugins\com.kms.katalon.selenium-standalone_1.0.0.202401301518.jar;C:\Users\Yogalakshmi.k\.katalon\packages\Katalon_Studio_Windows_64-9.3.0\Katalon_Studio_Windows_64-9.3.0\plugins\atu.testrecorder.screen-recorder_2.1.0.jar;C:\Users\Yogalakshmi.k\.katalon\packages\Katalon_Studio_Windows_64-9.3.0\Katalon_Studio_Windows_64-9.3.0\plugins\com.google.guava_23.0.0.jar;C:\Users\Yogalakshmi.k\.katalon\packages\Katalon_Studio_Windows_64-9.3.0\Katalon_Studio_Windows_64-9.3.0\plugins\com.kms.katalon.util_1.0.0.202401301518.jar;C:\Users\Yogalakshmi.k\.katalon\packages\Katalon_Studio_Windows_64-9.3.0\Katalon_Studio_Windows_64-9.3.0\plugins\org.apache.httpcomponents.httpclient_4.5.14.v20221207-1049.jar;C:\Users\Yogalakshmi.k\.katalon\packages\Katalon_Studio_Windows_64-9.3.0\Katalon_Studio_Windows_64-9.3.0\plugins\org.apache.httpcomponents.httpcore_4.4.16.v20221207-1049.jar;C:\Users\Yogalakshmi.k\.katalon\packages\Katalon_Studio_Windows_64-9.3.0\Katalon_Studio_Windows_64-9.3.0\plugins\org.apache.httpcomponents.httpmime_4.5.1.jar;C:\Users\Yogalakshmi.k\.katalon\packages\Katalon_Studio_Windows_64-9.3.0\Katalon_Studio_Windows_64-9.3.0\plugins\org.apache.commons.lang3_3.7.0.jar;C:\Users\Yogalakshmi.k\.katalon\packages\Katalon_Studio_Windows_64-9.3.0\Katalon_Studio_Windows_64-9.3.0\plugins\org.greenrobot.eventbus_3.1.1.jar;C:\Users\Yogalakshmi.k\.katalon\packages\Katalon_Studio_Windows_64-9.3.0\Katalon_Studio_Windows_64-9.3.0\plugins\org.assertj.core_3.10.0.jar;C:\Users\Yogalakshmi.k\.katalon\packages\Katalon_Studio_Windows_64-9.3.0\Katalon_Studio_Windows_64-9.3.0\plugins\org.junit_4.13.2.v20211018-1956.jar;C:\Users\Yogalakshmi.k\.katalon\packages\Katalon_Studio_Windows_64-9.3.0\Katalon_Studio_Windows_64-9.3.0\plugins\com.fasterxml.jackson.core.jackson-databind_2.14.0.jar;C:\Users\Yogalakshmi.k\.katalon\packages\Katalon_Studio_Windows_64-9.3.0\Katalon_Studio_Windows_64-9.3.0\plugins\com.fasterxml.jackson.core.jackson-core_2.14.0.jar;C:\Users\Yogalakshmi.k\.katalon\packages\Katalon_Studio_Windows_64-9.3.0\Katalon_Studio_Windows_64-9.3.0\plugins\com.fasterxml.jackson.core.jackson-annotations_2.14.0.jar;C:\Users\Yogalakshmi.k\.katalon\packages\Katalon_Studio_Windows_64-9.3.0\Katalon_Studio_Windows_64-9.3.0\plugins\ch.qos.logback.classic_1.2.3.jar;C:\Users\Yogalakshmi.k\.katalon\packages\Katalon_Studio_Windows_64-9.3.0\Katalon_Studio_Windows_64-9.3.0\plugins\ch.qos.logback.core_1.2.3.jar;C:\Users\Yogalakshmi.k\.katalon\packages\Katalon_Studio_Windows_64-9.3.0\Katalon_Studio_Windows_64-9.3.0\plugins\slf4j.api_1.7.36.jar;C:\Users\Yogalakshmi.k\.katalon\packages\Katalon_Studio_Windows_64-9.3.0\Katalon_Studio_Windows_64-9.3.0\plugins\org.fusesource.jansi_1.17.1.jar;C:\Users\Yogalakshmi.k\.katalon\packages\Katalon_Studio_Windows_64-9.3.0\Katalon_Studio_Windows_64-9.3.0\plugins\com.kms.katalon.netlightbody_1.0.0.202401301518.jar;C:\Users\Yogalakshmi.k\.katalon\packages\Katalon_Studio_Windows_64-9.3.0\Katalon_Studio_Windows_64-9.3.0\plugins\com.kms.katalon.poi_1.0.0.202401301518.jar;C:\Users\Yogalakshmi.k\.katalon\packages\Katalon_Studio_Windows_64-9.3.0\Katalon_Studio_Windows_64-9.3.0\plugins\org.apache.commons.commons-text_1.10.0.jar;C:\Users\Yogalakshmi.k\.katalon\packages\Katalon_Studio_Windows_64-9.3.0\Katalon_Studio_Windows_64-9.3.0\plugins\com.kms.katalon.proxyvole_1.0.0.202401301518.jar;C:\Users\Yogalakshmi.k\.katalon\packages\Katalon_Studio_Windows_64-9.3.0\Katalon_Studio_Windows_64-9.3.0\plugins\com.microsoft.sqlserver.mssql-jdbc_6.2.2.jre8.jar;C:\Users\Yogalakshmi.k\.katalon\packages\Katalon_Studio_Windows_64-9.3.0\Katalon_Studio_Windows_64-9.3.0\plugins\com.github.kklisura.cdt.java-client_2.1.0.jar;C:\Users\Yogalakshmi.k\.katalon\packages\Katalon_Studio_Windows_64-9.3.0\Katalon_Studio_Windows_64-9.3.0\plugins\javax.websocket-api_1.1.0.jar;C:\Users\Yogalakshmi.k\.katalon\packages\Katalon_Studio_Windows_64-9.3.0\Katalon_Studio_Windows_64-9.3.0\plugins\org.glassfish.tyrus.container-grizzly-client_1.13.1.jar;C:\Users\Yogalakshmi.k\.katalon\packages\Katalon_Studio_Windows_64-9.3.0\Katalon_Studio_Windows_64-9.3.0\plugins\org.glassfish.grizzly.http-server_2.3.25.jar;C:\Users\Yogalakshmi.k\.katalon\packages\Katalon_Studio_Windows_64-9.3.0\Katalon_Studio_Windows_64-9.3.0\plugins\org.glassfish.grizzly.framework_2.3.25.jar;C:\Users\Yogalakshmi.k\.katalon\packages\Katalon_Studio_Windows_64-9.3.0\Katalon_Studio_Windows_64-9.3.0\plugins\org.glassfish.grizzly.http_2.3.25.jar;C:\Users\Yogalakshmi.k\.katalon\packages\Katalon_Studio_Windows_64-9.3.0\Katalon_Studio_Windows_64-9.3.0\plugins\org.glassfish.tyrus.client_1.13.1.jar;C:\Users\Yogalakshmi.k\.katalon\packages\Katalon_Studio_Windows_64-9.3.0\Katalon_Studio_Windows_64-9.3.0\plugins\org.glassfish.tyrus.core_1.13.1.jar;C:\Users\Yogalakshmi.k\.katalon\packages\Katalon_Studio_Windows_64-9.3.0\Katalon_Studio_Windows_64-9.3.0\plugins\org.glassfish.tyrus.spi_1.13.1.jar;C:\Users\Yogalakshmi.k\.katalon\packages\Katalon_Studio_Windows_64-9.3.0\Katalon_Studio_Windows_64-9.3.0\plugins\javassist_3.28.0.GA.jar;C:\Users\Yogalakshmi.k\.katalon\packages\Katalon_Studio_Windows_64-9.3.0\Katalon_Studio_Windows_64-9.3.0\plugins\com.graphql-java_16.2.0.jar;C:\Users\Yogalakshmi.k\.katalon\packages\Katalon_Studio_Windows_64-9.3.0\Katalon_Studio_Windows_64-9.3.0\plugins\org.glassfish.jaxb.runtime_2.3.6.jar;C:\Users\Yogalakshmi.k\.katalon\packages\Katalon_Studio_Windows_64-9.3.0\Katalon_Studio_Windows_64-9.3.0\plugins\org.glassfish.jaxb.txw2_2.3.6.jar;C:\Users\Yogalakshmi.k\.katalon\packages\Katalon_Studio_Windows_64-9.3.0\Katalon_Studio_Windows_64-9.3.0\plugins\org.dom4j_1.6.1.v201312101416.jar;C:\Users\Yogalakshmi.k\.katalon\packages\Katalon_Studio_Windows_64-9.3.0\Katalon_Studio_Windows_64-9.3.0\plugins\com.kms.katalon.groovy-extended_1.0.0.202401301518.jar;C:\Users\Yogalakshmi.k\.katalon\packages\Katalon_Studio_Windows_64-9.3.0\Katalon_Studio_Windows_64-9.3.0\plugins\com.sun.activation.javax.activation_1.2.0.jar;C:\Users\Yogalakshmi.k\.katalon\packages\Katalon_Studio_Windows_64-9.3.0\Katalon_Studio_Windows_64-9.3.0\plugins\jakarta.xml.bind-api_2.3.3.jar;C:\Users\Yogalakshmi.k\.katalon\packages\Katalon_Studio_Windows_64-9.3.0\Katalon_Studio_Windows_64-9.3.0\plugins\com.sun.xml.bind.jaxb-impl_2.3.6.jar;C:\Users\Yogalakshmi.k\.katalon\packages\Katalon_Studio_Windows_64-9.3.0\Katalon_Studio_Windows_64-9.3.0\plugins\org.apache.commons.logging_1.2.0.v20180409-1502.jar;C:\Users\Yogalakshmi.k\.katalon\packages\Katalon_Studio_Windows_64-9.3.0\Katalon_Studio_Windows_64-9.3.0\plugins\org.hamcrest.core_1.3.0.v20180420-1519.jar;C:\Users\Yogalakshmi.k\.katalon\packages\Katalon_Studio_Windows_64-9.3.0\Katalon_Studio_Windows_64-9.3.0\plugins\org.beanshell.bsh_2.0.0.0b4.jar;C:\Users\Yogalakshmi.k\.katalon\packages\Katalon_Studio_Windows_64-9.3.0\Katalon_Studio_Windows_64-9.3.0\plugins\org.apache.ant.launcher_1.9.6.jar;C:\Users\Yogalakshmi.k\.katalon\packages\Katalon_Studio_Windows_64-9.3.0\Katalon_Studio_Windows_64-9.3.0\plugins\com.kms.katalon.core.appium_1.0.0.202401301518.jar;C:\Users\Yogalakshmi.k\.katalon\packages\Katalon_Studio_Windows_64-9.3.0\Katalon_Studio_Windows_64-9.3.0\plugins\com.kms.katalon.logging_1.0.0.202401301518.jar;C:\Users\Yogalakshmi.k\.katalon\packages\Katalon_Studio_Windows_64-9.3.0\Katalon_Studio_Windows_64-9.3.0\plugins\org.eclipse.equinox.common_3.17.100.v20230202-1341.jar;C:\Users\Yogalakshmi.k\.katalon\packages\Katalon_Studio_Windows_64-9.3.0\Katalon_Studio_Windows_64-9.3.0\plugins\com.kms.katalon.core.webui_1.0.0.202401301518.jar;C:\Users\Yogalakshmi.k\.katalon\packages\Katalon_Studio_Windows_64-9.3.0\Katalon_Studio_Windows_64-9.3.0\plugins\org.json_20140107.0.0.jar;C:\Users\Yogalakshmi.k\.katalon\packages\Katalon_Studio_Windows_64-9.3.0\Katalon_Studio_Windows_64-9.3.0\plugins\org.eclipse.e4.core.contexts_1.11.0.v20220716-0839.jar;C:\Users\Yogalakshmi.k\.katalon\packages\Katalon_Studio_Windows_64-9.3.0\Katalon_Studio_Windows_64-9.3.0\plugins\org.eclipse.e4.core.services_2.3.400.v20220915-1347.jar;C:\Users\Yogalakshmi.k\.katalon\packages\Katalon_Studio_Windows_64-9.3.0\Katalon_Studio_Windows_64-9.3.0\plugins\com.kms.katalon.core.mobile_1.0.0.202401301518.jar;C:\Users\Yogalakshmi.k\.katalon\packages\Katalon_Studio_Windows_64-9.3.0\Katalon_Studio_Windows_64-9.3.0\plugins\org.apache.commons.commons-validator_1.7.0.jar;C:\Users\Yogalakshmi.k\.katalon\packages\Katalon_Studio_Windows_64-9.3.0\Katalon_Studio_Windows_64-9.3.0\plugins\com.kms.katalon.core.cucumber_1.0.0.202401301518.jar;C:\Users\Yogalakshmi.k\.katalon\packages\Katalon_Studio_Windows_64-9.3.0\Katalon_Studio_Windows_64-9.3.0\plugins\io.cucumber.core_3.0.2.jar;C:\Users\Yogalakshmi.k\.katalon\packages\Katalon_Studio_Windows_64-9.3.0\Katalon_Studio_Windows_64-9.3.0\plugins\io.cucumber.datatable_1.0.3.jar;C:\Users\Yogalakshmi.k\.katalon\packages\Katalon_Studio_Windows_64-9.3.0\Katalon_Studio_Windows_64-9.3.0\plugins\io.cucumber.datatable-dependencies_1.0.3.jar;C:\Users\Yogalakshmi.k\.katalon\packages\Katalon_Studio_Windows_64-9.3.0\Katalon_Studio_Windows_64-9.3.0\plugins\io.cucumber.expressions_5.0.19.jar;C:\Users\Yogalakshmi.k\.katalon\packages\Katalon_Studio_Windows_64-9.3.0\Katalon_Studio_Windows_64-9.3.0\plugins\io.cucumber.gherkin_5.0.0.jar;C:\Users\Yogalakshmi.k\.katalon\packages\Katalon_Studio_Windows_64-9.3.0\Katalon_Studio_Windows_64-9.3.0\plugins\io.cucumber.html_0.2.7.jar;C:\Users\Yogalakshmi.k\.katalon\packages\Katalon_Studio_Windows_64-9.3.0\Katalon_Studio_Windows_64-9.3.0\plugins\io.cucumber.java_3.0.2.jar;C:\Users\Yogalakshmi.k\.katalon\packages\Katalon_Studio_Windows_64-9.3.0\Katalon_Studio_Windows_64-9.3.0\plugins\io.cucumber.tag-expressions_1.1.1.jar;C:\Users\Yogalakshmi.k\.katalon\packages\Katalon_Studio_Windows_64-9.3.0\Katalon_Studio_Windows_64-9.3.0\plugins\io.cucumber.junit_3.0.2.jar;C:\Users\Yogalakshmi.k\.katalon\packages\Katalon_Studio_Windows_64-9.3.0\Katalon_Studio_Windows_64-9.3.0\plugins\com.kms.katalon.core.webservice_1.0.0.202401301518.jar;C:\Users\Yogalakshmi.k\.katalon\packages\Katalon_Studio_Windows_64-9.3.0\Katalon_Studio_Windows_64-9.3.0\plugins\wsdl4j_1.6.2.jar;C:\Users\Yogalakshmi.k\.katalon\packages\Katalon_Studio_Windows_64-9.3.0\Katalon_Studio_Windows_64-9.3.0\plugins\com.google.oauth-client.google-oauth-client_1.22.0.jar;C:\Users\Yogalakshmi.k\.katalon\packages\Katalon_Studio_Windows_64-9.3.0\Katalon_Studio_Windows_64-9.3.0\plugins\com.google.http-client.google-http-client_1.22.0.jar;C:\Users\Yogalakshmi.k\.katalon\packages\Katalon_Studio_Windows_64-9.3.0\Katalon_Studio_Windows_64-9.3.0\plugins\ca.juliusdavies.not-yet-commons-ssl_0.3.11.jar;C:\Users\Yogalakshmi.k\.katalon\packages\Katalon_Studio_Windows_64-9.3.0\Katalon_Studio_Windows_64-9.3.0\plugins\com.kms.katalon.preferences_1.0.0.202401301518.jar;C:\Users\Yogalakshmi.k\.katalon\packages\Katalon_Studio_Windows_64-9.3.0\Katalon_Studio_Windows_64-9.3.0\plugins\org.apache.xmlbeans_3.1.0.jar;C:\Users\Yogalakshmi.k\.katalon\packages\Katalon_Studio_Windows_64-9.3.0\Katalon_Studio_Windows_64-9.3.0\plugins\com.kms.katalon.entity_1.0.0.202401301518.jar;C:\Users\Yogalakshmi.k\.katalon\packages\Katalon_Studio_Windows_64-9.3.0\Katalon_Studio_Windows_64-9.3.0\plugins\org.antlr.antlr4-runtime_4.8.0.jar;C:\Users\Yogalakshmi.k\.katalon\packages\Katalon_Studio_Windows_64-9.3.0\Katalon_Studio_Windows_64-9.3.0\plugins\com.networknt.json-schema-validator_1.0.66.jar;C:\Users\Yogalakshmi.k\.katalon\packages\Katalon_Studio_Windows_64-9.3.0\Katalon_Studio_Windows_64-9.3.0\plugins\jakarta.xml.ws-api_2.3.3.jar;C:\Users\Yogalakshmi.k\.katalon\packages\Katalon_Studio_Windows_64-9.3.0\Katalon_Studio_Windows_64-9.3.0\plugins\javax.xml.soap-api_1.4.0.jar;C:\Users\Yogalakshmi.k\.katalon\packages\Katalon_Studio_Windows_64-9.3.0\Katalon_Studio_Windows_64-9.3.0\plugins\com.kms.katalon.core.windows_1.0.0.202401301518.jar;C:\Users\Yogalakshmi.k\.katalon\packages\Katalon_Studio_Windows_64-9.3.0\Katalon_Studio_Windows_64-9.3.0\plugins\com.kms.katalon.core.testng_1.0.0.202401301518.jar;C:\Users\Yogalakshmi.k\.katalon\packages\Katalon_Studio_Windows_64-9.3.0\Katalon_Studio_Windows_64-9.3.0\configuration\org.eclipse.osgi\27\0\.cp\resources\basic-report\katalon-studio-report-plugin.jar;C:\Users\Yogalakshmi.k\.katalon\packages\Katalon_Studio_Windows_64-9.3.0\Katalon_Studio_Windows_64-9.3.0\plugins\org.codehaus.groovy_3.0.17.v202303311542-e2303\lib\groovy-3.0.17-indy.jar;C:\Users\Yogalakshmi.k\.katalon\packages\Katalon_Studio_Windows_64-9.3.0\Katalon_Studio_Windows_64-9.3.0\plugins\org.codehaus.groovy_3.0.17.v202303311542-e2303\lib\ivy-2.5.1.jar --main groovy.ui.GroovyMain --encoding UTF-8 --indy C:\Users\Yogalakshmi.k\Katalon Studio\USEcologyA\Libs\TempTestCase1709264204559.groovy

Host: Intel(R) Core(TM) i5-10210U CPU @ 1.60GHz, 8 cores, 7G,  Windows 10 , 64 bit Build 19041 (10.0.19041.3636)
Time: Fri Mar  1 09:09:01 2024 India Standard Time elapsed time: 128.072428 seconds (0d 0h 2m 8s)

---------------  T H R E A D  ---------------

Current thread (0x000001e8a50b04a0):  JavaThread "C2 CompilerThread0" daemon [_thread_in_native, id=27956, stack(0x00000068cf700000,0x00000068cf800000)]


Current CompileTask:
C2: 128072 5082       4       groovy.lang.MetaClassImpl$1MOPIter::methodNameAction (325 bytes)

Stack: [0x00000068cf700000,0x00000068cf800000]
Native frames: (J=compiled Java code, j=interpreted, Vv=VM code, C=native code)
V  [jvm.dll+0x67754a]
V  [jvm.dll+0x834304]
V  [jvm.dll+0x835aae]
V  [jvm.dll+0x836113]
V  [jvm.dll+0x24696f]
V  [jvm.dll+0xac0ac]
V  [jvm.dll+0xac67c]
V  [jvm.dll+0x364e37]
V  [jvm.dll+0x32f6b1]
V  [jvm.dll+0x32eb5a]
V  [jvm.dll+0x219641]
V  [jvm.dll+0x218a61]
V  [jvm.dll+0x1a4d8d]
V  [jvm.dll+0x2284da]
V  [jvm.dll+0x226615]
V  [jvm.dll+0x7ea90b]
V  [jvm.dll+0x7e4e7a]
V  [jvm.dll+0x676395]
C  [ucrtbase.dll+0x21bb2]
C  [KERNEL32.DLL+0x17344]
C  [ntdll.dll+0x526b1]


---------------  P R O C E S S  ---------------

Threads class SMR info:
_java_thread_list=0x000001e8a7a7da40, length=22, elements={
0x000001e886d68860, 0x000001e8a5065620, 0x000001e8a5067210, 0x000001e8a50a9290,
0x000001e8a50a9b50, 0x000001e8a50aaf80, 0x000001e8a50ac3b0, 0x000001e8a50b04a0,
0x000001e8a50b1910, 0x000001e8a512a4a0, 0x000001e8a530d570, 0x000001e8a5b44f30,
0x000001e8a6c58450, 0x000001e8a6c57ab0, 0x000001e8a6c575e0, 0x000001e8a6c58df0,
0x000001e8a6c592c0, 0x000001e8a6c56c40, 0x000001e8a6c57110, 0x000001e8a79f5470,
0x000001e8a79f6c80, 0x000001e8a79fbe50
}

Java Threads: ( => current thread )
  0x000001e886d68860 JavaThread "Forwarding screenshot on session 67d72364e4d38ffd6af000a4d3e2e943 to remote" [_thread_in_native, id=4140, stack(0x00000068cea00000,0x00000068ceb00000)]
  0x000001e8a5065620 JavaThread "Reference Handler" daemon [_thread_blocked, id=30724, stack(0x00000068cf100000,0x00000068cf200000)]
  0x000001e8a5067210 JavaThread "Finalizer" daemon [_thread_blocked, id=24460, stack(0x00000068cf200000,0x00000068cf300000)]
  0x000001e8a50a9290 JavaThread "Signal Dispatcher" daemon [_thread_blocked, id=18424, stack(0x00000068cf300000,0x00000068cf400000)]
  0x000001e8a50a9b50 JavaThread "Attach Listener" daemon [_thread_blocked, id=19580, stack(0x00000068cf400000,0x00000068cf500000)]
  0x000001e8a50aaf80 JavaThread "Service Thread" daemon [_thread_blocked, id=31300, stack(0x00000068cf500000,0x00000068cf600000)]
  0x000001e8a50ac3b0 JavaThread "Monitor Deflation Thread" daemon [_thread_blocked, id=3160, stack(0x00000068cf600000,0x00000068cf700000)]
=>0x000001e8a50b04a0 JavaThread "C2 CompilerThread0" daemon [_thread_in_native, id=27956, stack(0x00000068cf700000,0x00000068cf800000)]
  0x000001e8a50b1910 JavaThread "C1 CompilerThread0" daemon [_thread_blocked, id=23972, stack(0x00000068cf800000,0x00000068cf900000)]
  0x000001e8a512a4a0 JavaThread "Sweeper thread" daemon [_thread_blocked, id=22228, stack(0x00000068cf900000,0x00000068cfa00000)]
  0x000001e8a530d570 JavaThread "Common-Cleaner" daemon [_thread_blocked, id=31112, stack(0x00000068cfa00000,0x00000068cfb00000)]
  0x000001e8a5b44f30 JavaThread "Notification Thread" daemon [_thread_blocked, id=23304, stack(0x00000068cfb00000,0x00000068cfc00000)]
  0x000001e8a6c58450 JavaThread "Exec Default Executor" daemon [_thread_in_native, id=28948, stack(0x00000068d0500000,0x00000068d0600000)]
  0x000001e8a6c57ab0 JavaThread "Exec Stream Pumper" daemon [_thread_in_native, id=30064, stack(0x00000068ce700000,0x00000068ce800000)]
  0x000001e8a6c575e0 JavaThread "Exec Stream Pumper" daemon [_thread_in_native, id=23696, stack(0x00000068ce800000,0x00000068ce900000)]
  0x000001e8a6c58df0 JavaThread "ForkJoinPool.commonPool-worker-1" daemon [_thread_blocked, id=31420, stack(0x00000068d0800000,0x00000068d0900000)]
  0x000001e8a6c592c0 JavaThread "ForkJoinPool.commonPool-worker-2" daemon [_thread_blocked, id=26848, stack(0x00000068d0900000,0x00000068d0a00000)]
  0x000001e8a6c56c40 JavaThread "ForkJoinPool.commonPool-worker-3" daemon [_thread_blocked, id=22192, stack(0x00000068d0a00000,0x00000068d0b00000)]
  0x000001e8a6c57110 JavaThread "ForkJoinPool.commonPool-worker-4" daemon [_thread_blocked, id=30684, stack(0x00000068d0b00000,0x00000068d0c00000)]
  0x000001e8a79f5470 JavaThread "ForkJoinPool.commonPool-worker-5" daemon [_thread_blocked, id=10324, stack(0x00000068d0c00000,0x00000068d0d00000)]
  0x000001e8a79f6c80 JavaThread "OkHttp ConnectionPool" daemon [_thread_blocked, id=32428, stack(0x00000068d0e00000,0x00000068d0f00000)]
  0x000001e8a79fbe50 JavaThread "Okio Watchdog" daemon [_thread_blocked, id=32792, stack(0x00000068d0f00000,0x00000068d1000000)]

Other Threads:
  0x000001e8a500b3d0 VMThread "VM Thread" [stack: 0x00000068cf000000,0x00000068cf100000] [id=21580]
  0x000001e886d69810 WatcherThread [stack: 0x00000068cfc00000,0x00000068cfd00000] [id=24568]
  0x000001e89e300920 GCTaskThread "GC Thread#0" [stack: 0x00000068ceb00000,0x00000068cec00000] [id=19892]
  0x000001e8a5a8a450 GCTaskThread "GC Thread#1" [stack: 0x00000068cfd00000,0x00000068cfe00000] [id=11780]
  0x000001e8a5a8a700 GCTaskThread "GC Thread#2" [stack: 0x00000068cfe00000,0x00000068cff00000] [id=25652]
  0x000001e8a7378c20 GCTaskThread "GC Thread#3" [stack: 0x00000068d0000000,0x00000068d0100000] [id=18016]
  0x000001e8a7378ed0 GCTaskThread "GC Thread#4" [stack: 0x00000068d0100000,0x00000068d0200000] [id=11504]
  0x000001e8a715e930 GCTaskThread "GC Thread#5" [stack: 0x00000068d0200000,0x00000068d0300000] [id=19272]
  0x000001e8a6519460 GCTaskThread "GC Thread#6" [stack: 0x00000068cff00000,0x00000068d0000000] [id=14428]
  0x000001e8a6b05560 GCTaskThread "GC Thread#7" [stack: 0x00000068d0300000,0x00000068d0400000] [id=2924]
  0x000001e886dacf80 ConcurrentGCThread "G1 Main Marker" [stack: 0x00000068cec00000,0x00000068ced00000] [id=11552]
  0x000001e886dad8a0 ConcurrentGCThread "G1 Conc#0" [stack: 0x00000068ced00000,0x00000068cee00000] [id=24108]
  0x000001e8a6c73c00 ConcurrentGCThread "G1 Conc#1" [stack: 0x00000068d0400000,0x00000068d0500000] [id=26152]
  0x000001e89e393c20 ConcurrentGCThread "G1 Refine#0" [stack: 0x00000068cee00000,0x00000068cef00000] [id=12888]
  0x000001e89e395200 ConcurrentGCThread "G1 Service" [stack: 0x00000068cef00000,0x00000068cf000000] [id=29916]

Threads with active compile tasks:
C2 CompilerThread0   128249 5082       4       groovy.lang.MetaClassImpl$1MOPIter::methodNameAction (325 bytes)

VM state: not at safepoint (normal execution)

VM Mutex/Monitor currently owned by a thread: None

Heap address: 0x0000000080000000, size: 2048 MB, Compressed Oops mode: 32-bit

CDS archive(s) not mapped
Compressed class space mapped at: 0x0000000100000000-0x0000000140000000, reserved size: 1073741824
Narrow klass base: 0x0000000000000000, Narrow klass shift: 3, Narrow klass range: 0x140000000

GC Precious Log:
 CPUs: 8 total, 8 available
 Memory: 7998M
 Large Page Support: Disabled
 NUMA Support: Disabled
 Compressed Oops: Enabled (32-bit)
 Heap Region Size: 1M
 Heap Min Capacity: 8M
 Heap Initial Capacity: 126M
 Heap Max Capacity: 2G
 Pre-touch: Disabled
 Parallel Workers: 8
 Concurrent Workers: 2
 Concurrent Refinement Workers: 8
 Periodic GC: Disabled

Heap:
 garbage-first heap   total 78848K, used 42230K [0x0000000080000000, 0x0000000100000000)
  region size 1024K, 9 young (9216K), 2 survivors (2048K)
 Metaspace       used 43821K, committed 44352K, reserved 1114112K
  class space    used 4884K, committed 5120K, reserved 1048576K

Heap Regions: E=young(eden), S=young(survivor), O=old, HS=humongous(starts), HC=humongous(continues), CS=collection set, F=free, OA=open archive, CA=closed archive, TAMS=top-at-mark-start (previous, next)
|   0|0x0000000080000000, 0x0000000080100000, 0x0000000080100000|100%|HS|  |TAMS 0x0000000080100000, 0x0000000080000000| Complete 
|   1|0x0000000080100000, 0x0000000080200000, 0x0000000080200000|100%|HS|  |TAMS 0x0000000080200000, 0x0000000080100000| Complete 
|   2|0x0000000080200000, 0x0000000080300000, 0x0000000080300000|100%|HS|  |TAMS 0x0000000080300000, 0x0000000080200000| Complete 
|   3|0x0000000080300000, 0x0000000080400000, 0x0000000080400000|100%|HC|  |TAMS 0x0000000080400000, 0x0000000080300000| Complete 
|   4|0x0000000080400000, 0x0000000080500000, 0x0000000080500000|100%| O|  |TAMS 0x0000000080500000, 0x0000000080400000| Untracked 
|   5|0x0000000080500000, 0x0000000080600000, 0x0000000080600000|100%| O|  |TAMS 0x0000000080600000, 0x0000000080500000| Untracked 
|   6|0x0000000080600000, 0x0000000080700000, 0x0000000080700000|100%| O|  |TAMS 0x0000000080700000, 0x0000000080600000| Untracked 
|   7|0x0000000080700000, 0x0000000080800000, 0x0000000080800000|100%| O|  |TAMS 0x0000000080800000, 0x0000000080700000| Untracked 
|   8|0x0000000080800000, 0x0000000080900000, 0x0000000080900000|100%| O|  |TAMS 0x0000000080900000, 0x0000000080800000| Untracked 
|   9|0x0000000080900000, 0x0000000080a00000, 0x0000000080a00000|100%| O|  |TAMS 0x0000000080a00000, 0x0000000080900000| Untracked 
|  10|0x0000000080a00000, 0x0000000080b00000, 0x0000000080b00000|100%| O|  |TAMS 0x0000000080b00000, 0x0000000080a00000| Untracked 
|  11|0x0000000080b00000, 0x0000000080c00000, 0x0000000080c00000|100%| O|  |TAMS 0x0000000080c00000, 0x0000000080b00000| Untracked 
|  12|0x0000000080c00000, 0x0000000080d00000, 0x0000000080d00000|100%| O|  |TAMS 0x0000000080d00000, 0x0000000080c00000| Untracked 
|  13|0x0000000080d00000, 0x0000000080e00000, 0x0000000080e00000|100%| O|  |TAMS 0x0000000080e00000, 0x0000000080d00000| Untracked 
|  14|0x0000000080e00000, 0x0000000080f00000, 0x0000000080f00000|100%| O|  |TAMS 0x0000000080f00000, 0x0000000080e00000| Untracked 
|  15|0x0000000080f00000, 0x0000000081000000, 0x0000000081000000|100%| O|  |TAMS 0x0000000081000000, 0x0000000080f00000| Untracked 
|  16|0x0000000081000000, 0x0000000081100000, 0x0000000081100000|100%| O|  |TAMS 0x0000000081100000, 0x0000000081000000| Untracked 
|  17|0x0000000081100000, 0x0000000081200000, 0x0000000081200000|100%| O|  |TAMS 0x0000000081200000, 0x0000000081100000| Untracked 
|  18|0x0000000081200000, 0x000000008126e400, 0x0000000081300000| 43%| O|  |TAMS 0x000000008126e400, 0x0000000081200000| Untracked 
|  19|0x0000000081300000, 0x0000000081400000, 0x0000000081400000|100%| O|  |TAMS 0x0000000081400000, 0x0000000081300000| Untracked 
|  20|0x0000000081400000, 0x0000000081500000, 0x0000000081500000|100%| O|  |TAMS 0x0000000081500000, 0x0000000081400000| Untracked 
|  21|0x0000000081500000, 0x0000000081600000, 0x0000000081600000|100%| O|  |TAMS 0x0000000081600000, 0x0000000081500000| Untracked 
|  22|0x0000000081600000, 0x0000000081700000, 0x0000000081700000|100%| O|  |TAMS 0x0000000081600000, 0x0000000081600000| Untracked 
|  23|0x0000000081700000, 0x0000000081800000, 0x0000000081800000|100%| O|  |TAMS 0x0000000081700000, 0x0000000081700000| Untracked 
|  24|0x0000000081800000, 0x0000000081900000, 0x0000000081900000|100%| O|  |TAMS 0x0000000081800000, 0x0000000081800000| Untracked 
|  25|0x0000000081900000, 0x0000000081a00000, 0x0000000081a00000|100%| O|  |TAMS 0x0000000081a00000, 0x0000000081900000| Untracked 
|  26|0x0000000081a00000, 0x0000000081b00000, 0x0000000081b00000|100%| O|  |TAMS 0x0000000081b00000, 0x0000000081a00000| Untracked 
|  27|0x0000000081b00000, 0x0000000081c00000, 0x0000000081c00000|100%| O|  |TAMS 0x0000000081c00000, 0x0000000081b00000| Untracked 
|  28|0x0000000081c00000, 0x0000000081d00000, 0x0000000081d00000|100%| O|  |TAMS 0x0000000081d00000, 0x0000000081c00000| Untracked 
|  29|0x0000000081d00000, 0x0000000081e00000, 0x0000000081e00000|100%| O|  |TAMS 0x0000000081dff800, 0x0000000081d00000| Untracked 
|  30|0x0000000081e00000, 0x0000000081f00000, 0x0000000081f00000|100%| O|  |TAMS 0x0000000081e00000, 0x0000000081e00000| Untracked 
|  31|0x0000000081f00000, 0x0000000082000000, 0x0000000082000000|100%| O|  |TAMS 0x0000000081f00000, 0x0000000081f00000| Untracked 
|  32|0x0000000082000000, 0x0000000082100000, 0x0000000082100000|100%| O|  |TAMS 0x0000000082000000, 0x0000000082000000| Untracked 
|  33|0x0000000082100000, 0x0000000082200000, 0x0000000082200000|100%| O|  |TAMS 0x0000000082100000, 0x0000000082100000| Untracked 
|  34|0x0000000082200000, 0x0000000082200000, 0x0000000082300000|  0%| F|  |TAMS 0x0000000082200000, 0x0000000082200000| Untracked 
|  35|0x0000000082300000, 0x0000000082300000, 0x0000000082400000|  0%| F|  |TAMS 0x0000000082300000, 0x0000000082300000| Untracked 
|  36|0x0000000082400000, 0x0000000082400000, 0x0000000082500000|  0%| F|  |TAMS 0x0000000082400000, 0x0000000082400000| Untracked 
|  37|0x0000000082500000, 0x0000000082500000, 0x0000000082600000|  0%| F|  |TAMS 0x0000000082500000, 0x0000000082500000| Untracked 
|  38|0x0000000082600000, 0x0000000082600000, 0x0000000082700000|  0%| F|  |TAMS 0x0000000082600000, 0x0000000082600000| Untracked 
|  39|0x0000000082700000, 0x0000000082700000, 0x0000000082800000|  0%| F|  |TAMS 0x0000000082700000, 0x0000000082700000| Untracked 
|  40|0x0000000082800000, 0x0000000082800000, 0x0000000082900000|  0%| F|  |TAMS 0x0000000082800000, 0x0000000082800000| Untracked 
|  41|0x0000000082900000, 0x0000000082900000, 0x0000000082a00000|  0%| F|  |TAMS 0x0000000082900000, 0x0000000082900000| Untracked 
|  42|0x0000000082a00000, 0x0000000082a00000, 0x0000000082b00000|  0%| F|  |TAMS 0x0000000082a00000, 0x0000000082a00000| Untracked 
|  43|0x0000000082b00000, 0x0000000082b00000, 0x0000000082c00000|  0%| F|  |TAMS 0x0000000082b00000, 0x0000000082b00000| Untracked 
|  44|0x0000000082c00000, 0x0000000082c00000, 0x0000000082d00000|  0%| F|  |TAMS 0x0000000082c00000, 0x0000000082c00000| Untracked 
|  45|0x0000000082d00000, 0x0000000082d00000, 0x0000000082e00000|  0%| F|  |TAMS 0x0000000082d00000, 0x0000000082d00000| Untracked 
|  46|0x0000000082e00000, 0x0000000082e00000, 0x0000000082f00000|  0%| F|  |TAMS 0x0000000082e00000, 0x0000000082e00000| Untracked 
|  47|0x0000000082f00000, 0x0000000082f00000, 0x0000000083000000|  0%| F|  |TAMS 0x0000000082f00000, 0x0000000082f00000| Untracked 
|  48|0x0000000083000000, 0x00000000830cf640, 0x0000000083100000| 81%| S|CS|TAMS 0x0000000083000000, 0x0000000083000000| Complete 
|  49|0x0000000083100000, 0x0000000083200000, 0x0000000083200000|100%| S|CS|TAMS 0x0000000083100000, 0x0000000083100000| Complete 
|  50|0x0000000083200000, 0x0000000083200000, 0x0000000083300000|  0%| F|  |TAMS 0x0000000083200000, 0x0000000083200000| Untracked 
|  51|0x0000000083300000, 0x0000000083300000, 0x0000000083400000|  0%| F|  |TAMS 0x0000000083300000, 0x0000000083300000| Untracked 
|  52|0x0000000083400000, 0x0000000083400000, 0x0000000083500000|  0%| F|  |TAMS 0x0000000083400000, 0x0000000083400000| Untracked 
|  53|0x0000000083500000, 0x0000000083500000, 0x0000000083600000|  0%| F|  |TAMS 0x0000000083500000, 0x0000000083500000| Untracked 
|  54|0x0000000083600000, 0x0000000083600000, 0x0000000083700000|  0%| F|  |TAMS 0x0000000083600000, 0x0000000083600000| Untracked 
|  55|0x0000000083700000, 0x0000000083700000, 0x0000000083800000|  0%| F|  |TAMS 0x0000000083700000, 0x0000000083700000| Untracked 
|  56|0x0000000083800000, 0x0000000083800000, 0x0000000083900000|  0%| F|  |TAMS 0x0000000083800000, 0x0000000083800000| Untracked 
|  57|0x0000000083900000, 0x0000000083900000, 0x0000000083a00000|  0%| F|  |TAMS 0x0000000083900000, 0x0000000083900000| Untracked 
|  58|0x0000000083a00000, 0x0000000083a00000, 0x0000000083b00000|  0%| F|  |TAMS 0x0000000083a00000, 0x0000000083a00000| Untracked 
|  59|0x0000000083b00000, 0x0000000083b00000, 0x0000000083c00000|  0%| F|  |TAMS 0x0000000083b00000, 0x0000000083b00000| Untracked 
|  60|0x0000000083c00000, 0x0000000083c00000, 0x0000000083d00000|  0%| F|  |TAMS 0x0000000083c00000, 0x0000000083c00000| Untracked 
|  61|0x0000000083d00000, 0x0000000083d00000, 0x0000000083e00000|  0%| F|  |TAMS 0x0000000083d00000, 0x0000000083d00000| Untracked 
|  62|0x0000000083e00000, 0x0000000083e00000, 0x0000000083f00000|  0%| F|  |TAMS 0x0000000083e00000, 0x0000000083e00000| Untracked 
|  63|0x0000000083f00000, 0x0000000083f00000, 0x0000000084000000|  0%| F|  |TAMS 0x0000000083f00000, 0x0000000083f00000| Untracked 
|  64|0x0000000084000000, 0x0000000084000000, 0x0000000084100000|  0%| F|  |TAMS 0x0000000084000000, 0x0000000084000000| Untracked 
|  65|0x0000000084100000, 0x0000000084100000, 0x0000000084200000|  0%| F|  |TAMS 0x0000000084100000, 0x0000000084100000| Untracked 
|  66|0x0000000084200000, 0x0000000084200000, 0x0000000084300000|  0%| F|  |TAMS 0x0000000084200000, 0x0000000084200000| Untracked 
|  67|0x0000000084300000, 0x0000000084300000, 0x0000000084400000|  0%| F|  |TAMS 0x0000000084300000, 0x0000000084300000| Untracked 
|  68|0x0000000084400000, 0x0000000084400000, 0x0000000084500000|  0%| F|  |TAMS 0x0000000084400000, 0x0000000084400000| Untracked 
|  69|0x0000000084500000, 0x0000000084500000, 0x0000000084600000|  0%| F|  |TAMS 0x0000000084500000, 0x0000000084500000| Untracked 
|  70|0x0000000084600000, 0x00000000846806a8, 0x0000000084700000| 50%| E|  |TAMS 0x0000000084600000, 0x0000000084600000| Complete 
|  94|0x0000000085e00000, 0x0000000085f00000, 0x0000000085f00000|100%| E|CS|TAMS 0x0000000085e00000, 0x0000000085e00000| Complete 
|  95|0x0000000085f00000, 0x0000000086000000, 0x0000000086000000|100%| E|CS|TAMS 0x0000000085f00000, 0x0000000085f00000| Complete 
|  96|0x0000000086000000, 0x0000000086100000, 0x0000000086100000|100%| E|CS|TAMS 0x0000000086000000, 0x0000000086000000| Complete 
|  97|0x0000000086100000, 0x0000000086200000, 0x0000000086200000|100%| E|CS|TAMS 0x0000000086100000, 0x0000000086100000| Complete 
|  98|0x0000000086200000, 0x0000000086300000, 0x0000000086300000|100%| E|CS|TAMS 0x0000000086200000, 0x0000000086200000| Complete 
| 125|0x0000000087d00000, 0x0000000087e00000, 0x0000000087e00000|100%| E|CS|TAMS 0x0000000087d00000, 0x0000000087d00000| Complete 

Card table byte_map: [0x000001e899ae0000,0x000001e899ee0000] _byte_map_base: 0x000001e8996e0000

Marking Bits (Prev, Next): (CMBitMap*) 0x000001e89e300e40, (CMBitMap*) 0x000001e89e300e80
 Prev Bits: [0x000001e89a2e0000, 0x000001e89c2e0000)
 Next Bits: [0x000001e89c2e0000, 0x000001e89e2e0000)

Polling page: 0x000001e885e40000

Metaspace:

Usage:
  Non-class:     38.02 MB used.
      Class:      4.77 MB used.
       Both:     42.79 MB used.

Virtual space:
  Non-class space:       64.00 MB reserved,      38.31 MB ( 60%) committed,  1 nodes.
      Class space:        1.00 GB reserved,       5.00 MB ( <1%) committed,  1 nodes.
             Both:        1.06 GB reserved,      43.31 MB (  4%) committed. 

Chunk freelists:
   Non-Class:  8.91 MB
       Class:  10.84 MB
        Both:  19.75 MB

MaxMetaspaceSize: unlimited
CompressedClassSpaceSize: 1.00 GB
Initial GC threshold: 21.00 MB
Current GC threshold: 58.69 MB
CDS: off
MetaspaceReclaimPolicy: balanced
 - commit_granule_bytes: 65536.
 - commit_granule_words: 8192.
 - virtual_space_node_default_size: 8388608.
 - enlarge_chunks_in_place: 1.
 - new_chunks_are_fully_committed: 0.
 - uncommit_free_chunks: 1.
 - use_allocation_guard: 0.
 - handle_deallocations: 1.


Internal statistics:

num_allocs_failed_limit: 6.
num_arena_births: 634.
num_arena_deaths: 0.
num_vsnodes_births: 2.
num_vsnodes_deaths: 0.
num_space_committed: 693.
num_space_uncommitted: 0.
num_chunks_returned_to_freelist: 6.
num_chunks_taken_from_freelist: 1707.
num_chunk_merges: 6.
num_chunk_splits: 1154.
num_chunks_enlarged: 789.
num_inconsistent_stats: 0.

CodeHeap 'non-profiled nmethods': size=120000Kb used=2477Kb max_used=2822Kb free=117522Kb
 bounds [0x000001e891e70000, 0x000001e892140000, 0x000001e8993a0000]
CodeHeap 'profiled nmethods': size=120000Kb used=7978Kb max_used=8795Kb free=112021Kb
 bounds [0x000001e88a3a0000, 0x000001e88ac40000, 0x000001e8918d0000]
CodeHeap 'non-nmethods': size=5760Kb used=2310Kb max_used=2382Kb free=3449Kb
 bounds [0x000001e8918d0000, 0x000001e891b40000, 0x000001e891e70000]
 total_blobs=5108 nmethods=4282 adapters=738
 compilation: enabled
              stopped_count=0, restarted_count=0
 full_count=0

Compilation events (20 events):
Event: 127.612 Thread 0x000001e8a50b1910 nmethod 5076 0x000001e88a7e8b10 code [0x000001e88a7e8cc0, 0x000001e88a7e8e68]
Event: 127.615 Thread 0x000001e8a50b04a0 5077       4       jdk.internal.org.objectweb.asm.Frame::merge (317 bytes)
Event: 127.619 Thread 0x000001e8a50b1910 5078       3       jdk.internal.org.objectweb.asm.AnnotationWriter::putAnnotations (110 bytes)
Event: 127.620 Thread 0x000001e8a50b1910 nmethod 5078 0x000001e88a631990 code [0x000001e88a631b80, 0x000001e88a631f88]
Event: 127.634 Thread 0x000001e8a50b04a0 nmethod 5077 0x000001e891f12f10 code [0x000001e891f130e0, 0x000001e891f13628]
Event: 127.677 Thread 0x000001e8a50b04a0 5079       4       java.util.regex.Pattern$BnM::optimize (179 bytes)
Event: 127.680 Thread 0x000001e8a50b1910 5080       3       java.util.regex.Pattern$BnM::<init> (26 bytes)
Event: 127.681 Thread 0x000001e8a50b1910 nmethod 5080 0x000001e88a631310 code [0x000001e88a6314c0, 0x000001e88a631858]
Event: 127.718 Thread 0x000001e8a50b04a0 nmethod 5079 0x000001e891f12090 code [0x000001e891f12240, 0x000001e891f12b58]
Event: 127.718 Thread 0x000001e8a50b04a0 5082       4       groovy.lang.MetaClassImpl$1MOPIter::methodNameAction (325 bytes)
Event: 127.871 Thread 0x000001e8a50b1910 5083       3       java.util.TreeMap$PrivateEntryIterator::<init> (28 bytes)
Event: 127.871 Thread 0x000001e8a50b1910 nmethod 5083 0x000001e88a3ecd10 code [0x000001e88a3ecec0, 0x000001e88a3ed118]
Event: 127.871 Thread 0x000001e8a50b1910 5084       3       groovy.lang.MetaClassImpl::applyStrayPropertyMethods (288 bytes)
Event: 127.878 Thread 0x000001e8a50b1910 nmethod 5084 0x000001e88a43e990 code [0x000001e88a43ee40, 0x000001e88a4418b8]
Event: 127.878 Thread 0x000001e8a50b1910 5086       3       org.codehaus.groovy.runtime.metaclass.MetaMethodIndex::getMethods (82 bytes)
Event: 127.879 Thread 0x000001e8a50b1910 nmethod 5086 0x000001e88a3ec290 code [0x000001e88a3ec480, 0x000001e88a3eca88]
Event: 127.879 Thread 0x000001e8a50b1910 5085       3       groovy.lang.MetaClassImpl$Index::put (10 bytes)
Event: 127.879 Thread 0x000001e8a50b1910 nmethod 5085 0x000001e88a3ebd90 code [0x000001e88a3ebf40, 0x000001e88a3ec168]
Event: 127.881 Thread 0x000001e8a50b1910 5088       1       groovy.lang.MetaClassImpl::isInitialized (5 bytes)
Event: 127.881 Thread 0x000001e8a50b1910 nmethod 5088 0x000001e891f11d90 code [0x000001e891f11f20, 0x000001e891f11ff8]

GC Heap History (20 events):
Event: 30.569 GC heap before
{Heap before GC invocations=5 (full 0):
 garbage-first heap   total 78848K, used 62135K [0x0000000080000000, 0x0000000100000000)
  region size 1024K, 46 young (47104K), 5 survivors (5120K)
 Metaspace       used 22095K, committed 22336K, reserved 1114112K
  class space    used 2313K, committed 2432K, reserved 1048576K
}
Event: 30.591 GC heap after
{Heap after GC invocations=6 (full 0):
 garbage-first heap   total 78848K, used 22255K [0x0000000080000000, 0x0000000100000000)
  region size 1024K, 3 young (3072K), 3 survivors (3072K)
 Metaspace       used 22095K, committed 22336K, reserved 1114112K
  class space    used 2313K, committed 2432K, reserved 1048576K
}
Event: 35.335 GC heap before
{Heap before GC invocations=6 (full 0):
 garbage-first heap   total 78848K, used 55023K [0x0000000080000000, 0x0000000100000000)
  region size 1024K, 35 young (35840K), 3 survivors (3072K)
 Metaspace       used 24864K, committed 25216K, reserved 1114112K
  class space    used 2606K, committed 2752K, reserved 1048576K
}
Event: 35.353 GC heap after
{Heap after GC invocations=7 (full 0):
 garbage-first heap   total 78848K, used 24431K [0x0000000080000000, 0x0000000100000000)
  region size 1024K, 5 young (5120K), 5 survivors (5120K)
 Metaspace       used 24864K, committed 25216K, reserved 1114112K
  class space    used 2606K, committed 2752K, reserved 1048576K
}
Event: 42.384 GC heap before
{Heap before GC invocations=7 (full 0):
 garbage-first heap   total 78848K, used 57199K [0x0000000080000000, 0x0000000100000000)
  region size 1024K, 37 young (37888K), 5 survivors (5120K)
 Metaspace       used 31512K, committed 31936K, reserved 1114112K
  class space    used 3368K, committed 3584K, reserved 1048576K
}
Event: 42.419 GC heap after
{Heap after GC invocations=8 (full 0):
 garbage-first heap   total 78848K, used 27047K [0x0000000080000000, 0x0000000100000000)
  region size 1024K, 5 young (5120K), 5 survivors (5120K)
 Metaspace       used 31512K, committed 31936K, reserved 1114112K
  class space    used 3368K, committed 3584K, reserved 1048576K
}
Event: 42.864 GC heap before
{Heap before GC invocations=8 (full 0):
 garbage-first heap   total 78848K, used 60839K [0x0000000080000000, 0x0000000100000000)
  region size 1024K, 35 young (35840K), 5 survivors (5120K)
 Metaspace       used 32644K, committed 33088K, reserved 1114112K
  class space    used 3442K, committed 3648K, reserved 1048576K
}
Event: 42.885 GC heap after
{Heap after GC invocations=9 (full 0):
 garbage-first heap   total 78848K, used 27988K [0x0000000080000000, 0x0000000100000000)
  region size 1024K, 1 young (1024K), 1 survivors (1024K)
 Metaspace       used 32644K, committed 33088K, reserved 1114112K
  class space    used 3442K, committed 3648K, reserved 1048576K
}
Event: 43.247 GC heap before
{Heap before GC invocations=9 (full 0):
 garbage-first heap   total 78848K, used 59732K [0x0000000080000000, 0x0000000100000000)
  region size 1024K, 32 young (32768K), 1 survivors (1024K)
 Metaspace       used 32709K, committed 33088K, reserved 1114112K
  class space    used 3449K, committed 3648K, reserved 1048576K
}
Event: 43.252 GC heap after
{Heap after GC invocations=10 (full 0):
 garbage-first heap   total 78848K, used 27919K [0x0000000080000000, 0x0000000100000000)
  region size 1024K, 1 young (1024K), 1 survivors (1024K)
 Metaspace       used 32709K, committed 33088K, reserved 1114112K
  class space    used 3449K, committed 3648K, reserved 1048576K
}
Event: 46.195 GC heap before
{Heap before GC invocations=10 (full 0):
 garbage-first heap   total 78848K, used 61711K [0x0000000080000000, 0x0000000100000000)
  region size 1024K, 34 young (34816K), 1 survivors (1024K)
 Metaspace       used 34889K, committed 35328K, reserved 1114112K
  class space    used 3686K, committed 3904K, reserved 1048576K
}
Event: 46.207 GC heap after
{Heap after GC invocations=11 (full 0):
 garbage-first heap   total 78848K, used 28895K [0x0000000080000000, 0x0000000100000000)
  region size 1024K, 2 young (2048K), 2 survivors (2048K)
 Metaspace       used 34889K, committed 35328K, reserved 1114112K
  class space    used 3686K, committed 3904K, reserved 1048576K
}
Event: 47.946 GC heap before
{Heap before GC invocations=11 (full 0):
 garbage-first heap   total 78848K, used 62687K [0x0000000080000000, 0x0000000100000000)
  region size 1024K, 35 young (35840K), 2 survivors (2048K)
 Metaspace       used 34999K, committed 35392K, reserved 1114112K
  class space    used 3693K, committed 3904K, reserved 1048576K
}
Event: 47.957 GC heap after
{Heap after GC invocations=12 (full 0):
 garbage-first heap   total 78848K, used 29716K [0x0000000080000000, 0x0000000100000000)
  region size 1024K, 3 young (3072K), 3 survivors (3072K)
 Metaspace       used 34999K, committed 35392K, reserved 1114112K
  class space    used 3693K, committed 3904K, reserved 1048576K
}
Event: 49.609 GC heap before
{Heap before GC invocations=12 (full 0):
 garbage-first heap   total 78848K, used 52244K [0x0000000080000000, 0x0000000100000000)
  region size 1024K, 26 young (26624K), 3 survivors (3072K)
 Metaspace       used 35557K, committed 35968K, reserved 1114112K
  class space    used 3749K, committed 3968K, reserved 1048576K
}
Event: 49.631 GC heap after
{Heap after GC invocations=13 (full 0):
 garbage-first heap   total 78848K, used 32453K [0x0000000080000000, 0x0000000100000000)
  region size 1024K, 5 young (5120K), 5 survivors (5120K)
 Metaspace       used 35557K, committed 35968K, reserved 1114112K
  class space    used 3749K, committed 3968K, reserved 1048576K
}
Event: 53.019 GC heap before
{Heap before GC invocations=14 (full 0):
 garbage-first heap   total 78848K, used 62149K [0x0000000080000000, 0x0000000100000000)
  region size 1024K, 34 young (34816K), 5 survivors (5120K)
 Metaspace       used 39024K, committed 39488K, reserved 1114112K
  class space    used 4234K, committed 4416K, reserved 1048576K
}
Event: 53.043 GC heap after
{Heap after GC invocations=15 (full 0):
 garbage-first heap   total 78848K, used 34842K [0x0000000080000000, 0x0000000100000000)
  region size 1024K, 5 young (5120K), 5 survivors (5120K)
 Metaspace       used 39024K, committed 39488K, reserved 1114112K
  class space    used 4234K, committed 4416K, reserved 1048576K
}
Event: 106.607 GC heap before
{Heap before GC invocations=15 (full 0):
 garbage-first heap   total 78848K, used 62490K [0x0000000080000000, 0x0000000100000000)
  region size 1024K, 32 young (32768K), 5 survivors (5120K)
 Metaspace       used 43677K, committed 44224K, reserved 1114112K
  class space    used 4861K, committed 5120K, reserved 1048576K
}
Event: 106.629 GC heap after
{Heap after GC invocations=16 (full 0):
 garbage-first heap   total 78848K, used 36086K [0x0000000080000000, 0x0000000100000000)
  region size 1024K, 2 young (2048K), 2 survivors (2048K)
 Metaspace       used 43677K, committed 44224K, reserved 1114112K
  class space    used 4861K, committed 5120K, reserved 1048576K
}

Dll operation events (7 events):
Event: 0.087 Loaded shared library C:\Users\Yogalakshmi.k\.katalon\packages\Katalon_Studio_Windows_64-9.3.0\Katalon_Studio_Windows_64-9.3.0\jre\bin\java.dll
Event: 7.474 Loaded shared library C:\Users\Yogalakshmi.k\.katalon\packages\Katalon_Studio_Windows_64-9.3.0\Katalon_Studio_Windows_64-9.3.0\jre\bin\net.dll
Event: 7.779 Loaded shared library C:\Users\Yogalakshmi.k\.katalon\packages\Katalon_Studio_Windows_64-9.3.0\Katalon_Studio_Windows_64-9.3.0\jre\bin\nio.dll
Event: 7.806 Loaded shared library C:\Users\Yogalakshmi.k\.katalon\packages\Katalon_Studio_Windows_64-9.3.0\Katalon_Studio_Windows_64-9.3.0\jre\bin\zip.dll
Event: 12.371 Loaded shared library C:\Users\Yogalakshmi.k\.katalon\packages\Katalon_Studio_Windows_64-9.3.0\Katalon_Studio_Windows_64-9.3.0\jre\bin\verify.dll
Event: 15.008 Loaded shared library C:\Users\Yogalakshmi.k\.katalon\packages\Katalon_Studio_Windows_64-9.3.0\Katalon_Studio_Windows_64-9.3.0\jre\bin\jimage.dll
Event: 52.826 Loaded shared library C:\Users\Yogalakshmi.k\.katalon\packages\Katalon_Studio_Windows_64-9.3.0\Katalon_Studio_Windows_64-9.3.0\jre\bin\sunmscapi.dll

Deoptimization events (20 events):
Event: 104.032 Thread 0x000001e886d68860 Uncommon trap: trap_request=0xffffffde fr.pc=0x000001e891e7b314 relative=0x00000000000005b4
Event: 104.032 Thread 0x000001e886d68860 Uncommon trap: reason=class_check action=maybe_recompile pc=0x000001e891e7b314 method=org.openqa.selenium.json.Input.init()V @ 18 c2
Event: 104.032 Thread 0x000001e886d68860 DEOPT PACKING pc=0x000001e891e7b314 sp=0x00000068ceafae00
Event: 104.032 Thread 0x000001e886d68860 DEOPT UNPACKING pc=0x000001e8919269a3 sp=0x00000068ceafade8 mode 2
Event: 127.674 Thread 0x000001e886d68860 Uncommon trap: trap_request=0xffffffbe fr.pc=0x000001e89206fe34 relative=0x00000000000002f4
Event: 127.674 Thread 0x000001e886d68860 Uncommon trap: reason=profile_predicate action=maybe_recompile pc=0x000001e89206fe34 method=java.util.regex.Pattern$BnM.optimize(Ljava/util/regex/Pattern$Node;)Ljava/util/regex/Pattern$Node; @ 67 c2
Event: 127.675 Thread 0x000001e886d68860 DEOPT PACKING pc=0x000001e89206fe34 sp=0x00000068ceafbf90
Event: 127.675 Thread 0x000001e886d68860 DEOPT UNPACKING pc=0x000001e8919269a3 sp=0x00000068ceafbf38 mode 2
Event: 127.676 Thread 0x000001e886d68860 Uncommon trap: trap_request=0xffffffbe fr.pc=0x000001e89206fe34 relative=0x00000000000002f4
Event: 127.676 Thread 0x000001e886d68860 Uncommon trap: reason=profile_predicate action=maybe_recompile pc=0x000001e89206fe34 method=java.util.regex.Pattern$BnM.optimize(Ljava/util/regex/Pattern$Node;)Ljava/util/regex/Pattern$Node; @ 67 c2
Event: 127.676 Thread 0x000001e886d68860 DEOPT PACKING pc=0x000001e89206fe34 sp=0x00000068ceafbf50
Event: 127.676 Thread 0x000001e886d68860 DEOPT UNPACKING pc=0x000001e8919269a3 sp=0x00000068ceafbef8 mode 2
Event: 127.676 Thread 0x000001e886d68860 Uncommon trap: trap_request=0xffffffbe fr.pc=0x000001e89206fe34 relative=0x00000000000002f4
Event: 127.676 Thread 0x000001e886d68860 Uncommon trap: reason=profile_predicate action=maybe_recompile pc=0x000001e89206fe34 method=java.util.regex.Pattern$BnM.optimize(Ljava/util/regex/Pattern$Node;)Ljava/util/regex/Pattern$Node; @ 67 c2
Event: 127.676 Thread 0x000001e886d68860 DEOPT PACKING pc=0x000001e89206fe34 sp=0x00000068ceafbf50
Event: 127.676 Thread 0x000001e886d68860 DEOPT UNPACKING pc=0x000001e8919269a3 sp=0x00000068ceafbef8 mode 2
Event: 127.676 Thread 0x000001e886d68860 Uncommon trap: trap_request=0xffffffbe fr.pc=0x000001e89206fe34 relative=0x00000000000002f4
Event: 127.676 Thread 0x000001e886d68860 Uncommon trap: reason=profile_predicate action=maybe_recompile pc=0x000001e89206fe34 method=java.util.regex.Pattern$BnM.optimize(Ljava/util/regex/Pattern$Node;)Ljava/util/regex/Pattern$Node; @ 67 c2
Event: 127.676 Thread 0x000001e886d68860 DEOPT PACKING pc=0x000001e89206fe34 sp=0x00000068ceafbf50
Event: 127.676 Thread 0x000001e886d68860 DEOPT UNPACKING pc=0x000001e8919269a3 sp=0x00000068ceafbef8 mode 2

Classes unloaded (0 events):
No events

Classes redefined (0 events):
No events

Internal exceptions (20 events):
Event: 59.915 Thread 0x000001e8a6c58920 Exception <a 'java/net/ConnectException'{0x0000000085ee4810}: Connection refused: no further information> (0x0000000085ee4810) 
thrown [s\src\hotspot\share\prims\jni.cpp, line 535]
Event: 59.915 Thread 0x000001e8a6c58920 Exception <a 'java/net/SocketException'{0x0000000085ee4b48}: Socket is not connected: shutdown> (0x0000000085ee4b48) 
thrown [s\src\hotspot\share\prims\jni.cpp, line 535]
Event: 60.266 Thread 0x000001e8a6c58920 Exception <a 'java/net/ConnectException'{0x0000000085ee5ae0}: Connection refused: no further information> (0x0000000085ee5ae0) 
thrown [s\src\hotspot\share\prims\jni.cpp, line 535]
Event: 60.266 Thread 0x000001e8a6c58920 Exception <a 'java/net/SocketException'{0x0000000085ee5e18}: Socket is not connected: shutdown> (0x0000000085ee5e18) 
thrown [s\src\hotspot\share\prims\jni.cpp, line 535]
Event: 60.626 Thread 0x000001e8a6c58920 Exception <a 'java/net/ConnectException'{0x0000000085ee6db0}: Connection refused: no further information> (0x0000000085ee6db0) 
thrown [s\src\hotspot\share\prims\jni.cpp, line 535]
Event: 60.626 Thread 0x000001e8a6c58920 Exception <a 'java/net/SocketException'{0x0000000085ee70e8}: Socket is not connected: shutdown> (0x0000000085ee70e8) 
thrown [s\src\hotspot\share\prims\jni.cpp, line 535]
Event: 61.677 Thread 0x000001e886d68860 Exception <a 'java/lang/IncompatibleClassChangeError'{0x0000000084542da0}: Found class java.lang.Object, but interface was expected> (0x0000000084542da0) 
thrown [s\src\hotspot\share\interpreter\linkResolver.cpp, line 826]
Event: 61.680 Thread 0x000001e886d68860 Exception <a 'java/lang/NoSuchMethodError'{0x00000000845496d8}: 'int java.lang.invoke.DirectMethodHandle$Holder.invokeSpecialIFC(java.lang.Object, java.lang.Object, java.lang.Object, java.lang.Object)'> (0x00000000845496d8) 
thrown [s\src\hotspot\share\interpreter\linkResolver.cpp, line 759]
Event: 61.758 Thread 0x000001e886d68860 Exception <a 'java/lang/NoSuchMethodError'{0x00000000845e4c58}: 'double java.lang.invoke.DirectMethodHandle$Holder.invokeVirtual(java.lang.Object, java.lang.Object)'> (0x00000000845e4c58) 
thrown [s\src\hotspot\share\interpreter\linkResolver.cpp, line 759]
Event: 61.874 Thread 0x000001e886d68860 Exception <a 'java/lang/NoSuchMethodError'{0x00000000845eb680}: 'float java.lang.invoke.DirectMethodHandle$Holder.invokeVirtual(java.lang.Object, java.lang.Object)'> (0x00000000845eb680) 
thrown [s\src\hotspot\share\interpreter\linkResolver.cpp, line 759]
Event: 61.885 Thread 0x000001e886d68860 Exception <a 'java/lang/NoSuchMethodError'{0x00000000845f4920}: 'long java.lang.invoke.DirectMethodHandle$Holder.invokeVirtual(java.lang.Object, java.lang.Object)'> (0x00000000845f4920) 
thrown [s\src\hotspot\share\interpreter\linkResolver.cpp, line 759]
Event: 62.698 Thread 0x000001e886d68860 Implicit null exception at 0x000001e891f602cb to 0x000001e891f602f0
Event: 62.796 Thread 0x000001e886d68860 Exception <a 'java/lang/NoSuchMethodError'{0x0000000083f1eb10}: 'void java.lang.invoke.DirectMethodHandle$Holder.invokeInterface(java.lang.Object, java.lang.Object, java.lang.Object)'> (0x0000000083f1eb10) 
thrown [s\src\hotspot\share\interpreter\linkResolver.cpp, line 759]
Event: 104.046 Thread 0x000001e886d68860 Exception <a 'java/lang/NoSuchMethodError'{0x00000000836c62d0}: 'java.lang.Object java.lang.invoke.DirectMethodHandle$Holder.invokeSpecialIFC(java.lang.Object, java.lang.Object, java.lang.Object)'> (0x00000000836c62d0) 
thrown [s\src\hotspot\share\interpreter\linkResolver.cpp, line 759]
Event: 106.721 Thread 0x000001e886d68860 Exception <a 'java/lang/ClassNotFoundException'{0x0000000087d72b40}: com/kms/katalon/core/webui/keyword/builtin/NavigateToUrlKeywordBeanInfo> (0x0000000087d72b40) 
thrown [s\src\hotspot\share\classfile\systemDictionary.cpp, line 256]
Event: 106.755 Thread 0x000001e886d68860 Exception <a 'java/lang/ClassNotFoundException'{0x0000000087da34d8}: com/kms/katalon/core/webui/keyword/builtin/NavigateToUrlKeywordCustomizer> (0x0000000087da34d8) 
thrown [s\src\hotspot\share\classfile\systemDictionary.cpp, line 256]
Event: 127.324 Thread 0x000001e886d68860 Exception <a 'java/lang/ClassNotFoundException'{0x00000000861b8518}: com/kms/katalon/core/testobject/ObjectRepositoryBeanInfo> (0x00000000861b8518) 
thrown [s\src\hotspot\share\classfile\systemDictionary.cpp, line 256]
Event: 127.402 Thread 0x000001e886d68860 Exception <a 'java/lang/ClassNotFoundException'{0x00000000861e6040}: com/kms/katalon/core/testobject/ObjectRepositoryCustomizer> (0x00000000861e6040) 
thrown [s\src\hotspot\share\classfile\systemDictionary.cpp, line 256]
Event: 127.857 Thread 0x000001e886d68860 Exception <a 'java/lang/ClassNotFoundException'{0x0000000085f19778}: com/kms/katalon/core/webui/keyword/builtin/SetTextKeywordBeanInfo> (0x0000000085f19778) 
thrown [s\src\hotspot\share\classfile\systemDictionary.cpp, line 256]
Event: 127.870 Thread 0x000001e886d68860 Exception <a 'java/lang/ClassNotFoundException'{0x0000000085f49338}: com/kms/katalon/core/webui/keyword/builtin/SetTextKeywordCustomizer> (0x0000000085f49338) 
thrown [s\src\hotspot\share\classfile\systemDictionary.cpp, line 256]

VM Operations (20 events):
Event: 61.528 Executing VM operation: HandshakeAllThreads
Event: 61.538 Executing VM operation: HandshakeAllThreads done
Event: 62.558 Executing VM operation: Cleanup
Event: 62.559 Executing VM operation: Cleanup done
Event: 63.561 Executing VM operation: Cleanup
Event: 63.561 Executing VM operation: Cleanup done
Event: 64.573 Executing VM operation: Cleanup
Event: 64.573 Executing VM operation: Cleanup done
Event: 104.329 Executing VM operation: HandshakeAllThreads
Event: 104.329 Executing VM operation: HandshakeAllThreads done
Event: 104.329 Executing VM operation: Cleanup
Event: 104.329 Executing VM operation: Cleanup done
Event: 105.329 Executing VM operation: Cleanup
Event: 105.329 Executing VM operation: Cleanup done
Event: 106.607 Executing VM operation: G1CollectForAllocation
Event: 106.632 Executing VM operation: G1CollectForAllocation done
Event: 107.632 Executing VM operation: Cleanup
Event: 107.632 Executing VM operation: Cleanup done
Event: 127.645 Executing VM operation: Cleanup
Event: 127.661 Executing VM operation: Cleanup done

Events (20 events):
Event: 64.068 loading class java/net/ProtocolException done
Event: 64.072 loading class java/net/HttpRetryException
Event: 64.072 loading class java/net/HttpRetryException done
Event: 64.185 loading class java/net/UnknownServiceException
Event: 64.185 loading class java/net/UnknownServiceException done
Event: 64.404 Thread 0x000001e8a79f6c80 Thread added: 0x000001e8a79f6c80
Event: 64.578 Thread 0x000001e8a79fbe50 Thread added: 0x000001e8a79fbe50
Event: 66.543 Thread 0x000001e8a6c59c60 Thread exited: 0x000001e8a6c59c60
Event: 104.170 loading class java/util/UUID$Holder
Event: 104.170 loading class java/util/UUID$Holder done
Event: 106.583 loading class java/lang/StackTraceElement$HashedModules
Event: 106.584 loading class java/lang/StackTraceElement$HashedModules done
Event: 106.893 loading class sun/net/www/protocol/https/Handler
Event: 106.893 loading class sun/net/www/protocol/https/Handler done
Event: 121.563 loading class java/util/IdentityHashMap$KeyIterator
Event: 121.563 loading class java/util/IdentityHashMap$IdentityHashMapIterator
Event: 121.567 loading class java/util/IdentityHashMap$IdentityHashMapIterator done
Event: 121.567 loading class java/util/IdentityHashMap$KeyIterator done
Event: 121.567 Thread 0x000001e8a6c58920 Thread exited: 0x000001e8a6c58920
Event: 123.140 Thread 0x000001e8a79f5940 Thread exited: 0x000001e8a79f5940


Dynamic libraries:
0x00007ff6b4970000 - 0x00007ff6b497e000 	C:\Users\Yogalakshmi.k\.katalon\packages\Katalon_Studio_Windows_64-9.3.0\Katalon_Studio_Windows_64-9.3.0\jre\bin\javaw.exe
0x00007ffcd8f90000 - 0x00007ffcd9188000 	C:\Windows\SYSTEM32\ntdll.dll
0x00007ffcd8c00000 - 0x00007ffcd8cbd000 	C:\Windows\System32\KERNEL32.DLL
0x00007ffcd6650000 - 0x00007ffcd6946000 	C:\Windows\System32\KERNELBASE.dll
0x00007ffcd6ac0000 - 0x00007ffcd6bc0000 	C:\Windows\System32\ucrtbase.dll
0x00007ffcb23f0000 - 0x00007ffcb2409000 	C:\Users\Yogalakshmi.k\.katalon\packages\Katalon_Studio_Windows_64-9.3.0\Katalon_Studio_Windows_64-9.3.0\jre\bin\VCRUNTIME140.dll
0x00007ffca2420000 - 0x00007ffca2437000 	C:\Users\Yogalakshmi.k\.katalon\packages\Katalon_Studio_Windows_64-9.3.0\Katalon_Studio_Windows_64-9.3.0\jre\bin\jli.dll
0x00007ffcd7520000 - 0x00007ffcd76be000 	C:\Windows\System32\USER32.dll
0x00007ffcd6cf0000 - 0x00007ffcd6d12000 	C:\Windows\System32\win32u.dll
0x00007ffcd7080000 - 0x00007ffcd70ab000 	C:\Windows\System32\GDI32.dll
0x00007ffcd6eb0000 - 0x00007ffcd6fc7000 	C:\Windows\System32\gdi32full.dll
0x00007ffcd6bc0000 - 0x00007ffcd6c5d000 	C:\Windows\System32\msvcp_win.dll
0x00007ffcbe550000 - 0x00007ffcbe7ea000 	C:\Windows\WinSxS\amd64_microsoft.windows.common-controls_6595b64144ccf1df_6.0.19041.3636_none_60b6a03d71f818d5\COMCTL32.dll
0x00007ffcd8ae0000 - 0x00007ffcd8b7e000 	C:\Windows\System32\msvcrt.dll
0x00007ffcd7440000 - 0x00007ffcd7472000 	C:\Windows\System32\IMM32.DLL
0x00007ffcbf060000 - 0x00007ffcbf262000 	C:\Windows\system32\tmumh\20019\AddOn\8.55.0.1288\TmUmEvt64.dll
0x00007ffcd8d30000 - 0x00007ffcd8d38000 	C:\Windows\System32\PSAPI.DLL
0x00007ffcd8030000 - 0x00007ffcd80e3000 	C:\Windows\System32\ADVAPI32.dll
0x00007ffcd7480000 - 0x00007ffcd751f000 	C:\Windows\System32\sechost.dll
0x00007ffcd7240000 - 0x00007ffcd7366000 	C:\Windows\System32\RPCRT4.dll
0x00007ffcd6d20000 - 0x00007ffcd6d47000 	C:\Windows\System32\bcrypt.dll
0x000000006ae40000 - 0x000000006afd7000 	C:\Windows\system32\tmumh\20019\TmMon\2.9.0.1084\tmmon64.dll
0x00007ffcd33f0000 - 0x00007ffcd33fc000 	C:\Users\Yogalakshmi.k\.katalon\packages\Katalon_Studio_Windows_64-9.3.0\Katalon_Studio_Windows_64-9.3.0\jre\bin\vcruntime140_1.dll
0x00007ffca2380000 - 0x00007ffca2411000 	C:\Users\Yogalakshmi.k\.katalon\packages\Katalon_Studio_Windows_64-9.3.0\Katalon_Studio_Windows_64-9.3.0\jre\bin\msvcp140.dll
0x00007ffc94570000 - 0x00007ffc951b8000 	C:\Users\Yogalakshmi.k\.katalon\packages\Katalon_Studio_Windows_64-9.3.0\Katalon_Studio_Windows_64-9.3.0\jre\bin\server\jvm.dll
0x00007ffcb8bc0000 - 0x00007ffcb8bc9000 	C:\Windows\SYSTEM32\WSOCK32.dll
0x00007ffcd7ea0000 - 0x00007ffcd7f0b000 	C:\Windows\System32\WS2_32.dll
0x00007ffcd3480000 - 0x00007ffcd34a7000 	C:\Windows\SYSTEM32\WINMM.dll
0x00007ffcc9530000 - 0x00007ffcc953a000 	C:\Windows\SYSTEM32\VERSION.dll
0x00007ffcd4de0000 - 0x00007ffcd4df2000 	C:\Windows\SYSTEM32\kernel.appcore.dll
0x00007ffcca640000 - 0x00007ffcca64a000 	C:\Users\Yogalakshmi.k\.katalon\packages\Katalon_Studio_Windows_64-9.3.0\Katalon_Studio_Windows_64-9.3.0\jre\bin\jimage.dll
0x00007ffcd49a0000 - 0x00007ffcd4b84000 	C:\Windows\SYSTEM32\DBGHELP.DLL
0x00007ffcd3440000 - 0x00007ffcd3474000 	C:\Windows\SYSTEM32\dbgcore.DLL
0x00007ffcd6c60000 - 0x00007ffcd6ce2000 	C:\Windows\System32\bcryptPrimitives.dll
0x00007ffcbc240000 - 0x00007ffcbc265000 	C:\Users\Yogalakshmi.k\.katalon\packages\Katalon_Studio_Windows_64-9.3.0\Katalon_Studio_Windows_64-9.3.0\jre\bin\java.dll
0x00007ffcc95e0000 - 0x00007ffcc95f8000 	C:\Users\Yogalakshmi.k\.katalon\packages\Katalon_Studio_Windows_64-9.3.0\Katalon_Studio_Windows_64-9.3.0\jre\bin\zip.dll
0x00007ffcd7750000 - 0x00007ffcd7e95000 	C:\Windows\System32\SHELL32.dll
0x00007ffcd4200000 - 0x00007ffcd499c000 	C:\Windows\SYSTEM32\windows.storage.dll
0x00007ffcd8780000 - 0x00007ffcd8ad4000 	C:\Windows\System32\combase.dll
0x00007ffcd6010000 - 0x00007ffcd603e000 	C:\Windows\SYSTEM32\Wldp.dll
0x00007ffcd7110000 - 0x00007ffcd71dd000 	C:\Windows\System32\OLEAUT32.dll
0x00007ffcd6fd0000 - 0x00007ffcd707d000 	C:\Windows\System32\SHCORE.dll
0x00007ffcd71e0000 - 0x00007ffcd7235000 	C:\Windows\System32\shlwapi.dll
0x00007ffcd6580000 - 0x00007ffcd65a5000 	C:\Windows\SYSTEM32\profapi.dll
0x00007ffcbe970000 - 0x00007ffcbe989000 	C:\Users\Yogalakshmi.k\.katalon\packages\Katalon_Studio_Windows_64-9.3.0\Katalon_Studio_Windows_64-9.3.0\jre\bin\net.dll
0x00007ffccacf0000 - 0x00007ffccadfa000 	C:\Windows\SYSTEM32\WINHTTP.dll
0x00007ffcd5d10000 - 0x00007ffcd5d7a000 	C:\Windows\system32\mswsock.dll
0x00007ffcbdfa0000 - 0x00007ffcbdfb5000 	C:\Users\Yogalakshmi.k\.katalon\packages\Katalon_Studio_Windows_64-9.3.0\Katalon_Studio_Windows_64-9.3.0\jre\bin\nio.dll
0x00007ffcca630000 - 0x00007ffcca640000 	C:\Users\Yogalakshmi.k\.katalon\packages\Katalon_Studio_Windows_64-9.3.0\Katalon_Studio_Windows_64-9.3.0\jre\bin\verify.dll
0x00007ffcd5a40000 - 0x00007ffcd5b0b000 	C:\Windows\SYSTEM32\DNSAPI.dll
0x00007ffcd5a00000 - 0x00007ffcd5a3b000 	C:\Windows\SYSTEM32\IPHLPAPI.DLL
0x00007ffcd8cc0000 - 0x00007ffcd8cc8000 	C:\Windows\System32\NSI.dll
0x00007ffcc72b0000 - 0x00007ffcc72ba000 	C:\Windows\System32\rasadhlp.dll
0x00007ffcd0930000 - 0x00007ffcd09b0000 	C:\Windows\System32\fwpuclnt.dll
0x00007ffcca2f0000 - 0x00007ffcca2fe000 	C:\Users\Yogalakshmi.k\.katalon\packages\Katalon_Studio_Windows_64-9.3.0\Katalon_Studio_Windows_64-9.3.0\jre\bin\sunmscapi.dll
0x00007ffcd6d50000 - 0x00007ffcd6ead000 	C:\Windows\System32\CRYPT32.dll
0x00007ffcd6080000 - 0x00007ffcd60a8000 	C:\Windows\SYSTEM32\ncrypt.dll
0x00007ffcd6040000 - 0x00007ffcd607b000 	C:\Windows\SYSTEM32\NTASN1.dll
0x00007ffcd5f00000 - 0x00007ffcd5f18000 	C:\Windows\SYSTEM32\CRYPTSP.dll
0x00007ffcd5640000 - 0x00007ffcd5674000 	C:\Windows\system32\rsaenh.dll
0x00007ffcd6540000 - 0x00007ffcd656e000 	C:\Windows\SYSTEM32\USERENV.dll
0x00007ffcd5f20000 - 0x00007ffcd5f2c000 	C:\Windows\SYSTEM32\CRYPTBASE.dll
0x00007ffcd0820000 - 0x00007ffcd0837000 	C:\Windows\SYSTEM32\dhcpcsvc6.DLL
0x00007ffcd07e0000 - 0x00007ffcd07fd000 	C:\Windows\SYSTEM32\dhcpcsvc.DLL

dbghelp: loaded successfully - version: 4.0.5 - missing functions: none
symbol engine: initialized successfully - sym options: 0x614 - pdb path: .;C:\Users\Yogalakshmi.k\.katalon\packages\Katalon_Studio_Windows_64-9.3.0\Katalon_Studio_Windows_64-9.3.0\jre\bin;C:\Windows\SYSTEM32;C:\Windows\WinSxS\amd64_microsoft.windows.common-controls_6595b64144ccf1df_6.0.19041.3636_none_60b6a03d71f818d5;C:\Windows\system32\tmumh\20019\AddOn\8.55.0.1288;C:\Windows\system32\tmumh\20019\TmMon\2.9.0.1084;C:\Users\Yogalakshmi.k\.katalon\packages\Katalon_Studio_Windows_64-9.3.0\Katalon_Studio_Windows_64-9.3.0\jre\bin\server

VM Arguments:
jvm_args: -Dgroovy.home=C:\Users\Yogalakshmi.k/.groovy -Djava.system.class.loader=groovy.lang.GroovyClassLoader -Xmx2048m -Dfile.encoding=UTF-8 -XX:+ShowCodeDetailsInExceptionMessages 
java_command: org.codehaus.groovy.tools.GroovyStarter --classpath C:\Users\Yogalakshmi.k\Katalon Studio\USEcologyA\bin\keyword;C:\Users\Yogalakshmi.k\Katalon Studio\USEcologyA\Keywords;C:\Users\Yogalakshmi.k\Katalon Studio\USEcologyA\bin\listener;C:\Users\Yogalakshmi.k\Katalon Studio\USEcologyA\Test Listeners;C:\Users\Yogalakshmi.k\Katalon Studio\USEcologyA\bin\lib;C:\Users\Yogalakshmi.k\Katalon Studio\USEcologyA\Libs;C:\Users\Yogalakshmi.k\Katalon Studio\USEcologyA\bin\groovy;C:\Users\Yogalakshmi.k\Katalon Studio\USEcologyA\Include\scripts\groovy;C:\Users\Yogalakshmi.k\.katalon\packages\Katalon_Studio_Windows_64-9.3.0\Katalon_Studio_Windows_64-9.3.0\plugins\com.kms.katalon.core_1.0.0.202401301518.jar;C:\Users\Yogalakshmi.k\.katalon\packages\Katalon_Studio_Windows_64-9.3.0\Katalon_Studio_Windows_64-9.3.0\configuration\resources\lib\aalto-xml-1.0.0.jar;C:\Users\Yogalakshmi.k\.katalon\packages\Katalon_Studio_Windows_64-9.3.0\Katalon_Studio_Windows_64-9.3.0\configuration\resources\lib\aspectjweaver-1.9.1.jar;C:\Users\Yogalakshmi.k\.katalon\packages\Katalon_Studio_Windows_64-9.3.0\Katalon_Studio_Windows_64-9.3.0\configuration\resources\lib\bcpkix-jdk15on-1.64.jar;C:\Users\Yogalakshmi.k\.katalon\packages\Katalon_Studio_Windows_64-9.3.0\Katalon_Studio_Windows_64-9.3.0\configuration\resources\lib\bcprov-jdk15on-1.64.jar;C:\Users\Yogalakshmi.k\.katalon\packages\Katalon_Studio_Windows_64-9.3.0\Katalon_Studio_Windows_64-9.3.0\configuration\resources\lib\browsermob-core-2.1.5.jar;C:\Users\Yogalakshmi.k\.katalon\packages\Katalon_Studio_Windows_64-9.3.0\Katalon_Studio_Windows_64-9.3.0\configuration\resources\lib\cglib-3.2.10.jar;C:\Users\Yogalakshmi.k\.katalon\packages\Katalon_Studio_Windows_64-9.3.0\Katalon_Studio_Windows_64-9.3.0\configuration\resources\lib\commons-codec-1.10.jar;C:\Users\Yogalakshmi.k\.katalon\packages\Katalon_Studio_Windows_64-9.3.0\Katalon_Studio_Windows_64-9.3.0\configuration\resources\lib\commons-collections4-4.1.jar;C:\Users\Yogalakshmi.k\.katalon\pack
java_class_path (initial): C:\Users\Yogalakshmi.k\Katalon Studio\USEcologyA\bin\keyword;C:\Users\Yogalakshmi.k\Katalon Studio\USEcologyA\bin\listener;C:\Users\Yogalakshmi.k\Katalon Studio\USEcologyA\bin\lib;C:\Users\Yogalakshmi.k\Katalon Studio\USEcologyA\bin\groovy;C:\Users\Yogalakshmi.k\Katalon Studio\USEcologyA\bin;C:\Users\Yogalakshmi.k\.katalon\packages\Katalon_Studio_Windows_64-9.3.0\Katalon_Studio_Windows_64-9.3.0\plugins\com.kms.katalon.core_1.0.0.202401301518.jar;C:\Users\Yogalakshmi.k\.katalon\packages\Katalon_Studio_Windows_64-9.3.0\Katalon_Studio_Windows_64-9.3.0\configuration\resources\lib\aalto-xml-1.0.0.jar;C:\Users\Yogalakshmi.k\.katalon\packages\Katalon_Studio_Windows_64-9.3.0\Katalon_Studio_Windows_64-9.3.0\configuration\resources\lib\aspectjweaver-1.9.1.jar;C:\Users\Yogalakshmi.k\.katalon\packages\Katalon_Studio_Windows_64-9.3.0\Katalon_Studio_Windows_64-9.3.0\configuration\resources\lib\bcpkix-jdk15on-1.64.jar;C:\Users\Yogalakshmi.k\.katalon\packages\Katalon_Studio_Windows_64-9.3.0\Katalon_Studio_Windows_64-9.3.0\configuration\resources\lib\bcprov-jdk15on-1.64.jar;C:\Users\Yogalakshmi.k\.katalon\packages\Katalon_Studio_Windows_64-9.3.0\Katalon_Studio_Windows_64-9.3.0\configuration\resources\lib\browsermob-core-2.1.5.jar;C:\Users\Yogalakshmi.k\.katalon\packages\Katalon_Studio_Windows_64-9.3.0\Katalon_Studio_Windows_64-9.3.0\configuration\resources\lib\cglib-3.2.10.jar;C:\Users\Yogalakshmi.k\.katalon\packages\Katalon_Studio_Windows_64-9.3.0\Katalon_Studio_Windows_64-9.3.0\configuration\resources\lib\commons-codec-1.10.jar;C:\Users\Yogalakshmi.k\.katalon\packages\Katalon_Studio_Windows_64-9.3.0\Katalon_Studio_Windows_64-9.3.0\configuration\resources\lib\commons-collections4-4.1.jar;C:\Users\Yogalakshmi.k\.katalon\packages\Katalon_Studio_Windows_64-9.3.0\Katalon_Studio_Windows_64-9.3.0\configuration\resources\lib\commons-validator-1.6.jar;C:\Users\Yogalakshmi.k\.katalon\packages\Katalon_Studio_Windows_64-9.3.0\Katalon_Studio_Windows_64-9.3.0\config
Launcher Type: SUN_STANDARD

[Global flags]
     intx CICompilerCount                          = 4                                         {product} {ergonomic}
     uint ConcGCThreads                            = 2                                         {product} {ergonomic}
     uint G1ConcRefinementThreads                  = 8                                         {product} {ergonomic}
   size_t G1HeapRegionSize                         = 1048576                                   {product} {ergonomic}
    uintx GCDrainStackTargetSize                   = 64                                        {product} {ergonomic}
   size_t InitialHeapSize                          = 132120576                                 {product} {ergonomic}
   size_t MarkStackSize                            = 4194304                                   {product} {ergonomic}
   size_t MaxHeapSize                              = 2147483648                                {product} {command line}
   size_t MaxNewSize                               = 1287651328                                {product} {ergonomic}
   size_t MinHeapDeltaBytes                        = 1048576                                   {product} {ergonomic}
   size_t MinHeapSize                              = 8388608                                   {product} {ergonomic}
    uintx NonNMethodCodeHeapSize                   = 5839372                                {pd product} {ergonomic}
    uintx NonProfiledCodeHeapSize                  = 122909434                              {pd product} {ergonomic}
    uintx ProfiledCodeHeapSize                     = 122909434                              {pd product} {ergonomic}
    uintx ReservedCodeCacheSize                    = 251658240                              {pd product} {ergonomic}
     bool SegmentedCodeCache                       = true                                      {product} {ergonomic}
     bool ShowCodeDetailsInExceptionMessages       = true                                   {manageable} {command line}
   size_t SoftMaxHeapSize                          = 2147483648                             {manageable} {ergonomic}
     bool UseCompressedClassPointers               = true                           {product lp64_product} {ergonomic}
     bool UseCompressedOops                        = true                           {product lp64_product} {ergonomic}
     bool UseG1GC                                  = true                                      {product} {ergonomic}
     bool UseLargePagesIndividualAllocation        = false                                  {pd product} {ergonomic}

Logging:
Log output configuration:
 #0: stdout all=warning uptime,level,tags
 #1: stderr all=off uptime,level,tags

Environment Variables:
PATH=C:/Users/Yogalakshmi.k/.katalon/packages/Katalon_Studio_Windows_64-9.3.0/Katalon_Studio_Windows_64-9.3.0/jre/bin/server;C:/Users/Yogalakshmi.k/.katalon/packages/Katalon_Studio_Windows_64-9.3.0/Katalon_Studio_Windows_64-9.3.0/jre/bin;C:\Windows\system32;C:\Windows;C:\Windows\System32\Wbem;C:\Windows\System32\WindowsPowerShell\v1.0\;C:\Windows\System32\OpenSSH\;C:\Users\Yogalakshmi.k\AppData\Local\Microsoft\WindowsApps;C:\Users\Yogalakshmi.k\AppData\Local\Programs\Git\cmd;C:\Users\Yogalakshmi.k\AppData\Local\GitHubDesktop\bin;C:\Users\Yogalakshmi.k\.katalon\packages\Katalon_Studio_Windows_64-9.3.0\Katalon_Studio_Windows_64-9.3.0;
USERNAME=yogalakshmi.k
OS=Windows_NT
PROCESSOR_IDENTIFIER=Intel64 Family 6 Model 142 Stepping 12, GenuineIntel
TMP=C:\Users\YOGALA~1.K\AppData\Local\Temp
TEMP=C:\Users\YOGALA~1.K\AppData\Local\Temp



---------------  S Y S T E M  ---------------

OS:
 Windows 10 , 64 bit Build 19041 (10.0.19041.3636)
OS uptime: 1 days 0:16 hours

CPU: total 8 (initial active 8) (4 cores per cpu, 2 threads per core) family 6 model 142 stepping 12 microcode 0xd6, cx8, cmov, fxsr, ht, mmx, 3dnowpref, sse, sse2, sse3, ssse3, sse4.1, sse4.2, popcnt, lzcnt, tsc, tscinvbit, avx, avx2, aes, erms, clmul, bmi1, bmi2, adx, fma, vzeroupper, clflush, clflushopt

Memory: 4k page, system-wide physical 7998M (72M free)
TotalPageFile size 20945M (AvailPageFile size 9M)
current process WorkingSet (physical memory assigned to process): 107M, peak: 217M
current process commit charge ("private bytes"): 248M, peak: 270M

vm_info: OpenJDK 64-Bit Server VM (17.0.7+7) for windows-amd64 JRE (17.0.7+7), built on Apr 18 2023 22:10:42 by "temurin" with MS VC++ 16.7 (VS2019)

END.
