#
# There is insufficient memory for the Java Runtime Environment to continue.
# Native memory allocation (malloc) failed to allocate 827456 bytes for Chunk::new
# Possible reasons:
#   The system is out of physical RAM or swap space
#   The process is running with CompressedOops enabled, and the Java Heap may be blocking the growth of the native heap
# Possible solutions:
#   Reduce memory load on the system
#   Increase physical memory or swap space
#   Check if swap backing store is full
#   Decrease Java heap size (-Xmx/-Xms)
#   Decrease number of Java threads
#   Decrease Java thread stack sizes (-Xss)
#   Set larger code cache with -XX:ReservedCodeCacheSize=
#   JVM is running with Unscaled Compressed Oops mode in which the Java heap is
#     placed in the first 4GB address space. The Java Heap base address is the
#     maximum limit for the native heap growth. Please use -XX:HeapBaseMinAddress
#     to set the Java Heap base and to place the Java Heap above 4GB virtual address.
# This output file may be truncated or incomplete.
#
#  Out of Memory Error (arena.cpp:189), pid=29884, tid=18800
#
# JRE version: OpenJDK Runtime Environment Temurin-17.0.7+7 (17.0.7+7) (build 17.0.7+7)
# Java VM: OpenJDK 64-Bit Server VM Temurin-17.0.7+7 (17.0.7+7, mixed mode, tiered, compressed oops, compressed class ptrs, g1 gc, windows-amd64)
# No core dump will be written. Minidumps are not enabled by default on client versions of Windows
#

---------------  S U M M A R Y ------------

Command Line: -Dgroovy.home=C:\Users\Yogalakshmi.k/.groovy -Djava.system.class.loader=groovy.lang.GroovyClassLoader -Xmx2048m -Dfile.encoding=UTF-8 -XX:+ShowCodeDetailsInExceptionMessages org.codehaus.groovy.tools.GroovyStarter --classpath C:\Users\Yogalakshmi.k\Katalon Studio\USEcologyA\bin\keyword;C:\Users\Yogalakshmi.k\Katalon Studio\USEcologyA\Keywords;C:\Users\Yogalakshmi.k\Katalon Studio\USEcologyA\bin\listener;C:\Users\Yogalakshmi.k\Katalon Studio\USEcologyA\Test Listeners;C:\Users\Yogalakshmi.k\Katalon Studio\USEcologyA\bin\lib;C:\Users\Yogalakshmi.k\Katalon Studio\USEcologyA\Libs;C:\Users\Yogalakshmi.k\Katalon Studio\USEcologyA\bin\groovy;C:\Users\Yogalakshmi.k\Katalon Studio\USEcologyA\Include\scripts\groovy;C:\Users\Yogalakshmi.k\.katalon\packages\Katalon_Studio_Windows_64-9.3.0\Katalon_Studio_Windows_64-9.3.0\plugins\com.kms.katalon.core_1.0.0.202401301518.jar;C:\Users\Yogalakshmi.k\.katalon\packages\Katalon_Studio_Windows_64-9.3.0\Katalon_Studio_Windows_64-9.3.0\configuration\resources\lib\aalto-xml-1.0.0.jar;C:\Users\Yogalakshmi.k\.katalon\packages\Katalon_Studio_Windows_64-9.3.0\Katalon_Studio_Windows_64-9.3.0\configuration\resources\lib\aspectjweaver-1.9.1.jar;C:\Users\Yogalakshmi.k\.katalon\packages\Katalon_Studio_Windows_64-9.3.0\Katalon_Studio_Windows_64-9.3.0\configuration\resources\lib\bcpkix-jdk15on-1.64.jar;C:\Users\Yogalakshmi.k\.katalon\packages\Katalon_Studio_Windows_64-9.3.0\Katalon_Studio_Windows_64-9.3.0\configuration\resources\lib\bcprov-jdk15on-1.64.jar;C:\Users\Yogalakshmi.k\.katalon\packages\Katalon_Studio_Windows_64-9.3.0\Katalon_Studio_Windows_64-9.3.0\configuration\resources\lib\browsermob-core-2.1.5.jar;C:\Users\Yogalakshmi.k\.katalon\packages\Katalon_Studio_Windows_64-9.3.0\Katalon_Studio_Windows_64-9.3.0\configuration\resources\lib\cglib-3.2.10.jar;C:\Users\Yogalakshmi.k\.katalon\packages\Katalon_Studio_Windows_64-9.3.0\Katalon_Studio_Windows_64-9.3.0\configuration\resources\lib\commons-codec-1.10.jar;C:\Users\Yogalakshmi.k\.katalon\packages\Katalon_Studio_Windows_64-9.3.0\Katalon_Studio_Windows_64-9.3.0\configuration\resources\lib\commons-collections4-4.1.jar;C:\Users\Yogalakshmi.k\.katalon\packages\Katalon_Studio_Windows_64-9.3.0\Katalon_Studio_Windows_64-9.3.0\configuration\resources\lib\commons-validator-1.6.jar;C:\Users\Yogalakshmi.k\.katalon\packages\Katalon_Studio_Windows_64-9.3.0\Katalon_Studio_Windows_64-9.3.0\configuration\resources\lib\curvesapi-1.04.jar;C:\Users\Yogalakshmi.k\.katalon\packages\Katalon_Studio_Windows_64-9.3.0\Katalon_Studio_Windows_64-9.3.0\configuration\resources\lib\dnsjava-2.1.8.jar;C:\Users\Yogalakshmi.k\.katalon\packages\Katalon_Studio_Windows_64-9.3.0\Katalon_Studio_Windows_64-9.3.0\configuration\resources\lib\groovy-ant-3.0.17.jar;C:\Users\Yogalakshmi.k\.katalon\packages\Katalon_Studio_Windows_64-9.3.0\Katalon_Studio_Windows_64-9.3.0\configuration\resources\lib\groovy-astbuilder-3.0.17.jar;C:\Users\Yogalakshmi.k\.katalon\packages\Katalon_Studio_Windows_64-9.3.0\Katalon_Studio_Windows_64-9.3.0\configuration\resources\lib\groovy-cli-picocli-3.0.17.jar;C:\Users\Yogalakshmi.k\.katalon\packages\Katalon_Studio_Windows_64-9.3.0\Katalon_Studio_Windows_64-9.3.0\configuration\resources\lib\groovy-console-3.0.17.jar;C:\Users\Yogalakshmi.k\.katalon\packages\Katalon_Studio_Windows_64-9.3.0\Katalon_Studio_Windows_64-9.3.0\configuration\resources\lib\groovy-datetime-3.0.17.jar;C:\Users\Yogalakshmi.k\.katalon\packages\Katalon_Studio_Windows_64-9.3.0\Katalon_Studio_Windows_64-9.3.0\configuration\resources\lib\groovy-dateutil-3.0.17.jar;C:\Users\Yogalakshmi.k\.katalon\packages\Katalon_Studio_Windows_64-9.3.0\Katalon_Studio_Windows_64-9.3.0\configuration\resources\lib\groovy-docgenerator-3.0.17.jar;C:\Users\Yogalakshmi.k\.katalon\packages\Katalon_Studio_Windows_64-9.3.0\Katalon_Studio_Windows_64-9.3.0\configuration\resources\lib\groovy-groovydoc-3.0.17.jar;C:\Users\Yogalakshmi.k\.katalon\packages\Katalon_Studio_Windows_64-9.3.0\Katalon_Studio_Windows_64-9.3.0\configuration\resources\lib\groovy-groovysh-3.0.17.jar;C:\Users\Yogalakshmi.k\.katalon\packages\Katalon_Studio_Windows_64-9.3.0\Katalon_Studio_Windows_64-9.3.0\configuration\resources\lib\groovy-jmx-3.0.17.jar;C:\Users\Yogalakshmi.k\.katalon\packages\Katalon_Studio_Windows_64-9.3.0\Katalon_Studio_Windows_64-9.3.0\configuration\resources\lib\groovy-json-3.0.17.jar;C:\Users\Yogalakshmi.k\.katalon\packages\Katalon_Studio_Windows_64-9.3.0\Katalon_Studio_Windows_64-9.3.0\configuration\resources\lib\groovy-jsr223-3.0.17.jar;C:\Users\Yogalakshmi.k\.katalon\packages\Katalon_Studio_Windows_64-9.3.0\Katalon_Studio_Windows_64-9.3.0\configuration\resources\lib\groovy-macro-3.0.17.jar;C:\Users\Yogalakshmi.k\.katalon\packages\Katalon_Studio_Windows_64-9.3.0\Katalon_Studio_Windows_64-9.3.0\configuration\resources\lib\groovy-nio-3.0.17.jar;C:\Users\Yogalakshmi.k\.katalon\packages\Katalon_Studio_Windows_64-9.3.0\Katalon_Studio_Windows_64-9.3.0\configuration\resources\lib\groovy-servlet-3.0.17.jar;C:\Users\Yogalakshmi.k\.katalon\packages\Katalon_Studio_Windows_64-9.3.0\Katalon_Studio_Windows_64-9.3.0\configuration\resources\lib\groovy-sql-3.0.17.jar;C:\Users\Yogalakshmi.k\.katalon\packages\Katalon_Studio_Windows_64-9.3.0\Katalon_Studio_Windows_64-9.3.0\configuration\resources\lib\groovy-swing-3.0.17.jar;C:\Users\Yogalakshmi.k\.katalon\packages\Katalon_Studio_Windows_64-9.3.0\Katalon_Studio_Windows_64-9.3.0\configuration\resources\lib\groovy-templates-3.0.17.jar;C:\Users\Yogalakshmi.k\.katalon\packages\Katalon_Studio_Windows_64-9.3.0\Katalon_Studio_Windows_64-9.3.0\configuration\resources\lib\groovy-test-3.0.17.jar;C:\Users\Yogalakshmi.k\.katalon\packages\Katalon_Studio_Windows_64-9.3.0\Katalon_Studio_Windows_64-9.3.0\configuration\resources\lib\groovy-test-junit5-3.0.17.jar;C:\Users\Yogalakshmi.k\.katalon\packages\Katalon_Studio_Windows_64-9.3.0\Katalon_Studio_Windows_64-9.3.0\configuration\resources\lib\groovy-testng-3.0.17.jar;C:\Users\Yogalakshmi.k\.katalon\packages\Katalon_Studio_Windows_64-9.3.0\Katalon_Studio_Windows_64-9.3.0\configuration\resources\lib\groovy-xml-3.0.17.jar;C:\Users\Yogalakshmi.k\.katalon\packages\Katalon_Studio_Windows_64-9.3.0\Katalon_Studio_Windows_64-9.3.0\configuration\resources\lib\java-client-7.0.0.jar;C:\Users\Yogalakshmi.k\.katalon\packages\Katalon_Studio_Windows_64-9.3.0\Katalon_Studio_Windows_64-9.3.0\configuration\resources\lib\javax.servlet-api_3.1.0.jar;C:\Users\Yogalakshmi.k\.katalon\packages\Katalon_Studio_Windows_64-9.3.0\Katalon_Studio_Windows_64-9.3.0\configuration\resources\lib\jna-5.12.1.jar;C:\Users\Yogalakshmi.k\.katalon\packages\Katalon_Studio_Windows_64-9.3.0\Katalon_Studio_Windows_64-9.3.0\configuration\resources\lib\jna-platform-5.12.1.jar;C:\Users\Yogalakshmi.k\.katalon\packages\Katalon_Studio_Windows_64-9.3.0\Katalon_Studio_Windows_64-9.3.0\configuration\resources\lib\jzlib-1.1.3.jar;C:\Users\Yogalakshmi.k\.katalon\packages\Katalon_Studio_Windows_64-9.3.0\Katalon_Studio_Windows_64-9.3.0\configuration\resources\lib\kat-server.jar;C:\Users\Yogalakshmi.k\.katalon\packages\Katalon_Studio_Windows_64-9.3.0\Katalon_Studio_Windows_64-9.3.0\configuration\resources\lib\littleproxy-1.1.0-beta-bmp-17.jar;C:\Users\Yogalakshmi.k\.katalon\packages\Katalon_Studio_Windows_64-9.3.0\Katalon_Studio_Windows_64-9.3.0\configuration\resources\lib\log4j-1.2-api-2.17.1.jar;C:\Users\Yogalakshmi.k\.katalon\packages\Katalon_Studio_Windows_64-9.3.0\Katalon_Studio_Windows_64-9.3.0\configuration\resources\lib\log4j-api-2.17.1.jar;C:\Users\Yogalakshmi.k\.katalon\packages\Katalon_Studio_Windows_64-9.3.0\Katalon_Studio_Windows_64-9.3.0\configuration\resources\lib\log4j-core-2.17.1.jar;C:\Users\Yogalakshmi.k\.katalon\packages\Katalon_Studio_Windows_64-9.3.0\Katalon_Studio_Windows_64-9.3.0\configuration\resources\lib\mitm-2.1.5.jar;C:\Users\Yogalakshmi.k\.katalon\packages\Katalon_Studio_Windows_64-9.3.0\Katalon_Studio_Windows_64-9.3.0\configuration\resources\lib\netty-all-4.1.70.Final.jar;C:\Users\Yogalakshmi.k\.katalon\packages\Katalon_Studio_Windows_64-9.3.0\Katalon_Studio_Windows_64-9.3.0\configuration\resources\lib\poi-3.17.jar;C:\Users\Yogalakshmi.k\.katalon\packages\Katalon_Studio_Windows_64-9.3.0\Katalon_Studio_Windows_64-9.3.0\configuration\resources\lib\poi-ooxml-3.17.jar;C:\Users\Yogalakshmi.k\.katalon\packages\Katalon_Studio_Windows_64-9.3.0\Katalon_Studio_Windows_64-9.3.0\configuration\resources\lib\poi-ooxml-schemas-3.17.jar;C:\Users\Yogalakshmi.k\.katalon\packages\Katalon_Studio_Windows_64-9.3.0\Katalon_Studio_Windows_64-9.3.0\configuration\resources\lib\proxy-vole-1.0.4-SNAPSHOT-jar-with-dependencies.jar;C:\Users\Yogalakshmi.k\.katalon\packages\Katalon_Studio_Windows_64-9.3.0\Katalon_Studio_Windows_64-9.3.0\configuration\resources\lib\repackaged-sikuli-api-1.0.2-standalone.jar;C:\Users\Yogalakshmi.k\.katalon\packages\Katalon_Studio_Windows_64-9.3.0\Katalon_Studio_Windows_64-9.3.0\configuration\resources\lib\selenium-leg-rc-3.141.59.jar;C:\Users\Yogalakshmi.k\.katalon\packages\Katalon_Studio_Windows_64-9.3.0\Katalon_Studio_Windows_64-9.3.0\configuration\resources\lib\selenium-server-standalone-3.141.59.jar;C:\Users\Yogalakshmi.k\.katalon\packages\Katalon_Studio_Windows_64-9.3.0\Katalon_Studio_Windows_64-9.3.0\configuration\resources\lib\selenium-shutterbug-1.1.jar;C:\Users\Yogalakshmi.k\.katalon\packages\Katalon_Studio_Windows_64-9.3.0\Katalon_Studio_Windows_64-9.3.0\configuration\resources\lib\slf4j-api-1.7.25.jar;C:\Users\Yogalakshmi.k\.katalon\packages\Katalon_Studio_Windows_64-9.3.0\Katalon_Studio_Windows_64-9.3.0\configuration\resources\lib\soap-builder-1.0.0.jar;C:\Users\Yogalakshmi.k\.katalon\packages\Katalon_Studio_Windows_64-9.3.0\Katalon_Studio_Windows_64-9.3.0\configuration\resources\lib\soap-common-1.0.0.jar;C:\Users\Yogalakshmi.k\.katalon\packages\Katalon_Studio_Windows_64-9.3.0\Katalon_Studio_Windows_64-9.3.0\configuration\resources\lib\soap-legacy-1.0.0.jar;C:\Users\Yogalakshmi.k\.katalon\packages\Katalon_Studio_Windows_64-9.3.0\Katalon_Studio_Windows_64-9.3.0\configuration\resources\lib\spring-context-5.3.19.jar;C:\Users\Yogalakshmi.k\.katalon\packages\Katalon_Studio_Windows_64-9.3.0\Katalon_Studio_Windows_64-9.3.0\configuration\resources\lib\stax2-api-4.0.0.jar;C:\Users\Yogalakshmi.k\.katalon\packages\Katalon_Studio_Windows_64-9.3.0\Katalon_Studio_Windows_64-9.3.0\configuration\resources\lib\su.jar;C:\Users\Yogalakshmi.k\.katalon\packages\Katalon_Studio_Windows_64-9.3.0\Katalon_Studio_Windows_64-9.3.0\configuration\resources\lib\testng-7.8.0.jar;C:\Users\Yogalakshmi.k\.katalon\packages\Katalon_Studio_Windows_64-9.3.0\Katalon_Studio_Windows_64-9.3.0\configuration\resources\lib\wadl.jar;C:\Users\Yogalakshmi.k\.katalon\packages\Katalon_Studio_Windows_64-9.3.0\Katalon_Studio_Windows_64-9.3.0\configuration\resources\lib\xmlbeans-3.1.0.jar;C:\Users\Yogalakshmi.k\.katalon\packages\Katalon_Studio_Windows_64-9.3.0\Katalon_Studio_Windows_64-9.3.0\plugins\net.sf.supercsv.super-csv_2.1.0.jar;C:\Users\Yogalakshmi.k\.katalon\packages\Katalon_Studio_Windows_64-9.3.0\Katalon_Studio_Windows_64-9.3.0\plugins\org.apache.commons.io_2.4.0.jar;C:\Users\Yogalakshmi.k\.katalon\packages\Katalon_Studio_Windows_64-9.3.0\Katalon_Studio_Windows_64-9.3.0\plugins\org.apache.commons.lang_2.6.0.jar;C:\Users\Yogalakshmi.k\.katalon\packages\Katalon_Studio_Windows_64-9.3.0\Katalon_Studio_Windows_64-9.3.0\plugins\com.google.gson_2.10.1.v20230109-0753.jar;C:\Users\Yogalakshmi.k\.katalon\packages\Katalon_Studio_Windows_64-9.3.0\Katalon_Studio_Windows_64-9.3.0\plugins\org.jsoup_1.14.3.jar;C:\Users\Yogalakshmi.k\.katalon\packages\Katalon_Studio_Windows_64-9.3.0\Katalon_Studio_Windows_64-9.3.0\plugins\org.apache.commons.dbutils_1.6.0.jar;C:\Users\Yogalakshmi.k\.katalon\packages\Katalon_Studio_Windows_64-9.3.0\Katalon_Studio_Windows_64-9.3.0\plugins\com.oracle.jdbc.ojdbc7_12.1.0.2.jar;C:\Users\Yogalakshmi.k\.katalon\packages\Katalon_Studio_Windows_64-9.3.0\Katalon_Studio_Windows_64-9.3.0\plugins\org.postgresql.jdbc_42.4.1.jar;c:\Users\Yogalakshmi.k\.katalon\packages\Katalon_Studio_Windows_64-9.3.0\Katalon_Studio_Windows_64-9.3.0\plugins\org.eclipse.osgi_3.18.300.v20230220-1352.jar;C:\Users\Yogalakshmi.k\.katalon\packages\Katalon_Studio_Windows_64-9.3.0\Katalon_Studio_Windows_64-9.3.0\plugins\com.kms.katalon.constant_1.0.0.202401301518.jar;C:\Users\Yogalakshmi.k\.katalon\packages\Katalon_Studio_Windows_64-9.3.0\Katalon_Studio_Windows_64-9.3.0\plugins\org.eclipse.persistence.eclipselink_2.7.11.jar;C:\Users\Yogalakshmi.k\.katalon\packages\Katalon_Studio_Windows_64-9.3.0\Katalon_Studio_Windows_64-9.3.0\plugins\com.kms.katalon.selenium-standalone_1.0.0.202401301518.jar;C:\Users\Yogalakshmi.k\.katalon\packages\Katalon_Studio_Windows_64-9.3.0\Katalon_Studio_Windows_64-9.3.0\plugins\atu.testrecorder.screen-recorder_2.1.0.jar;C:\Users\Yogalakshmi.k\.katalon\packages\Katalon_Studio_Windows_64-9.3.0\Katalon_Studio_Windows_64-9.3.0\plugins\com.google.guava_23.0.0.jar;C:\Users\Yogalakshmi.k\.katalon\packages\Katalon_Studio_Windows_64-9.3.0\Katalon_Studio_Windows_64-9.3.0\plugins\com.kms.katalon.util_1.0.0.202401301518.jar;C:\Users\Yogalakshmi.k\.katalon\packages\Katalon_Studio_Windows_64-9.3.0\Katalon_Studio_Windows_64-9.3.0\plugins\org.apache.httpcomponents.httpclient_4.5.14.v20221207-1049.jar;C:\Users\Yogalakshmi.k\.katalon\packages\Katalon_Studio_Windows_64-9.3.0\Katalon_Studio_Windows_64-9.3.0\plugins\org.apache.httpcomponents.httpcore_4.4.16.v20221207-1049.jar;C:\Users\Yogalakshmi.k\.katalon\packages\Katalon_Studio_Windows_64-9.3.0\Katalon_Studio_Windows_64-9.3.0\plugins\org.apache.httpcomponents.httpmime_4.5.1.jar;C:\Users\Yogalakshmi.k\.katalon\packages\Katalon_Studio_Windows_64-9.3.0\Katalon_Studio_Windows_64-9.3.0\plugins\org.apache.commons.lang3_3.7.0.jar;C:\Users\Yogalakshmi.k\.katalon\packages\Katalon_Studio_Windows_64-9.3.0\Katalon_Studio_Windows_64-9.3.0\plugins\org.greenrobot.eventbus_3.1.1.jar;C:\Users\Yogalakshmi.k\.katalon\packages\Katalon_Studio_Windows_64-9.3.0\Katalon_Studio_Windows_64-9.3.0\plugins\org.assertj.core_3.10.0.jar;C:\Users\Yogalakshmi.k\.katalon\packages\Katalon_Studio_Windows_64-9.3.0\Katalon_Studio_Windows_64-9.3.0\plugins\org.junit_4.13.2.v20211018-1956.jar;C:\Users\Yogalakshmi.k\.katalon\packages\Katalon_Studio_Windows_64-9.3.0\Katalon_Studio_Windows_64-9.3.0\plugins\com.fasterxml.jackson.core.jackson-databind_2.14.0.jar;C:\Users\Yogalakshmi.k\.katalon\packages\Katalon_Studio_Windows_64-9.3.0\Katalon_Studio_Windows_64-9.3.0\plugins\com.fasterxml.jackson.core.jackson-core_2.14.0.jar;C:\Users\Yogalakshmi.k\.katalon\packages\Katalon_Studio_Windows_64-9.3.0\Katalon_Studio_Windows_64-9.3.0\plugins\com.fasterxml.jackson.core.jackson-annotations_2.14.0.jar;C:\Users\Yogalakshmi.k\.katalon\packages\Katalon_Studio_Windows_64-9.3.0\Katalon_Studio_Windows_64-9.3.0\plugins\ch.qos.logback.classic_1.2.3.jar;C:\Users\Yogalakshmi.k\.katalon\packages\Katalon_Studio_Windows_64-9.3.0\Katalon_Studio_Windows_64-9.3.0\plugins\ch.qos.logback.core_1.2.3.jar;C:\Users\Yogalakshmi.k\.katalon\packages\Katalon_Studio_Windows_64-9.3.0\Katalon_Studio_Windows_64-9.3.0\plugins\slf4j.api_1.7.36.jar;C:\Users\Yogalakshmi.k\.katalon\packages\Katalon_Studio_Windows_64-9.3.0\Katalon_Studio_Windows_64-9.3.0\plugins\org.fusesource.jansi_1.17.1.jar;C:\Users\Yogalakshmi.k\.katalon\packages\Katalon_Studio_Windows_64-9.3.0\Katalon_Studio_Windows_64-9.3.0\plugins\com.kms.katalon.netlightbody_1.0.0.202401301518.jar;C:\Users\Yogalakshmi.k\.katalon\packages\Katalon_Studio_Windows_64-9.3.0\Katalon_Studio_Windows_64-9.3.0\plugins\com.kms.katalon.poi_1.0.0.202401301518.jar;C:\Users\Yogalakshmi.k\.katalon\packages\Katalon_Studio_Windows_64-9.3.0\Katalon_Studio_Windows_64-9.3.0\plugins\org.apache.commons.commons-text_1.10.0.jar;C:\Users\Yogalakshmi.k\.katalon\packages\Katalon_Studio_Windows_64-9.3.0\Katalon_Studio_Windows_64-9.3.0\plugins\com.kms.katalon.proxyvole_1.0.0.202401301518.jar;C:\Users\Yogalakshmi.k\.katalon\packages\Katalon_Studio_Windows_64-9.3.0\Katalon_Studio_Windows_64-9.3.0\plugins\com.microsoft.sqlserver.mssql-jdbc_6.2.2.jre8.jar;C:\Users\Yogalakshmi.k\.katalon\packages\Katalon_Studio_Windows_64-9.3.0\Katalon_Studio_Windows_64-9.3.0\plugins\com.github.kklisura.cdt.java-client_2.1.0.jar;C:\Users\Yogalakshmi.k\.katalon\packages\Katalon_Studio_Windows_64-9.3.0\Katalon_Studio_Windows_64-9.3.0\plugins\javax.websocket-api_1.1.0.jar;C:\Users\Yogalakshmi.k\.katalon\packages\Katalon_Studio_Windows_64-9.3.0\Katalon_Studio_Windows_64-9.3.0\plugins\org.glassfish.tyrus.container-grizzly-client_1.13.1.jar;C:\Users\Yogalakshmi.k\.katalon\packages\Katalon_Studio_Windows_64-9.3.0\Katalon_Studio_Windows_64-9.3.0\plugins\org.glassfish.grizzly.http-server_2.3.25.jar;C:\Users\Yogalakshmi.k\.katalon\packages\Katalon_Studio_Windows_64-9.3.0\Katalon_Studio_Windows_64-9.3.0\plugins\org.glassfish.grizzly.framework_2.3.25.jar;C:\Users\Yogalakshmi.k\.katalon\packages\Katalon_Studio_Windows_64-9.3.0\Katalon_Studio_Windows_64-9.3.0\plugins\org.glassfish.grizzly.http_2.3.25.jar;C:\Users\Yogalakshmi.k\.katalon\packages\Katalon_Studio_Windows_64-9.3.0\Katalon_Studio_Windows_64-9.3.0\plugins\org.glassfish.tyrus.client_1.13.1.jar;C:\Users\Yogalakshmi.k\.katalon\packages\Katalon_Studio_Windows_64-9.3.0\Katalon_Studio_Windows_64-9.3.0\plugins\org.glassfish.tyrus.core_1.13.1.jar;C:\Users\Yogalakshmi.k\.katalon\packages\Katalon_Studio_Windows_64-9.3.0\Katalon_Studio_Windows_64-9.3.0\plugins\org.glassfish.tyrus.spi_1.13.1.jar;C:\Users\Yogalakshmi.k\.katalon\packages\Katalon_Studio_Windows_64-9.3.0\Katalon_Studio_Windows_64-9.3.0\plugins\javassist_3.28.0.GA.jar;C:\Users\Yogalakshmi.k\.katalon\packages\Katalon_Studio_Windows_64-9.3.0\Katalon_Studio_Windows_64-9.3.0\plugins\com.graphql-java_16.2.0.jar;C:\Users\Yogalakshmi.k\.katalon\packages\Katalon_Studio_Windows_64-9.3.0\Katalon_Studio_Windows_64-9.3.0\plugins\org.glassfish.jaxb.runtime_2.3.6.jar;C:\Users\Yogalakshmi.k\.katalon\packages\Katalon_Studio_Windows_64-9.3.0\Katalon_Studio_Windows_64-9.3.0\plugins\org.glassfish.jaxb.txw2_2.3.6.jar;C:\Users\Yogalakshmi.k\.katalon\packages\Katalon_Studio_Windows_64-9.3.0\Katalon_Studio_Windows_64-9.3.0\plugins\org.dom4j_1.6.1.v201312101416.jar;C:\Users\Yogalakshmi.k\.katalon\packages\Katalon_Studio_Windows_64-9.3.0\Katalon_Studio_Windows_64-9.3.0\plugins\com.kms.katalon.groovy-extended_1.0.0.202401301518.jar;C:\Users\Yogalakshmi.k\.katalon\packages\Katalon_Studio_Windows_64-9.3.0\Katalon_Studio_Windows_64-9.3.0\plugins\com.sun.activation.javax.activation_1.2.0.jar;C:\Users\Yogalakshmi.k\.katalon\packages\Katalon_Studio_Windows_64-9.3.0\Katalon_Studio_Windows_64-9.3.0\plugins\jakarta.xml.bind-api_2.3.3.jar;C:\Users\Yogalakshmi.k\.katalon\packages\Katalon_Studio_Windows_64-9.3.0\Katalon_Studio_Windows_64-9.3.0\plugins\com.sun.xml.bind.jaxb-impl_2.3.6.jar;C:\Users\Yogalakshmi.k\.katalon\packages\Katalon_Studio_Windows_64-9.3.0\Katalon_Studio_Windows_64-9.3.0\plugins\org.apache.commons.logging_1.2.0.v20180409-1502.jar;C:\Users\Yogalakshmi.k\.katalon\packages\Katalon_Studio_Windows_64-9.3.0\Katalon_Studio_Windows_64-9.3.0\plugins\org.hamcrest.core_1.3.0.v20180420-1519.jar;C:\Users\Yogalakshmi.k\.katalon\packages\Katalon_Studio_Windows_64-9.3.0\Katalon_Studio_Windows_64-9.3.0\plugins\org.beanshell.bsh_2.0.0.0b4.jar;C:\Users\Yogalakshmi.k\.katalon\packages\Katalon_Studio_Windows_64-9.3.0\Katalon_Studio_Windows_64-9.3.0\plugins\org.apache.ant.launcher_1.9.6.jar;C:\Users\Yogalakshmi.k\.katalon\packages\Katalon_Studio_Windows_64-9.3.0\Katalon_Studio_Windows_64-9.3.0\plugins\com.kms.katalon.core.appium_1.0.0.202401301518.jar;C:\Users\Yogalakshmi.k\.katalon\packages\Katalon_Studio_Windows_64-9.3.0\Katalon_Studio_Windows_64-9.3.0\plugins\com.kms.katalon.logging_1.0.0.202401301518.jar;C:\Users\Yogalakshmi.k\.katalon\packages\Katalon_Studio_Windows_64-9.3.0\Katalon_Studio_Windows_64-9.3.0\plugins\org.eclipse.equinox.common_3.17.100.v20230202-1341.jar;C:\Users\Yogalakshmi.k\.katalon\packages\Katalon_Studio_Windows_64-9.3.0\Katalon_Studio_Windows_64-9.3.0\plugins\com.kms.katalon.core.webui_1.0.0.202401301518.jar;C:\Users\Yogalakshmi.k\.katalon\packages\Katalon_Studio_Windows_64-9.3.0\Katalon_Studio_Windows_64-9.3.0\plugins\org.json_20140107.0.0.jar;C:\Users\Yogalakshmi.k\.katalon\packages\Katalon_Studio_Windows_64-9.3.0\Katalon_Studio_Windows_64-9.3.0\plugins\org.eclipse.e4.core.contexts_1.11.0.v20220716-0839.jar;C:\Users\Yogalakshmi.k\.katalon\packages\Katalon_Studio_Windows_64-9.3.0\Katalon_Studio_Windows_64-9.3.0\plugins\org.eclipse.e4.core.services_2.3.400.v20220915-1347.jar;C:\Users\Yogalakshmi.k\.katalon\packages\Katalon_Studio_Windows_64-9.3.0\Katalon_Studio_Windows_64-9.3.0\plugins\com.kms.katalon.core.mobile_1.0.0.202401301518.jar;C:\Users\Yogalakshmi.k\.katalon\packages\Katalon_Studio_Windows_64-9.3.0\Katalon_Studio_Windows_64-9.3.0\plugins\org.apache.commons.commons-validator_1.7.0.jar;C:\Users\Yogalakshmi.k\.katalon\packages\Katalon_Studio_Windows_64-9.3.0\Katalon_Studio_Windows_64-9.3.0\plugins\com.kms.katalon.core.cucumber_1.0.0.202401301518.jar;C:\Users\Yogalakshmi.k\.katalon\packages\Katalon_Studio_Windows_64-9.3.0\Katalon_Studio_Windows_64-9.3.0\plugins\io.cucumber.core_3.0.2.jar;C:\Users\Yogalakshmi.k\.katalon\packages\Katalon_Studio_Windows_64-9.3.0\Katalon_Studio_Windows_64-9.3.0\plugins\io.cucumber.datatable_1.0.3.jar;C:\Users\Yogalakshmi.k\.katalon\packages\Katalon_Studio_Windows_64-9.3.0\Katalon_Studio_Windows_64-9.3.0\plugins\io.cucumber.datatable-dependencies_1.0.3.jar;C:\Users\Yogalakshmi.k\.katalon\packages\Katalon_Studio_Windows_64-9.3.0\Katalon_Studio_Windows_64-9.3.0\plugins\io.cucumber.expressions_5.0.19.jar;C:\Users\Yogalakshmi.k\.katalon\packages\Katalon_Studio_Windows_64-9.3.0\Katalon_Studio_Windows_64-9.3.0\plugins\io.cucumber.gherkin_5.0.0.jar;C:\Users\Yogalakshmi.k\.katalon\packages\Katalon_Studio_Windows_64-9.3.0\Katalon_Studio_Windows_64-9.3.0\plugins\io.cucumber.html_0.2.7.jar;C:\Users\Yogalakshmi.k\.katalon\packages\Katalon_Studio_Windows_64-9.3.0\Katalon_Studio_Windows_64-9.3.0\plugins\io.cucumber.java_3.0.2.jar;C:\Users\Yogalakshmi.k\.katalon\packages\Katalon_Studio_Windows_64-9.3.0\Katalon_Studio_Windows_64-9.3.0\plugins\io.cucumber.tag-expressions_1.1.1.jar;C:\Users\Yogalakshmi.k\.katalon\packages\Katalon_Studio_Windows_64-9.3.0\Katalon_Studio_Windows_64-9.3.0\plugins\io.cucumber.junit_3.0.2.jar;C:\Users\Yogalakshmi.k\.katalon\packages\Katalon_Studio_Windows_64-9.3.0\Katalon_Studio_Windows_64-9.3.0\plugins\com.kms.katalon.core.webservice_1.0.0.202401301518.jar;C:\Users\Yogalakshmi.k\.katalon\packages\Katalon_Studio_Windows_64-9.3.0\Katalon_Studio_Windows_64-9.3.0\plugins\wsdl4j_1.6.2.jar;C:\Users\Yogalakshmi.k\.katalon\packages\Katalon_Studio_Windows_64-9.3.0\Katalon_Studio_Windows_64-9.3.0\plugins\com.google.oauth-client.google-oauth-client_1.22.0.jar;C:\Users\Yogalakshmi.k\.katalon\packages\Katalon_Studio_Windows_64-9.3.0\Katalon_Studio_Windows_64-9.3.0\plugins\com.google.http-client.google-http-client_1.22.0.jar;C:\Users\Yogalakshmi.k\.katalon\packages\Katalon_Studio_Windows_64-9.3.0\Katalon_Studio_Windows_64-9.3.0\plugins\ca.juliusdavies.not-yet-commons-ssl_0.3.11.jar;C:\Users\Yogalakshmi.k\.katalon\packages\Katalon_Studio_Windows_64-9.3.0\Katalon_Studio_Windows_64-9.3.0\plugins\com.kms.katalon.preferences_1.0.0.202401301518.jar;C:\Users\Yogalakshmi.k\.katalon\packages\Katalon_Studio_Windows_64-9.3.0\Katalon_Studio_Windows_64-9.3.0\plugins\org.apache.xmlbeans_3.1.0.jar;C:\Users\Yogalakshmi.k\.katalon\packages\Katalon_Studio_Windows_64-9.3.0\Katalon_Studio_Windows_64-9.3.0\plugins\com.kms.katalon.entity_1.0.0.202401301518.jar;C:\Users\Yogalakshmi.k\.katalon\packages\Katalon_Studio_Windows_64-9.3.0\Katalon_Studio_Windows_64-9.3.0\plugins\org.antlr.antlr4-runtime_4.8.0.jar;C:\Users\Yogalakshmi.k\.katalon\packages\Katalon_Studio_Windows_64-9.3.0\Katalon_Studio_Windows_64-9.3.0\plugins\com.networknt.json-schema-validator_1.0.66.jar;C:\Users\Yogalakshmi.k\.katalon\packages\Katalon_Studio_Windows_64-9.3.0\Katalon_Studio_Windows_64-9.3.0\plugins\jakarta.xml.ws-api_2.3.3.jar;C:\Users\Yogalakshmi.k\.katalon\packages\Katalon_Studio_Windows_64-9.3.0\Katalon_Studio_Windows_64-9.3.0\plugins\javax.xml.soap-api_1.4.0.jar;C:\Users\Yogalakshmi.k\.katalon\packages\Katalon_Studio_Windows_64-9.3.0\Katalon_Studio_Windows_64-9.3.0\plugins\com.kms.katalon.core.windows_1.0.0.202401301518.jar;C:\Users\Yogalakshmi.k\.katalon\packages\Katalon_Studio_Windows_64-9.3.0\Katalon_Studio_Windows_64-9.3.0\plugins\com.kms.katalon.core.testng_1.0.0.202401301518.jar;C:\Users\Yogalakshmi.k\.katalon\packages\Katalon_Studio_Windows_64-9.3.0\Katalon_Studio_Windows_64-9.3.0\configuration\org.eclipse.osgi\27\0\.cp\resources\basic-report\katalon-studio-report-plugin.jar;C:\Users\Yogalakshmi.k\.katalon\packages\Katalon_Studio_Windows_64-9.3.0\Katalon_Studio_Windows_64-9.3.0\plugins\org.codehaus.groovy_3.0.17.v202303311542-e2303\lib\groovy-3.0.17-indy.jar;C:\Users\Yogalakshmi.k\.katalon\packages\Katalon_Studio_Windows_64-9.3.0\Katalon_Studio_Windows_64-9.3.0\plugins\org.codehaus.groovy_3.0.17.v202303311542-e2303\lib\ivy-2.5.1.jar --main groovy.ui.GroovyMain --encoding UTF-8 --indy C:\Users\Yogalakshmi.k\Katalon Studio\USEcologyA\Libs\TempTestCase1709264198371.groovy

Host: Intel(R) Core(TM) i5-10210U CPU @ 1.60GHz, 8 cores, 7G,  Windows 10 , 64 bit Build 19041 (10.0.19041.3636)
Time: Fri Mar  1 09:09:01 2024 India Standard Time elapsed time: 132.457529 seconds (0d 0h 2m 12s)

---------------  T H R E A D  ---------------

Current thread (0x0000025eea076db0):  JavaThread "C2 CompilerThread0" daemon [_thread_in_native, id=18800, stack(0x000000926b200000,0x000000926b300000)]


Current CompileTask:
C2: 132457 5043       4       groovy.lang.MetaClassImpl$1MOPIter::methodNameAction (325 bytes)

Stack: [0x000000926b200000,0x000000926b300000]
Native frames: (J=compiled Java code, j=interpreted, Vv=VM code, C=native code)
V  [jvm.dll+0x67754a]
V  [jvm.dll+0x834304]
V  [jvm.dll+0x835aae]
V  [jvm.dll+0x836113]
V  [jvm.dll+0x24696f]
V  [jvm.dll+0xac0ac]
V  [jvm.dll+0xac67c]
V  [jvm.dll+0x2adbef]
V  [jvm.dll+0x580067]
V  [jvm.dll+0x221e72]
V  [jvm.dll+0x22224f]
V  [jvm.dll+0x21b4a5]
V  [jvm.dll+0x21895b]
V  [jvm.dll+0x1a4d8d]
V  [jvm.dll+0x2284da]
V  [jvm.dll+0x226615]
V  [jvm.dll+0x7ea90b]
V  [jvm.dll+0x7e4e7a]
V  [jvm.dll+0x676395]
C  [ucrtbase.dll+0x21bb2]
C  [KERNEL32.DLL+0x17344]
C  [ntdll.dll+0x526b1]


---------------  P R O C E S S  ---------------

Threads class SMR info:
_java_thread_list=0x0000025eeb53b300, length=22, elements={
0x0000025ecbf38c60, 0x0000025eea089150, 0x0000025eea08a070, 0x0000025eea0743b0,
0x0000025eea074c70, 0x0000025eea075900, 0x0000025eea0761c0, 0x0000025eea076db0,
0x0000025eea11fe80, 0x0000025eea122770, 0x0000025eea2501b0, 0x0000025eeac6f1d0,
0x0000025eea250680, 0x0000025eea2d60e0, 0x0000025eea5faa50, 0x0000025eea880b60,
0x0000025eec200040, 0x0000025eec200510, 0x0000025eec2026c0, 0x0000025eec203060,
0x0000025eec203a00, 0x0000025eec200eb0
}

Java Threads: ( => current thread )
  0x0000025ecbf38c60 JavaThread "Forwarding screenshot on session bf505f6e52125e1d6ee3728b81d920f2 to remote" [_thread_in_native, id=20080, stack(0x000000926a500000,0x000000926a600000)]
  0x0000025eea089150 JavaThread "Reference Handler" daemon [_thread_blocked, id=23500, stack(0x000000926ac00000,0x000000926ad00000)]
  0x0000025eea08a070 JavaThread "Finalizer" daemon [_thread_blocked, id=1968, stack(0x000000926ad00000,0x000000926ae00000)]
  0x0000025eea0743b0 JavaThread "Signal Dispatcher" daemon [_thread_blocked, id=28000, stack(0x000000926ae00000,0x000000926af00000)]
  0x0000025eea074c70 JavaThread "Attach Listener" daemon [_thread_blocked, id=23420, stack(0x000000926af00000,0x000000926b000000)]
  0x0000025eea075900 JavaThread "Service Thread" daemon [_thread_blocked, id=22676, stack(0x000000926b000000,0x000000926b100000)]
  0x0000025eea0761c0 JavaThread "Monitor Deflation Thread" daemon [_thread_blocked, id=21144, stack(0x000000926b100000,0x000000926b200000)]
=>0x0000025eea076db0 JavaThread "C2 CompilerThread0" daemon [_thread_in_native, id=18800, stack(0x000000926b200000,0x000000926b300000)]
  0x0000025eea11fe80 JavaThread "C1 CompilerThread0" daemon [_thread_blocked, id=22080, stack(0x000000926b300000,0x000000926b400000)]
  0x0000025eea122770 JavaThread "Sweeper thread" daemon [_thread_blocked, id=29184, stack(0x000000926b400000,0x000000926b500000)]
  0x0000025eea2501b0 JavaThread "Common-Cleaner" daemon [_thread_blocked, id=25852, stack(0x000000926b500000,0x000000926b600000)]
  0x0000025eeac6f1d0 JavaThread "Notification Thread" daemon [_thread_blocked, id=17944, stack(0x000000926b600000,0x000000926b700000)]
  0x0000025eea250680 JavaThread "Exec Default Executor" daemon [_thread_in_native, id=20160, stack(0x000000926a200000,0x000000926a300000)]
  0x0000025eea2d60e0 JavaThread "Exec Stream Pumper" daemon [_thread_in_native, id=32200, stack(0x000000926c000000,0x000000926c100000)]
  0x0000025eea5faa50 JavaThread "Exec Stream Pumper" daemon [_thread_in_native, id=32204, stack(0x000000926c100000,0x000000926c200000)]
  0x0000025eea880b60 JavaThread "ForkJoinPool.commonPool-worker-1" daemon [_thread_blocked, id=32800, stack(0x000000926c300000,0x000000926c400000)]
  0x0000025eec200040 JavaThread "ForkJoinPool.commonPool-worker-2" daemon [_thread_blocked, id=32804, stack(0x000000926c400000,0x000000926c500000)]
  0x0000025eec200510 JavaThread "ForkJoinPool.commonPool-worker-3" daemon [_thread_blocked, id=32808, stack(0x000000926c500000,0x000000926c600000)]
  0x0000025eec2026c0 JavaThread "ForkJoinPool.commonPool-worker-4" daemon [_thread_blocked, id=32812, stack(0x000000926c600000,0x000000926c700000)]
  0x0000025eec203060 JavaThread "ForkJoinPool.commonPool-worker-6" daemon [_thread_blocked, id=32824, stack(0x000000926c800000,0x000000926c900000)]
  0x0000025eec203a00 JavaThread "OkHttp ConnectionPool" daemon [_thread_blocked, id=32964, stack(0x000000926c900000,0x000000926ca00000)]
  0x0000025eec200eb0 JavaThread "Okio Watchdog" daemon [_thread_blocked, id=32968, stack(0x000000926ca00000,0x000000926cb00000)]

Other Threads:
  0x0000025eea050850 VMThread "VM Thread" [stack: 0x000000926ab00000,0x000000926ac00000] [id=1188]
  0x0000025eeac64050 WatcherThread [stack: 0x000000926b700000,0x000000926b800000] [id=28724]
  0x0000025ee34c19b0 GCTaskThread "GC Thread#0" [stack: 0x000000926a600000,0x000000926a700000] [id=22408]
  0x0000025eeadffaa0 GCTaskThread "GC Thread#1" [stack: 0x000000926b800000,0x000000926b900000] [id=19320]
  0x0000025eeadffd50 GCTaskThread "GC Thread#2" [stack: 0x000000926b900000,0x000000926ba00000] [id=25636]
  0x0000025eeb5fb5e0 GCTaskThread "GC Thread#3" [stack: 0x000000926bb00000,0x000000926bc00000] [id=26612]
  0x0000025eebcf0250 GCTaskThread "GC Thread#4" [stack: 0x000000926bc00000,0x000000926bd00000] [id=28416]
  0x0000025eebcf0500 GCTaskThread "GC Thread#5" [stack: 0x000000926bd00000,0x000000926be00000] [id=30844]
  0x0000025eeb537770 GCTaskThread "GC Thread#6" [stack: 0x000000926ba00000,0x000000926bb00000] [id=21800]
  0x0000025eeb537a20 GCTaskThread "GC Thread#7" [stack: 0x000000926be00000,0x000000926bf00000] [id=24848]
  0x0000025ee34ca110 ConcurrentGCThread "G1 Main Marker" [stack: 0x000000926a700000,0x000000926a800000] [id=22888]
  0x0000025ee34caa30 ConcurrentGCThread "G1 Conc#0" [stack: 0x000000926a800000,0x000000926a900000] [id=16108]
  0x0000025eebf25560 ConcurrentGCThread "G1 Conc#1" [stack: 0x000000926bf00000,0x000000926c000000] [id=28248]
  0x0000025ee3558fb0 ConcurrentGCThread "G1 Refine#0" [stack: 0x000000926a900000,0x000000926aa00000] [id=8428]
  0x0000025ee3559ea0 ConcurrentGCThread "G1 Service" [stack: 0x000000926aa00000,0x000000926ab00000] [id=13372]

Threads with active compile tasks:
C2 CompilerThread0   132624 5043       4       groovy.lang.MetaClassImpl$1MOPIter::methodNameAction (325 bytes)

VM state: not at safepoint (normal execution)

VM Mutex/Monitor currently owned by a thread: None

Heap address: 0x0000000080000000, size: 2048 MB, Compressed Oops mode: 32-bit

CDS archive(s) not mapped
Compressed class space mapped at: 0x0000000100000000-0x0000000140000000, reserved size: 1073741824
Narrow klass base: 0x0000000000000000, Narrow klass shift: 3, Narrow klass range: 0x140000000

GC Precious Log:
 CPUs: 8 total, 8 available
 Memory: 7998M
 Large Page Support: Disabled
 NUMA Support: Disabled
 Compressed Oops: Enabled (32-bit)
 Heap Region Size: 1M
 Heap Min Capacity: 8M
 Heap Initial Capacity: 126M
 Heap Max Capacity: 2G
 Pre-touch: Disabled
 Parallel Workers: 8
 Concurrent Workers: 2
 Concurrent Refinement Workers: 8
 Periodic GC: Disabled

Heap:
 garbage-first heap   total 78848K, used 40201K [0x0000000080000000, 0x0000000100000000)
  region size 1024K, 7 young (7168K), 2 survivors (2048K)
 Metaspace       used 43829K, committed 44352K, reserved 1114112K
  class space    used 4884K, committed 5120K, reserved 1048576K

Heap Regions: E=young(eden), S=young(survivor), O=old, HS=humongous(starts), HC=humongous(continues), CS=collection set, F=free, OA=open archive, CA=closed archive, TAMS=top-at-mark-start (previous, next)
|   0|0x0000000080000000, 0x0000000080100000, 0x0000000080100000|100%|HS|  |TAMS 0x0000000080100000, 0x0000000080000000| Complete 
|   1|0x0000000080100000, 0x0000000080200000, 0x0000000080200000|100%|HS|  |TAMS 0x0000000080200000, 0x0000000080100000| Complete 
|   2|0x0000000080200000, 0x0000000080300000, 0x0000000080300000|100%|HS|  |TAMS 0x0000000080300000, 0x0000000080200000| Complete 
|   3|0x0000000080300000, 0x0000000080400000, 0x0000000080400000|100%|HC|  |TAMS 0x0000000080400000, 0x0000000080300000| Complete 
|   4|0x0000000080400000, 0x0000000080500000, 0x0000000080500000|100%| O|  |TAMS 0x0000000080500000, 0x0000000080400000| Untracked 
|   5|0x0000000080500000, 0x0000000080600000, 0x0000000080600000|100%| O|  |TAMS 0x0000000080600000, 0x0000000080500000| Untracked 
|   6|0x0000000080600000, 0x0000000080700000, 0x0000000080700000|100%| O|  |TAMS 0x0000000080700000, 0x0000000080600000| Untracked 
|   7|0x0000000080700000, 0x0000000080800000, 0x0000000080800000|100%| O|  |TAMS 0x0000000080800000, 0x0000000080700000| Untracked 
|   8|0x0000000080800000, 0x0000000080900000, 0x0000000080900000|100%| O|  |TAMS 0x0000000080900000, 0x0000000080800000| Untracked 
|   9|0x0000000080900000, 0x0000000080a00000, 0x0000000080a00000|100%| O|  |TAMS 0x0000000080a00000, 0x0000000080900000| Untracked 
|  10|0x0000000080a00000, 0x0000000080b00000, 0x0000000080b00000|100%| O|  |TAMS 0x0000000080b00000, 0x0000000080a00000| Untracked 
|  11|0x0000000080b00000, 0x0000000080c00000, 0x0000000080c00000|100%| O|  |TAMS 0x0000000080c00000, 0x0000000080b00000| Untracked 
|  12|0x0000000080c00000, 0x0000000080d00000, 0x0000000080d00000|100%| O|  |TAMS 0x0000000080d00000, 0x0000000080c00000| Untracked 
|  13|0x0000000080d00000, 0x0000000080e00000, 0x0000000080e00000|100%| O|  |TAMS 0x0000000080e00000, 0x0000000080d00000| Untracked 
|  14|0x0000000080e00000, 0x0000000080f00000, 0x0000000080f00000|100%| O|  |TAMS 0x0000000080f00000, 0x0000000080e00000| Untracked 
|  15|0x0000000080f00000, 0x0000000081000000, 0x0000000081000000|100%| O|  |TAMS 0x0000000081000000, 0x0000000080f00000| Untracked 
|  16|0x0000000081000000, 0x0000000081100000, 0x0000000081100000|100%| O|  |TAMS 0x0000000081100000, 0x0000000081000000| Untracked 
|  17|0x0000000081100000, 0x0000000081200000, 0x0000000081200000|100%| O|  |TAMS 0x0000000081200000, 0x0000000081100000| Untracked 
|  18|0x0000000081200000, 0x0000000081277a00, 0x0000000081300000| 46%| O|  |TAMS 0x0000000081277a00, 0x0000000081200000| Untracked 
|  19|0x0000000081300000, 0x0000000081400000, 0x0000000081400000|100%| O|  |TAMS 0x0000000081400000, 0x0000000081300000| Untracked 
|  20|0x0000000081400000, 0x0000000081500000, 0x0000000081500000|100%| O|  |TAMS 0x0000000081500000, 0x0000000081400000| Untracked 
|  21|0x0000000081500000, 0x0000000081600000, 0x0000000081600000|100%| O|  |TAMS 0x0000000081600000, 0x0000000081500000| Untracked 
|  22|0x0000000081600000, 0x0000000081700000, 0x0000000081700000|100%| O|  |TAMS 0x0000000081700000, 0x0000000081600000| Untracked 
|  23|0x0000000081700000, 0x0000000081800000, 0x0000000081800000|100%| O|  |TAMS 0x0000000081800000, 0x0000000081700000| Untracked 
|  24|0x0000000081800000, 0x0000000081900000, 0x0000000081900000|100%| O|  |TAMS 0x0000000081900000, 0x0000000081800000| Untracked 
|  25|0x0000000081900000, 0x0000000081a00000, 0x0000000081a00000|100%| O|  |TAMS 0x0000000081900000, 0x0000000081900000| Untracked 
|  26|0x0000000081a00000, 0x0000000081b00000, 0x0000000081b00000|100%| O|  |TAMS 0x0000000081a00000, 0x0000000081a00000| Untracked 
|  27|0x0000000081b00000, 0x0000000081c00000, 0x0000000081c00000|100%| O|  |TAMS 0x0000000081b00000, 0x0000000081b00000| Untracked 
|  28|0x0000000081c00000, 0x0000000081d00000, 0x0000000081d00000|100%| O|  |TAMS 0x0000000081d00000, 0x0000000081c00000| Untracked 
|  29|0x0000000081d00000, 0x0000000081e00000, 0x0000000081e00000|100%| O|  |TAMS 0x0000000081e00000, 0x0000000081d00000| Untracked 
|  30|0x0000000081e00000, 0x0000000081f00000, 0x0000000081f00000|100%| O|  |TAMS 0x0000000081e00000, 0x0000000081e00000| Untracked 
|  31|0x0000000081f00000, 0x0000000082000000, 0x0000000082000000|100%| O|  |TAMS 0x0000000081f00000, 0x0000000081f00000| Untracked 
|  32|0x0000000082000000, 0x0000000082100000, 0x0000000082100000|100%| O|  |TAMS 0x0000000082000000, 0x0000000082000000| Untracked 
|  33|0x0000000082100000, 0x0000000082200000, 0x0000000082200000|100%| O|  |TAMS 0x0000000082100000, 0x0000000082100000| Untracked 
|  34|0x0000000082200000, 0x0000000082258800, 0x0000000082300000| 34%| O|  |TAMS 0x0000000082200000, 0x0000000082200000| Untracked 
|  35|0x0000000082300000, 0x0000000082300000, 0x0000000082400000|  0%| F|  |TAMS 0x0000000082300000, 0x0000000082300000| Untracked 
|  36|0x0000000082400000, 0x0000000082400000, 0x0000000082500000|  0%| F|  |TAMS 0x0000000082400000, 0x0000000082400000| Untracked 
|  37|0x0000000082500000, 0x0000000082500000, 0x0000000082600000|  0%| F|  |TAMS 0x0000000082500000, 0x0000000082500000| Untracked 
|  38|0x0000000082600000, 0x0000000082600000, 0x0000000082700000|  0%| F|  |TAMS 0x0000000082600000, 0x0000000082600000| Untracked 
|  39|0x0000000082700000, 0x0000000082700000, 0x0000000082800000|  0%| F|  |TAMS 0x0000000082700000, 0x0000000082700000| Untracked 
|  40|0x0000000082800000, 0x0000000082800000, 0x0000000082900000|  0%| F|  |TAMS 0x0000000082800000, 0x0000000082800000| Untracked 
|  41|0x0000000082900000, 0x0000000082900000, 0x0000000082a00000|  0%| F|  |TAMS 0x0000000082900000, 0x0000000082900000| Untracked 
|  42|0x0000000082a00000, 0x0000000082a00000, 0x0000000082b00000|  0%| F|  |TAMS 0x0000000082a00000, 0x0000000082a00000| Untracked 
|  43|0x0000000082b00000, 0x0000000082b00000, 0x0000000082c00000|  0%| F|  |TAMS 0x0000000082b00000, 0x0000000082b00000| Untracked 
|  44|0x0000000082c00000, 0x0000000082c00000, 0x0000000082d00000|  0%| F|  |TAMS 0x0000000082c00000, 0x0000000082c00000| Untracked 
|  45|0x0000000082d00000, 0x0000000082d00000, 0x0000000082e00000|  0%| F|  |TAMS 0x0000000082d00000, 0x0000000082d00000| Untracked 
|  46|0x0000000082e00000, 0x0000000082e00000, 0x0000000082f00000|  0%| F|  |TAMS 0x0000000082e00000, 0x0000000082e00000| Untracked 
|  47|0x0000000082f00000, 0x0000000082f00000, 0x0000000083000000|  0%| F|  |TAMS 0x0000000082f00000, 0x0000000082f00000| Untracked 
|  48|0x0000000083000000, 0x00000000830724c0, 0x0000000083100000| 44%| S|CS|TAMS 0x0000000083000000, 0x0000000083000000| Complete 
|  49|0x0000000083100000, 0x0000000083200000, 0x0000000083200000|100%| S|CS|TAMS 0x0000000083100000, 0x0000000083100000| Complete 
|  50|0x0000000083200000, 0x0000000083200000, 0x0000000083300000|  0%| F|  |TAMS 0x0000000083200000, 0x0000000083200000| Untracked 
|  51|0x0000000083300000, 0x0000000083300000, 0x0000000083400000|  0%| F|  |TAMS 0x0000000083300000, 0x0000000083300000| Untracked 
|  52|0x0000000083400000, 0x0000000083400000, 0x0000000083500000|  0%| F|  |TAMS 0x0000000083400000, 0x0000000083400000| Untracked 
|  53|0x0000000083500000, 0x0000000083500000, 0x0000000083600000|  0%| F|  |TAMS 0x0000000083500000, 0x0000000083500000| Untracked 
|  54|0x0000000083600000, 0x0000000083600000, 0x0000000083700000|  0%| F|  |TAMS 0x0000000083600000, 0x0000000083600000| Untracked 
|  55|0x0000000083700000, 0x0000000083700000, 0x0000000083800000|  0%| F|  |TAMS 0x0000000083700000, 0x0000000083700000| Untracked 
|  56|0x0000000083800000, 0x0000000083800000, 0x0000000083900000|  0%| F|  |TAMS 0x0000000083800000, 0x0000000083800000| Untracked 
|  57|0x0000000083900000, 0x0000000083900000, 0x0000000083a00000|  0%| F|  |TAMS 0x0000000083900000, 0x0000000083900000| Untracked 
|  58|0x0000000083a00000, 0x0000000083a00000, 0x0000000083b00000|  0%| F|  |TAMS 0x0000000083a00000, 0x0000000083a00000| Untracked 
|  59|0x0000000083b00000, 0x0000000083b00000, 0x0000000083c00000|  0%| F|  |TAMS 0x0000000083b00000, 0x0000000083b00000| Untracked 
|  60|0x0000000083c00000, 0x0000000083c00000, 0x0000000083d00000|  0%| F|  |TAMS 0x0000000083c00000, 0x0000000083c00000| Untracked 
|  61|0x0000000083d00000, 0x0000000083d00000, 0x0000000083e00000|  0%| F|  |TAMS 0x0000000083d00000, 0x0000000083d00000| Untracked 
|  62|0x0000000083e00000, 0x0000000083e00000, 0x0000000083f00000|  0%| F|  |TAMS 0x0000000083e00000, 0x0000000083e00000| Untracked 
|  63|0x0000000083f00000, 0x0000000083f00000, 0x0000000084000000|  0%| F|  |TAMS 0x0000000083f00000, 0x0000000083f00000| Untracked 
|  64|0x0000000084000000, 0x0000000084000000, 0x0000000084100000|  0%| F|  |TAMS 0x0000000084000000, 0x0000000084000000| Untracked 
|  65|0x0000000084100000, 0x0000000084100000, 0x0000000084200000|  0%| F|  |TAMS 0x0000000084100000, 0x0000000084100000| Untracked 
|  66|0x0000000084200000, 0x0000000084200000, 0x0000000084300000|  0%| F|  |TAMS 0x0000000084200000, 0x0000000084200000| Untracked 
|  67|0x0000000084300000, 0x0000000084300000, 0x0000000084400000|  0%| F|  |TAMS 0x0000000084300000, 0x0000000084300000| Untracked 
|  68|0x0000000084400000, 0x0000000084400000, 0x0000000084500000|  0%| F|  |TAMS 0x0000000084400000, 0x0000000084400000| Untracked 
|  69|0x0000000084500000, 0x0000000084500000, 0x0000000084600000|  0%| F|  |TAMS 0x0000000084500000, 0x0000000084500000| Untracked 
|  70|0x0000000084600000, 0x0000000084600000, 0x0000000084700000|  0%| F|  |TAMS 0x0000000084600000, 0x0000000084600000| Untracked 
|  93|0x0000000085d00000, 0x0000000085d00000, 0x0000000085e00000|  0%| F|  |TAMS 0x0000000085d00000, 0x0000000085d00000| Untracked 
|  94|0x0000000085e00000, 0x0000000085e7fae0, 0x0000000085f00000| 49%| E|  |TAMS 0x0000000085e00000, 0x0000000085e00000| Complete 
|  95|0x0000000085f00000, 0x0000000086000000, 0x0000000086000000|100%| E|CS|TAMS 0x0000000085f00000, 0x0000000085f00000| Complete 
|  96|0x0000000086000000, 0x0000000086100000, 0x0000000086100000|100%| E|CS|TAMS 0x0000000086000000, 0x0000000086000000| Complete 
|  97|0x0000000086100000, 0x0000000086200000, 0x0000000086200000|100%| E|CS|TAMS 0x0000000086100000, 0x0000000086100000| Complete 
| 125|0x0000000087d00000, 0x0000000087e00000, 0x0000000087e00000|100%| E|CS|TAMS 0x0000000087d00000, 0x0000000087d00000| Complete 

Card table byte_map: [0x0000025edeca0000,0x0000025edf0a0000] _byte_map_base: 0x0000025ede8a0000

Marking Bits (Prev, Next): (CMBitMap*) 0x0000025ecbf743b0, (CMBitMap*) 0x0000025ecbf743f0
 Prev Bits: [0x0000025edf4a0000, 0x0000025ee14a0000)
 Next Bits: [0x0000025ee14a0000, 0x0000025ee34a0000)

Polling page: 0x0000025ecb020000

Metaspace:

Usage:
  Non-class:     38.03 MB used.
      Class:      4.77 MB used.
       Both:     42.80 MB used.

Virtual space:
  Non-class space:       64.00 MB reserved,      38.31 MB ( 60%) committed,  1 nodes.
      Class space:        1.00 GB reserved,       5.00 MB ( <1%) committed,  1 nodes.
             Both:        1.06 GB reserved,      43.31 MB (  4%) committed. 

Chunk freelists:
   Non-Class:  8.92 MB
       Class:  10.84 MB
        Both:  19.76 MB

MaxMetaspaceSize: unlimited
CompressedClassSpaceSize: 1.00 GB
Initial GC threshold: 21.00 MB
Current GC threshold: 59.06 MB
CDS: off
MetaspaceReclaimPolicy: balanced
 - commit_granule_bytes: 65536.
 - commit_granule_words: 8192.
 - virtual_space_node_default_size: 8388608.
 - enlarge_chunks_in_place: 1.
 - new_chunks_are_fully_committed: 0.
 - uncommit_free_chunks: 1.
 - use_allocation_guard: 0.
 - handle_deallocations: 1.


Internal statistics:

num_allocs_failed_limit: 6.
num_arena_births: 634.
num_arena_deaths: 0.
num_vsnodes_births: 2.
num_vsnodes_deaths: 0.
num_space_committed: 693.
num_space_uncommitted: 0.
num_chunks_returned_to_freelist: 6.
num_chunks_taken_from_freelist: 1700.
num_chunk_merges: 6.
num_chunk_splits: 1156.
num_chunks_enlarged: 785.
num_inconsistent_stats: 0.

CodeHeap 'non-profiled nmethods': size=120000Kb used=2455Kb max_used=2841Kb free=117544Kb
 bounds [0x0000025ed7040000, 0x0000025ed7310000, 0x0000025ede570000]
CodeHeap 'profiled nmethods': size=120000Kb used=7879Kb max_used=8711Kb free=112120Kb
 bounds [0x0000025ecf570000, 0x0000025ecfe00000, 0x0000025ed6aa0000]
CodeHeap 'non-nmethods': size=5760Kb used=2310Kb max_used=2382Kb free=3449Kb
 bounds [0x0000025ed6aa0000, 0x0000025ed6d10000, 0x0000025ed7040000]
 total_blobs=5068 nmethods=4242 adapters=738
 compilation: enabled
              stopped_count=0, restarted_count=0
 full_count=0

Compilation events (20 events):
Event: 132.138 Thread 0x0000025eea076db0 nmethod 5024 0x0000025ed7190010 code [0x0000025ed71901e0, 0x0000025ed7190bd8]
Event: 132.138 Thread 0x0000025eea076db0 5034       4       java.lang.invoke.LambdaForm$Name::useCount (51 bytes)
Event: 132.143 Thread 0x0000025eea11fe80 5041       2       java.util.regex.Pattern::compile (500 bytes)
Event: 132.143 Thread 0x0000025eea076db0 nmethod 5034 0x0000025ed718fc10 code [0x0000025ed718fd80, 0x0000025ed718fef8]
Event: 132.143 Thread 0x0000025eea076db0 5037       4       java.util.regex.Pattern$BnM::optimize (179 bytes)
Event: 132.146 Thread 0x0000025eea11fe80 nmethod 5041 0x0000025ecf91c990 code [0x0000025ecf91ccc0, 0x0000025ecf91e1c8]
Event: 132.146 Thread 0x0000025eea11fe80 5042       3       java.util.regex.Pattern$BnM::<init> (26 bytes)
Event: 132.147 Thread 0x0000025eea11fe80 nmethod 5042 0x0000025ecfa03510 code [0x0000025ecfa036c0, 0x0000025ecfa03a58]
Event: 132.185 Thread 0x0000025eea076db0 nmethod 5037 0x0000025ed718ed90 code [0x0000025ed718ef40, 0x0000025ed718f858]
Event: 132.185 Thread 0x0000025eea076db0 5043       4       groovy.lang.MetaClassImpl$1MOPIter::methodNameAction (325 bytes)
Event: 132.308 Thread 0x0000025eea11fe80 5044       3       java.util.TreeMap$PrivateEntryIterator::<init> (28 bytes)
Event: 132.308 Thread 0x0000025eea11fe80 nmethod 5044 0x0000025ecfc8ed90 code [0x0000025ecfc8ef40, 0x0000025ecfc8f198]
Event: 132.308 Thread 0x0000025eea11fe80 5045       3       groovy.lang.MetaClassImpl::applyStrayPropertyMethods (288 bytes)
Event: 132.314 Thread 0x0000025eea11fe80 nmethod 5045 0x0000025ecf5caf90 code [0x0000025ecf5cb440, 0x0000025ecf5cde78]
Event: 132.314 Thread 0x0000025eea11fe80 5047       3       java.util.regex.Matcher::matches (10 bytes)
Event: 132.315 Thread 0x0000025eea11fe80 nmethod 5047 0x0000025ecf5cab90 code [0x0000025ecf5cad20, 0x0000025ecf5cae68]
Event: 132.315 Thread 0x0000025eea11fe80 5046       3       groovy.lang.MetaClassImpl$Index::put (10 bytes)
Event: 132.315 Thread 0x0000025eea11fe80 nmethod 5046 0x0000025ecfc8e890 code [0x0000025ecfc8ea40, 0x0000025ecfc8ec68]
Event: 132.319 Thread 0x0000025eea11fe80 5048       1       groovy.lang.MetaClassImpl::isInitialized (5 bytes)
Event: 132.319 Thread 0x0000025eea11fe80 nmethod 5048 0x0000025ed718ea90 code [0x0000025ed718ec20, 0x0000025ed718ecf8]

GC Heap History (20 events):
Event: 35.227 GC heap before
{Heap before GC invocations=5 (full 0):
 garbage-first heap   total 78848K, used 61638K [0x0000000080000000, 0x0000000100000000)
  region size 1024K, 45 young (46080K), 5 survivors (5120K)
 Metaspace       used 22115K, committed 22336K, reserved 1114112K
  class space    used 2313K, committed 2432K, reserved 1048576K
}
Event: 35.249 GC heap after
{Heap after GC invocations=6 (full 0):
 garbage-first heap   total 78848K, used 22225K [0x0000000080000000, 0x0000000100000000)
  region size 1024K, 3 young (3072K), 3 survivors (3072K)
 Metaspace       used 22115K, committed 22336K, reserved 1114112K
  class space    used 2313K, committed 2432K, reserved 1048576K
}
Event: 39.802 GC heap before
{Heap before GC invocations=6 (full 0):
 garbage-first heap   total 78848K, used 54993K [0x0000000080000000, 0x0000000100000000)
  region size 1024K, 35 young (35840K), 3 survivors (3072K)
 Metaspace       used 25738K, committed 25984K, reserved 1114112K
  class space    used 2688K, committed 2816K, reserved 1048576K
}
Event: 39.833 GC heap after
{Heap after GC invocations=7 (full 0):
 garbage-first heap   total 78848K, used 24665K [0x0000000080000000, 0x0000000100000000)
  region size 1024K, 5 young (5120K), 5 survivors (5120K)
 Metaspace       used 25738K, committed 25984K, reserved 1114112K
  class space    used 2688K, committed 2816K, reserved 1048576K
}
Event: 46.748 GC heap before
{Heap before GC invocations=7 (full 0):
 garbage-first heap   total 78848K, used 56409K [0x0000000080000000, 0x0000000100000000)
  region size 1024K, 36 young (36864K), 5 survivors (5120K)
 Metaspace       used 31492K, committed 31936K, reserved 1114112K
  class space    used 3368K, committed 3584K, reserved 1048576K
}
Event: 46.778 GC heap after
{Heap after GC invocations=8 (full 0):
 garbage-first heap   total 78848K, used 27151K [0x0000000080000000, 0x0000000100000000)
  region size 1024K, 3 young (3072K), 3 survivors (3072K)
 Metaspace       used 31492K, committed 31936K, reserved 1114112K
  class space    used 3368K, committed 3584K, reserved 1048576K
}
Event: 47.428 GC heap before
{Heap before GC invocations=8 (full 0):
 garbage-first heap   total 78848K, used 59919K [0x0000000080000000, 0x0000000100000000)
  region size 1024K, 32 young (32768K), 3 survivors (3072K)
 Metaspace       used 32617K, committed 32960K, reserved 1114112K
  class space    used 3442K, committed 3648K, reserved 1048576K
}
Event: 47.440 GC heap after
{Heap after GC invocations=9 (full 0):
 garbage-first heap   total 78848K, used 27695K [0x0000000080000000, 0x0000000100000000)
  region size 1024K, 1 young (1024K), 1 survivors (1024K)
 Metaspace       used 32617K, committed 32960K, reserved 1114112K
  class space    used 3442K, committed 3648K, reserved 1048576K
}
Event: 48.248 GC heap before
{Heap before GC invocations=9 (full 0):
 garbage-first heap   total 78848K, used 59439K [0x0000000080000000, 0x0000000100000000)
  region size 1024K, 32 young (32768K), 1 survivors (1024K)
 Metaspace       used 32684K, committed 33088K, reserved 1114112K
  class space    used 3449K, committed 3648K, reserved 1048576K
}
Event: 48.253 GC heap after
{Heap after GC invocations=10 (full 0):
 garbage-first heap   total 78848K, used 27810K [0x0000000080000000, 0x0000000100000000)
  region size 1024K, 1 young (1024K), 1 survivors (1024K)
 Metaspace       used 32684K, committed 33088K, reserved 1114112K
  class space    used 3449K, committed 3648K, reserved 1048576K
}
Event: 52.186 GC heap before
{Heap before GC invocations=10 (full 0):
 garbage-first heap   total 78848K, used 61602K [0x0000000080000000, 0x0000000100000000)
  region size 1024K, 34 young (34816K), 1 survivors (1024K)
 Metaspace       used 34845K, committed 35328K, reserved 1114112K
  class space    used 3685K, committed 3904K, reserved 1048576K
}
Event: 52.197 GC heap after
{Heap after GC invocations=11 (full 0):
 garbage-first heap   total 78848K, used 28830K [0x0000000080000000, 0x0000000100000000)
  region size 1024K, 2 young (2048K), 2 survivors (2048K)
 Metaspace       used 34845K, committed 35328K, reserved 1114112K
  class space    used 3685K, committed 3904K, reserved 1048576K
}
Event: 53.122 GC heap before
{Heap before GC invocations=11 (full 0):
 garbage-first heap   total 78848K, used 62622K [0x0000000080000000, 0x0000000100000000)
  region size 1024K, 35 young (35840K), 2 survivors (2048K)
 Metaspace       used 34983K, committed 35392K, reserved 1114112K
  class space    used 3693K, committed 3904K, reserved 1048576K
}
Event: 53.134 GC heap after
{Heap after GC invocations=12 (full 0):
 garbage-first heap   total 78848K, used 29854K [0x0000000080000000, 0x0000000100000000)
  region size 1024K, 3 young (3072K), 3 survivors (3072K)
 Metaspace       used 34983K, committed 35392K, reserved 1114112K
  class space    used 3693K, committed 3904K, reserved 1048576K
}
Event: 54.278 GC heap before
{Heap before GC invocations=12 (full 0):
 garbage-first heap   total 78848K, used 55454K [0x0000000080000000, 0x0000000100000000)
  region size 1024K, 29 young (29696K), 3 survivors (3072K)
 Metaspace       used 35783K, committed 36160K, reserved 1114112K
  class space    used 3789K, committed 3968K, reserved 1048576K
}
Event: 54.299 GC heap after
{Heap after GC invocations=13 (full 0):
 garbage-first heap   total 78848K, used 32250K [0x0000000080000000, 0x0000000100000000)
  region size 1024K, 5 young (5120K), 5 survivors (5120K)
 Metaspace       used 35783K, committed 36160K, reserved 1114112K
  class space    used 3789K, committed 3968K, reserved 1048576K
}
Event: 58.916 GC heap before
{Heap before GC invocations=14 (full 0):
 garbage-first heap   total 78848K, used 61946K [0x0000000080000000, 0x0000000100000000)
  region size 1024K, 34 young (34816K), 5 survivors (5120K)
 Metaspace       used 39814K, committed 40384K, reserved 1114112K
  class space    used 4323K, committed 4608K, reserved 1048576K
}
Event: 58.941 GC heap after
{Heap after GC invocations=15 (full 0):
 garbage-first heap   total 78848K, used 34668K [0x0000000080000000, 0x0000000100000000)
  region size 1024K, 5 young (5120K), 5 survivors (5120K)
 Metaspace       used 39814K, committed 40384K, reserved 1114112K
  class space    used 4323K, committed 4608K, reserved 1048576K
}
Event: 108.343 GC heap before
{Heap before GC invocations=15 (full 0):
 garbage-first heap   total 78848K, used 61292K [0x0000000080000000, 0x0000000100000000)
  region size 1024K, 32 young (32768K), 5 survivors (5120K)
 Metaspace       used 43690K, committed 44224K, reserved 1114112K
  class space    used 4862K, committed 5120K, reserved 1048576K
}
Event: 108.393 GC heap after
{Heap after GC invocations=16 (full 0):
 garbage-first heap   total 78848K, used 36105K [0x0000000080000000, 0x0000000100000000)
  region size 1024K, 2 young (2048K), 2 survivors (2048K)
 Metaspace       used 43690K, committed 44224K, reserved 1114112K
  class space    used 4862K, committed 5120K, reserved 1048576K
}

Dll operation events (7 events):
Event: 0.599 Loaded shared library C:\Users\Yogalakshmi.k\.katalon\packages\Katalon_Studio_Windows_64-9.3.0\Katalon_Studio_Windows_64-9.3.0\jre\bin\java.dll
Event: 12.201 Loaded shared library C:\Users\Yogalakshmi.k\.katalon\packages\Katalon_Studio_Windows_64-9.3.0\Katalon_Studio_Windows_64-9.3.0\jre\bin\net.dll
Event: 12.353 Loaded shared library C:\Users\Yogalakshmi.k\.katalon\packages\Katalon_Studio_Windows_64-9.3.0\Katalon_Studio_Windows_64-9.3.0\jre\bin\nio.dll
Event: 12.387 Loaded shared library C:\Users\Yogalakshmi.k\.katalon\packages\Katalon_Studio_Windows_64-9.3.0\Katalon_Studio_Windows_64-9.3.0\jre\bin\zip.dll
Event: 17.275 Loaded shared library C:\Users\Yogalakshmi.k\.katalon\packages\Katalon_Studio_Windows_64-9.3.0\Katalon_Studio_Windows_64-9.3.0\jre\bin\verify.dll
Event: 19.424 Loaded shared library C:\Users\Yogalakshmi.k\.katalon\packages\Katalon_Studio_Windows_64-9.3.0\Katalon_Studio_Windows_64-9.3.0\jre\bin\jimage.dll
Event: 58.354 Loaded shared library C:\Users\Yogalakshmi.k\.katalon\packages\Katalon_Studio_Windows_64-9.3.0\Katalon_Studio_Windows_64-9.3.0\jre\bin\sunmscapi.dll

Deoptimization events (20 events):
Event: 132.137 Thread 0x0000025ecbf38c60 Uncommon trap: trap_request=0xffffffbe fr.pc=0x0000025ed71a54a8 relative=0x00000000000009e8
Event: 132.137 Thread 0x0000025ecbf38c60 Uncommon trap: reason=profile_predicate action=maybe_recompile pc=0x0000025ed71a54a8 method=java.util.regex.Pattern$BnM.optimize(Ljava/util/regex/Pattern$Node;)Ljava/util/regex/Pattern$Node; @ 67 c2
Event: 132.137 Thread 0x0000025ecbf38c60 DEOPT PACKING pc=0x0000025ed71a54a8 sp=0x000000926a5fc550
Event: 132.137 Thread 0x0000025ecbf38c60 DEOPT UNPACKING pc=0x0000025ed6af69a3 sp=0x000000926a5fc4b0 mode 2
Event: 132.137 Thread 0x0000025ecbf38c60 Uncommon trap: trap_request=0xffffffbe fr.pc=0x0000025ed71a54a8 relative=0x00000000000009e8
Event: 132.137 Thread 0x0000025ecbf38c60 Uncommon trap: reason=profile_predicate action=maybe_recompile pc=0x0000025ed71a54a8 method=java.util.regex.Pattern$BnM.optimize(Ljava/util/regex/Pattern$Node;)Ljava/util/regex/Pattern$Node; @ 67 c2
Event: 132.137 Thread 0x0000025ecbf38c60 DEOPT PACKING pc=0x0000025ed71a54a8 sp=0x000000926a5fc510
Event: 132.137 Thread 0x0000025ecbf38c60 DEOPT UNPACKING pc=0x0000025ed6af69a3 sp=0x000000926a5fc470 mode 2
Event: 132.137 Thread 0x0000025ecbf38c60 Uncommon trap: trap_request=0xffffffbe fr.pc=0x0000025ed71a54a8 relative=0x00000000000009e8
Event: 132.137 Thread 0x0000025ecbf38c60 Uncommon trap: reason=profile_predicate action=maybe_recompile pc=0x0000025ed71a54a8 method=java.util.regex.Pattern$BnM.optimize(Ljava/util/regex/Pattern$Node;)Ljava/util/regex/Pattern$Node; @ 67 c2
Event: 132.137 Thread 0x0000025ecbf38c60 DEOPT PACKING pc=0x0000025ed71a54a8 sp=0x000000926a5fc510
Event: 132.138 Thread 0x0000025ecbf38c60 DEOPT UNPACKING pc=0x0000025ed6af69a3 sp=0x000000926a5fc470 mode 2
Event: 132.138 Thread 0x0000025ecbf38c60 Uncommon trap: trap_request=0xffffffbe fr.pc=0x0000025ed71a54a8 relative=0x00000000000009e8
Event: 132.138 Thread 0x0000025ecbf38c60 Uncommon trap: reason=profile_predicate action=maybe_recompile pc=0x0000025ed71a54a8 method=java.util.regex.Pattern$BnM.optimize(Ljava/util/regex/Pattern$Node;)Ljava/util/regex/Pattern$Node; @ 67 c2
Event: 132.138 Thread 0x0000025ecbf38c60 DEOPT PACKING pc=0x0000025ed71a54a8 sp=0x000000926a5fc510
Event: 132.138 Thread 0x0000025ecbf38c60 DEOPT UNPACKING pc=0x0000025ed6af69a3 sp=0x000000926a5fc470 mode 2
Event: 132.138 Thread 0x0000025ecbf38c60 Uncommon trap: trap_request=0xffffffbe fr.pc=0x0000025ed71a41b4 relative=0x00000000000002f4
Event: 132.138 Thread 0x0000025ecbf38c60 Uncommon trap: reason=profile_predicate action=maybe_recompile pc=0x0000025ed71a41b4 method=java.util.regex.Pattern$BnM.optimize(Ljava/util/regex/Pattern$Node;)Ljava/util/regex/Pattern$Node; @ 67 c2
Event: 132.138 Thread 0x0000025ecbf38c60 DEOPT PACKING pc=0x0000025ed71a41b4 sp=0x000000926a5fc4b0
Event: 132.138 Thread 0x0000025ecbf38c60 DEOPT UNPACKING pc=0x0000025ed6af69a3 sp=0x000000926a5fc460 mode 2

Classes unloaded (0 events):
No events

Classes redefined (0 events):
No events

Internal exceptions (20 events):
Event: 66.495 Thread 0x0000025eebda7c40 Exception <a 'java/net/ConnectException'{0x0000000085fa4810}: Connection refused: no further information> (0x0000000085fa4810) 
thrown [s\src\hotspot\share\prims\jni.cpp, line 535]
Event: 66.495 Thread 0x0000025eebda7c40 Exception <a 'java/net/SocketException'{0x0000000085fa4b48}: Socket is not connected: shutdown> (0x0000000085fa4b48) 
thrown [s\src\hotspot\share\prims\jni.cpp, line 535]
Event: 66.863 Thread 0x0000025eebda7c40 Exception <a 'java/net/ConnectException'{0x0000000085fa5ae0}: Connection refused: no further information> (0x0000000085fa5ae0) 
thrown [s\src\hotspot\share\prims\jni.cpp, line 535]
Event: 66.863 Thread 0x0000025eebda7c40 Exception <a 'java/net/SocketException'{0x0000000085fa5e18}: Socket is not connected: shutdown> (0x0000000085fa5e18) 
thrown [s\src\hotspot\share\prims\jni.cpp, line 535]
Event: 67.196 Thread 0x0000025eebda7c40 Exception <a 'java/net/ConnectException'{0x0000000085fa6db0}: Connection refused: no further information> (0x0000000085fa6db0) 
thrown [s\src\hotspot\share\prims\jni.cpp, line 535]
Event: 67.196 Thread 0x0000025eebda7c40 Exception <a 'java/net/SocketException'{0x0000000085fa70e8}: Socket is not connected: shutdown> (0x0000000085fa70e8) 
thrown [s\src\hotspot\share\prims\jni.cpp, line 535]
Event: 67.779 Thread 0x0000025ecbf38c60 Exception <a 'java/lang/IncompatibleClassChangeError'{0x0000000085d80c10}: Found class java.lang.Object, but interface was expected> (0x0000000085d80c10) 
thrown [s\src\hotspot\share\interpreter\linkResolver.cpp, line 826]
Event: 67.781 Thread 0x0000025ecbf38c60 Exception <a 'java/lang/NoSuchMethodError'{0x0000000085d87548}: 'int java.lang.invoke.DirectMethodHandle$Holder.invokeSpecialIFC(java.lang.Object, java.lang.Object, java.lang.Object, java.lang.Object)'> (0x0000000085d87548) 
thrown [s\src\hotspot\share\interpreter\linkResolver.cpp, line 759]
Event: 67.892 Thread 0x0000025ecbf38c60 Exception <a 'java/lang/NoSuchMethodError'{0x00000000846226a8}: 'double java.lang.invoke.DirectMethodHandle$Holder.invokeVirtual(java.lang.Object, java.lang.Object)'> (0x00000000846226a8) 
thrown [s\src\hotspot\share\interpreter\linkResolver.cpp, line 759]
Event: 67.894 Thread 0x0000025ecbf38c60 Exception <a 'java/lang/NoSuchMethodError'{0x00000000846290d0}: 'float java.lang.invoke.DirectMethodHandle$Holder.invokeVirtual(java.lang.Object, java.lang.Object)'> (0x00000000846290d0) 
thrown [s\src\hotspot\share\interpreter\linkResolver.cpp, line 759]
Event: 67.896 Thread 0x0000025ecbf38c60 Exception <a 'java/lang/NoSuchMethodError'{0x0000000084632370}: 'long java.lang.invoke.DirectMethodHandle$Holder.invokeVirtual(java.lang.Object, java.lang.Object)'> (0x0000000084632370) 
thrown [s\src\hotspot\share\interpreter\linkResolver.cpp, line 759]
Event: 69.047 Thread 0x0000025ecbf38c60 Exception <a 'java/lang/NoSuchMethodError'{0x0000000084160cc8}: 'void java.lang.invoke.DirectMethodHandle$Holder.invokeInterface(java.lang.Object, java.lang.Object, java.lang.Object)'> (0x0000000084160cc8) 
thrown [s\src\hotspot\share\interpreter\linkResolver.cpp, line 759]
Event: 107.116 Thread 0x0000025ecbf38c60 Exception <a 'java/lang/NoSuchMethodError'{0x000000008377e0d0}: 'java.lang.Object java.lang.invoke.DirectMethodHandle$Holder.invokeSpecialIFC(java.lang.Object, java.lang.Object, java.lang.Object)'> (0x000000008377e0d0) 
thrown [s\src\hotspot\share\interpreter\linkResolver.cpp, line 759]
Event: 108.257 Thread 0x0000025ecbf38c60 Exception <a 'java/lang/ClassNotFoundException'{0x0000000083229120}: com/kms/katalon/core/webui/keyword/builtin/NavigateToUrlKeywordBeanInfo> (0x0000000083229120) 
thrown [s\src\hotspot\share\classfile\systemDictionary.cpp, line 256]
Event: 108.320 Thread 0x0000025ecbf38c60 Exception <a 'java/lang/ClassNotFoundException'{0x0000000083259878}: com/kms/katalon/core/webui/keyword/builtin/NavigateToUrlKeywordCustomizer> (0x0000000083259878) 
thrown [s\src\hotspot\share\classfile\systemDictionary.cpp, line 256]
Event: 132.070 Thread 0x0000025ecbf38c60 Exception <a 'java/lang/ClassNotFoundException'{0x000000008616e4c8}: com/kms/katalon/core/testobject/ObjectRepositoryBeanInfo> (0x000000008616e4c8) 
thrown [s\src\hotspot\share\classfile\systemDictionary.cpp, line 256]
Event: 132.115 Thread 0x0000025ecbf38c60 Exception <a 'java/lang/ClassNotFoundException'{0x000000008619bff8}: com/kms/katalon/core/testobject/ObjectRepositoryCustomizer> (0x000000008619bff8) 
thrown [s\src\hotspot\share\classfile\systemDictionary.cpp, line 256]
Event: 132.288 Thread 0x0000025ecbf38c60 Exception <a 'java/lang/ClassNotFoundException'{0x00000000860cf308}: com/kms/katalon/core/webui/keyword/builtin/SetTextKeywordBeanInfo> (0x00000000860cf308) 
thrown [s\src\hotspot\share\classfile\systemDictionary.cpp, line 256]
Event: 132.307 Thread 0x0000025ecbf38c60 Exception <a 'java/lang/ClassNotFoundException'{0x0000000085f00368}: com/kms/katalon/core/webui/keyword/builtin/SetTextKeywordCustomizer> (0x0000000085f00368) 
thrown [s\src\hotspot\share\classfile\systemDictionary.cpp, line 256]
Event: 132.450 Thread 0x0000025ecbf38c60 Exception <a 'java/lang/ClassNotFoundException'{0x0000000085e0dd18}: org/apache/commons/lang/ObjectUtilsBeanInfo> (0x0000000085e0dd18) 
thrown [s\src\hotspot\share\classfile\systemDictionary.cpp, line 256]

VM Operations (20 events):
Event: 67.585 Executing VM operation: HandshakeAllThreads
Event: 67.594 Executing VM operation: HandshakeAllThreads done
Event: 68.607 Executing VM operation: Cleanup
Event: 68.607 Executing VM operation: Cleanup done
Event: 69.625 Executing VM operation: Cleanup
Event: 69.625 Executing VM operation: Cleanup done
Event: 70.637 Executing VM operation: Cleanup
Event: 70.643 Executing VM operation: Cleanup done
Event: 72.668 Executing VM operation: Cleanup
Event: 72.668 Executing VM operation: Cleanup done
Event: 107.404 Executing VM operation: HandshakeAllThreads
Event: 107.404 Executing VM operation: HandshakeAllThreads done
Event: 107.404 Executing VM operation: Cleanup
Event: 107.405 Executing VM operation: Cleanup done
Event: 108.343 Executing VM operation: G1CollectForAllocation
Event: 108.393 Executing VM operation: G1CollectForAllocation done
Event: 109.393 Executing VM operation: Cleanup
Event: 109.393 Executing VM operation: Cleanup done
Event: 132.404 Executing VM operation: Cleanup
Event: 132.445 Executing VM operation: Cleanup done

Events (20 events):
Event: 69.639 loading class java/net/ProtocolException done
Event: 69.773 loading class java/net/HttpRetryException
Event: 69.773 loading class java/net/HttpRetryException done
Event: 69.878 loading class java/net/UnknownServiceException
Event: 69.879 loading class java/net/UnknownServiceException done
Event: 70.144 Thread 0x0000025eec203a00 Thread added: 0x0000025eec203a00
Event: 70.166 Thread 0x0000025eec200eb0 Thread added: 0x0000025eec200eb0
Event: 72.604 Thread 0x0000025eeaed1970 Thread exited: 0x0000025eeaed1970
Event: 107.298 loading class java/util/UUID$Holder
Event: 107.298 loading class java/util/UUID$Holder done
Event: 108.202 loading class java/lang/StackTraceElement$HashedModules
Event: 108.202 loading class java/lang/StackTraceElement$HashedModules done
Event: 108.402 loading class sun/net/www/protocol/https/Handler
Event: 108.402 loading class sun/net/www/protocol/https/Handler done
Event: 127.636 loading class java/util/IdentityHashMap$KeyIterator
Event: 127.636 loading class java/util/IdentityHashMap$IdentityHashMapIterator
Event: 127.637 loading class java/util/IdentityHashMap$IdentityHashMapIterator done
Event: 127.637 loading class java/util/IdentityHashMap$KeyIterator done
Event: 127.638 Thread 0x0000025eebda7c40 Thread exited: 0x0000025eebda7c40
Event: 129.380 Thread 0x0000025eec2009e0 Thread exited: 0x0000025eec2009e0


Dynamic libraries:
0x00007ff6b4970000 - 0x00007ff6b497e000 	C:\Users\Yogalakshmi.k\.katalon\packages\Katalon_Studio_Windows_64-9.3.0\Katalon_Studio_Windows_64-9.3.0\jre\bin\javaw.exe
0x00007ffcd8f90000 - 0x00007ffcd9188000 	C:\Windows\SYSTEM32\ntdll.dll
0x00007ffcd8c00000 - 0x00007ffcd8cbd000 	C:\Windows\System32\KERNEL32.DLL
0x00007ffcd6650000 - 0x00007ffcd6946000 	C:\Windows\System32\KERNELBASE.dll
0x00007ffcd6ac0000 - 0x00007ffcd6bc0000 	C:\Windows\System32\ucrtbase.dll
0x00007ffca2420000 - 0x00007ffca2437000 	C:\Users\Yogalakshmi.k\.katalon\packages\Katalon_Studio_Windows_64-9.3.0\Katalon_Studio_Windows_64-9.3.0\jre\bin\jli.dll
0x00007ffcd7520000 - 0x00007ffcd76be000 	C:\Windows\System32\USER32.dll
0x00007ffcd6cf0000 - 0x00007ffcd6d12000 	C:\Windows\System32\win32u.dll
0x00007ffcd7080000 - 0x00007ffcd70ab000 	C:\Windows\System32\GDI32.dll
0x00007ffcd6eb0000 - 0x00007ffcd6fc7000 	C:\Windows\System32\gdi32full.dll
0x00007ffcd6bc0000 - 0x00007ffcd6c5d000 	C:\Windows\System32\msvcp_win.dll
0x00007ffcbe550000 - 0x00007ffcbe7ea000 	C:\Windows\WinSxS\amd64_microsoft.windows.common-controls_6595b64144ccf1df_6.0.19041.3636_none_60b6a03d71f818d5\COMCTL32.dll
0x00007ffcd8ae0000 - 0x00007ffcd8b7e000 	C:\Windows\System32\msvcrt.dll
0x00007ffcb23f0000 - 0x00007ffcb2409000 	C:\Users\Yogalakshmi.k\.katalon\packages\Katalon_Studio_Windows_64-9.3.0\Katalon_Studio_Windows_64-9.3.0\jre\bin\VCRUNTIME140.dll
0x00007ffcd7440000 - 0x00007ffcd7472000 	C:\Windows\System32\IMM32.DLL
0x00007ffcbf060000 - 0x00007ffcbf262000 	C:\Windows\system32\tmumh\20019\AddOn\8.55.0.1288\TmUmEvt64.dll
0x00007ffcd8d30000 - 0x00007ffcd8d38000 	C:\Windows\System32\PSAPI.DLL
0x00007ffcd8030000 - 0x00007ffcd80e3000 	C:\Windows\System32\ADVAPI32.dll
0x00007ffcd7480000 - 0x00007ffcd751f000 	C:\Windows\System32\sechost.dll
0x00007ffcd7240000 - 0x00007ffcd7366000 	C:\Windows\System32\RPCRT4.dll
0x00007ffcd6d20000 - 0x00007ffcd6d47000 	C:\Windows\System32\bcrypt.dll
0x000000006ae40000 - 0x000000006afd7000 	C:\Windows\system32\tmumh\20019\TmMon\2.9.0.1084\tmmon64.dll
0x00007ffcd33f0000 - 0x00007ffcd33fc000 	C:\Users\Yogalakshmi.k\.katalon\packages\Katalon_Studio_Windows_64-9.3.0\Katalon_Studio_Windows_64-9.3.0\jre\bin\vcruntime140_1.dll
0x00007ffca2380000 - 0x00007ffca2411000 	C:\Users\Yogalakshmi.k\.katalon\packages\Katalon_Studio_Windows_64-9.3.0\Katalon_Studio_Windows_64-9.3.0\jre\bin\msvcp140.dll
0x00007ffc94570000 - 0x00007ffc951b8000 	C:\Users\Yogalakshmi.k\.katalon\packages\Katalon_Studio_Windows_64-9.3.0\Katalon_Studio_Windows_64-9.3.0\jre\bin\server\jvm.dll
0x00007ffcb8bc0000 - 0x00007ffcb8bc9000 	C:\Windows\SYSTEM32\WSOCK32.dll
0x00007ffcd7ea0000 - 0x00007ffcd7f0b000 	C:\Windows\System32\WS2_32.dll
0x00007ffcd3480000 - 0x00007ffcd34a7000 	C:\Windows\SYSTEM32\WINMM.dll
0x00007ffcc9530000 - 0x00007ffcc953a000 	C:\Windows\SYSTEM32\VERSION.dll
0x00007ffcd4de0000 - 0x00007ffcd4df2000 	C:\Windows\SYSTEM32\kernel.appcore.dll
0x00007ffcca640000 - 0x00007ffcca64a000 	C:\Users\Yogalakshmi.k\.katalon\packages\Katalon_Studio_Windows_64-9.3.0\Katalon_Studio_Windows_64-9.3.0\jre\bin\jimage.dll
0x00007ffcd49a0000 - 0x00007ffcd4b84000 	C:\Windows\SYSTEM32\DBGHELP.DLL
0x00007ffcd3440000 - 0x00007ffcd3474000 	C:\Windows\SYSTEM32\dbgcore.DLL
0x00007ffcd6c60000 - 0x00007ffcd6ce2000 	C:\Windows\System32\bcryptPrimitives.dll
0x00007ffcbc240000 - 0x00007ffcbc265000 	C:\Users\Yogalakshmi.k\.katalon\packages\Katalon_Studio_Windows_64-9.3.0\Katalon_Studio_Windows_64-9.3.0\jre\bin\java.dll
0x00007ffcc95e0000 - 0x00007ffcc95f8000 	C:\Users\Yogalakshmi.k\.katalon\packages\Katalon_Studio_Windows_64-9.3.0\Katalon_Studio_Windows_64-9.3.0\jre\bin\zip.dll
0x00007ffcd7750000 - 0x00007ffcd7e95000 	C:\Windows\System32\SHELL32.dll
0x00007ffcd4200000 - 0x00007ffcd499c000 	C:\Windows\SYSTEM32\windows.storage.dll
0x00007ffcd8780000 - 0x00007ffcd8ad4000 	C:\Windows\System32\combase.dll
0x00007ffcd6010000 - 0x00007ffcd603e000 	C:\Windows\SYSTEM32\Wldp.dll
0x00007ffcd7110000 - 0x00007ffcd71dd000 	C:\Windows\System32\OLEAUT32.dll
0x00007ffcd6fd0000 - 0x00007ffcd707d000 	C:\Windows\System32\SHCORE.dll
0x00007ffcd71e0000 - 0x00007ffcd7235000 	C:\Windows\System32\shlwapi.dll
0x00007ffcd6580000 - 0x00007ffcd65a5000 	C:\Windows\SYSTEM32\profapi.dll
0x00007ffcbe970000 - 0x00007ffcbe989000 	C:\Users\Yogalakshmi.k\.katalon\packages\Katalon_Studio_Windows_64-9.3.0\Katalon_Studio_Windows_64-9.3.0\jre\bin\net.dll
0x00007ffccacf0000 - 0x00007ffccadfa000 	C:\Windows\SYSTEM32\WINHTTP.dll
0x00007ffcd5d10000 - 0x00007ffcd5d7a000 	C:\Windows\system32\mswsock.dll
0x00007ffcbdfa0000 - 0x00007ffcbdfb5000 	C:\Users\Yogalakshmi.k\.katalon\packages\Katalon_Studio_Windows_64-9.3.0\Katalon_Studio_Windows_64-9.3.0\jre\bin\nio.dll
0x00007ffcca630000 - 0x00007ffcca640000 	C:\Users\Yogalakshmi.k\.katalon\packages\Katalon_Studio_Windows_64-9.3.0\Katalon_Studio_Windows_64-9.3.0\jre\bin\verify.dll
0x00007ffcd5a40000 - 0x00007ffcd5b0b000 	C:\Windows\SYSTEM32\DNSAPI.dll
0x00007ffcd5a00000 - 0x00007ffcd5a3b000 	C:\Windows\SYSTEM32\IPHLPAPI.DLL
0x00007ffcd8cc0000 - 0x00007ffcd8cc8000 	C:\Windows\System32\NSI.dll
0x00007ffcc72b0000 - 0x00007ffcc72ba000 	C:\Windows\System32\rasadhlp.dll
0x00007ffcd0930000 - 0x00007ffcd09b0000 	C:\Windows\System32\fwpuclnt.dll
0x00007ffcca2f0000 - 0x00007ffcca2fe000 	C:\Users\Yogalakshmi.k\.katalon\packages\Katalon_Studio_Windows_64-9.3.0\Katalon_Studio_Windows_64-9.3.0\jre\bin\sunmscapi.dll
0x00007ffcd6d50000 - 0x00007ffcd6ead000 	C:\Windows\System32\CRYPT32.dll
0x00007ffcd6080000 - 0x00007ffcd60a8000 	C:\Windows\SYSTEM32\ncrypt.dll
0x00007ffcd6040000 - 0x00007ffcd607b000 	C:\Windows\SYSTEM32\NTASN1.dll
0x00007ffcd5f00000 - 0x00007ffcd5f18000 	C:\Windows\SYSTEM32\CRYPTSP.dll
0x00007ffcd5640000 - 0x00007ffcd5674000 	C:\Windows\system32\rsaenh.dll
0x00007ffcd6540000 - 0x00007ffcd656e000 	C:\Windows\SYSTEM32\USERENV.dll
0x00007ffcd5f20000 - 0x00007ffcd5f2c000 	C:\Windows\SYSTEM32\CRYPTBASE.dll
0x00007ffcd0820000 - 0x00007ffcd0837000 	C:\Windows\SYSTEM32\dhcpcsvc6.DLL
0x00007ffcd07e0000 - 0x00007ffcd07fd000 	C:\Windows\SYSTEM32\dhcpcsvc.DLL

dbghelp: loaded successfully - version: 4.0.5 - missing functions: none
symbol engine: initialized successfully - sym options: 0x614 - pdb path: .;C:\Users\Yogalakshmi.k\.katalon\packages\Katalon_Studio_Windows_64-9.3.0\Katalon_Studio_Windows_64-9.3.0\jre\bin;C:\Windows\SYSTEM32;C:\Windows\WinSxS\amd64_microsoft.windows.common-controls_6595b64144ccf1df_6.0.19041.3636_none_60b6a03d71f818d5;C:\Windows\system32\tmumh\20019\AddOn\8.55.0.1288;C:\Windows\system32\tmumh\20019\TmMon\2.9.0.1084;C:\Users\Yogalakshmi.k\.katalon\packages\Katalon_Studio_Windows_64-9.3.0\Katalon_Studio_Windows_64-9.3.0\jre\bin\server

VM Arguments:
jvm_args: -Dgroovy.home=C:\Users\Yogalakshmi.k/.groovy -Djava.system.class.loader=groovy.lang.GroovyClassLoader -Xmx2048m -Dfile.encoding=UTF-8 -XX:+ShowCodeDetailsInExceptionMessages 
java_command: org.codehaus.groovy.tools.GroovyStarter --classpath C:\Users\Yogalakshmi.k\Katalon Studio\USEcologyA\bin\keyword;C:\Users\Yogalakshmi.k\Katalon Studio\USEcologyA\Keywords;C:\Users\Yogalakshmi.k\Katalon Studio\USEcologyA\bin\listener;C:\Users\Yogalakshmi.k\Katalon Studio\USEcologyA\Test Listeners;C:\Users\Yogalakshmi.k\Katalon Studio\USEcologyA\bin\lib;C:\Users\Yogalakshmi.k\Katalon Studio\USEcologyA\Libs;C:\Users\Yogalakshmi.k\Katalon Studio\USEcologyA\bin\groovy;C:\Users\Yogalakshmi.k\Katalon Studio\USEcologyA\Include\scripts\groovy;C:\Users\Yogalakshmi.k\.katalon\packages\Katalon_Studio_Windows_64-9.3.0\Katalon_Studio_Windows_64-9.3.0\plugins\com.kms.katalon.core_1.0.0.202401301518.jar;C:\Users\Yogalakshmi.k\.katalon\packages\Katalon_Studio_Windows_64-9.3.0\Katalon_Studio_Windows_64-9.3.0\configuration\resources\lib\aalto-xml-1.0.0.jar;C:\Users\Yogalakshmi.k\.katalon\packages\Katalon_Studio_Windows_64-9.3.0\Katalon_Studio_Windows_64-9.3.0\configuration\resources\lib\aspectjweaver-1.9.1.jar;C:\Users\Yogalakshmi.k\.katalon\packages\Katalon_Studio_Windows_64-9.3.0\Katalon_Studio_Windows_64-9.3.0\configuration\resources\lib\bcpkix-jdk15on-1.64.jar;C:\Users\Yogalakshmi.k\.katalon\packages\Katalon_Studio_Windows_64-9.3.0\Katalon_Studio_Windows_64-9.3.0\configuration\resources\lib\bcprov-jdk15on-1.64.jar;C:\Users\Yogalakshmi.k\.katalon\packages\Katalon_Studio_Windows_64-9.3.0\Katalon_Studio_Windows_64-9.3.0\configuration\resources\lib\browsermob-core-2.1.5.jar;C:\Users\Yogalakshmi.k\.katalon\packages\Katalon_Studio_Windows_64-9.3.0\Katalon_Studio_Windows_64-9.3.0\configuration\resources\lib\cglib-3.2.10.jar;C:\Users\Yogalakshmi.k\.katalon\packages\Katalon_Studio_Windows_64-9.3.0\Katalon_Studio_Windows_64-9.3.0\configuration\resources\lib\commons-codec-1.10.jar;C:\Users\Yogalakshmi.k\.katalon\packages\Katalon_Studio_Windows_64-9.3.0\Katalon_Studio_Windows_64-9.3.0\configuration\resources\lib\commons-collections4-4.1.jar;C:\Users\Yogalakshmi.k\.katalon\pack
java_class_path (initial): C:\Users\Yogalakshmi.k\Katalon Studio\USEcologyA\bin\keyword;C:\Users\Yogalakshmi.k\Katalon Studio\USEcologyA\bin\listener;C:\Users\Yogalakshmi.k\Katalon Studio\USEcologyA\bin\lib;C:\Users\Yogalakshmi.k\Katalon Studio\USEcologyA\bin\groovy;C:\Users\Yogalakshmi.k\Katalon Studio\USEcologyA\bin;C:\Users\Yogalakshmi.k\.katalon\packages\Katalon_Studio_Windows_64-9.3.0\Katalon_Studio_Windows_64-9.3.0\plugins\com.kms.katalon.core_1.0.0.202401301518.jar;C:\Users\Yogalakshmi.k\.katalon\packages\Katalon_Studio_Windows_64-9.3.0\Katalon_Studio_Windows_64-9.3.0\configuration\resources\lib\aalto-xml-1.0.0.jar;C:\Users\Yogalakshmi.k\.katalon\packages\Katalon_Studio_Windows_64-9.3.0\Katalon_Studio_Windows_64-9.3.0\configuration\resources\lib\aspectjweaver-1.9.1.jar;C:\Users\Yogalakshmi.k\.katalon\packages\Katalon_Studio_Windows_64-9.3.0\Katalon_Studio_Windows_64-9.3.0\configuration\resources\lib\bcpkix-jdk15on-1.64.jar;C:\Users\Yogalakshmi.k\.katalon\packages\Katalon_Studio_Windows_64-9.3.0\Katalon_Studio_Windows_64-9.3.0\configuration\resources\lib\bcprov-jdk15on-1.64.jar;C:\Users\Yogalakshmi.k\.katalon\packages\Katalon_Studio_Windows_64-9.3.0\Katalon_Studio_Windows_64-9.3.0\configuration\resources\lib\browsermob-core-2.1.5.jar;C:\Users\Yogalakshmi.k\.katalon\packages\Katalon_Studio_Windows_64-9.3.0\Katalon_Studio_Windows_64-9.3.0\configuration\resources\lib\cglib-3.2.10.jar;C:\Users\Yogalakshmi.k\.katalon\packages\Katalon_Studio_Windows_64-9.3.0\Katalon_Studio_Windows_64-9.3.0\configuration\resources\lib\commons-codec-1.10.jar;C:\Users\Yogalakshmi.k\.katalon\packages\Katalon_Studio_Windows_64-9.3.0\Katalon_Studio_Windows_64-9.3.0\configuration\resources\lib\commons-collections4-4.1.jar;C:\Users\Yogalakshmi.k\.katalon\packages\Katalon_Studio_Windows_64-9.3.0\Katalon_Studio_Windows_64-9.3.0\configuration\resources\lib\commons-validator-1.6.jar;C:\Users\Yogalakshmi.k\.katalon\packages\Katalon_Studio_Windows_64-9.3.0\Katalon_Studio_Windows_64-9.3.0\config
Launcher Type: SUN_STANDARD

[Global flags]
     intx CICompilerCount                          = 4                                         {product} {ergonomic}
     uint ConcGCThreads                            = 2                                         {product} {ergonomic}
     uint G1ConcRefinementThreads                  = 8                                         {product} {ergonomic}
   size_t G1HeapRegionSize                         = 1048576                                   {product} {ergonomic}
    uintx GCDrainStackTargetSize                   = 64                                        {product} {ergonomic}
   size_t InitialHeapSize                          = 132120576                                 {product} {ergonomic}
   size_t MarkStackSize                            = 4194304                                   {product} {ergonomic}
   size_t MaxHeapSize                              = 2147483648                                {product} {command line}
   size_t MaxNewSize                               = 1287651328                                {product} {ergonomic}
   size_t MinHeapDeltaBytes                        = 1048576                                   {product} {ergonomic}
   size_t MinHeapSize                              = 8388608                                   {product} {ergonomic}
    uintx NonNMethodCodeHeapSize                   = 5839372                                {pd product} {ergonomic}
    uintx NonProfiledCodeHeapSize                  = 122909434                              {pd product} {ergonomic}
    uintx ProfiledCodeHeapSize                     = 122909434                              {pd product} {ergonomic}
    uintx ReservedCodeCacheSize                    = 251658240                              {pd product} {ergonomic}
     bool SegmentedCodeCache                       = true                                      {product} {ergonomic}
     bool ShowCodeDetailsInExceptionMessages       = true                                   {manageable} {command line}
   size_t SoftMaxHeapSize                          = 2147483648                             {manageable} {ergonomic}
     bool UseCompressedClassPointers               = true                           {product lp64_product} {ergonomic}
     bool UseCompressedOops                        = true                           {product lp64_product} {ergonomic}
     bool UseG1GC                                  = true                                      {product} {ergonomic}
     bool UseLargePagesIndividualAllocation        = false                                  {pd product} {ergonomic}

Logging:
Log output configuration:
 #0: stdout all=warning uptime,level,tags
 #1: stderr all=off uptime,level,tags

Environment Variables:
PATH=C:/Users/Yogalakshmi.k/.katalon/packages/Katalon_Studio_Windows_64-9.3.0/Katalon_Studio_Windows_64-9.3.0/jre/bin/server;C:/Users/Yogalakshmi.k/.katalon/packages/Katalon_Studio_Windows_64-9.3.0/Katalon_Studio_Windows_64-9.3.0/jre/bin;C:\Windows\system32;C:\Windows;C:\Windows\System32\Wbem;C:\Windows\System32\WindowsPowerShell\v1.0\;C:\Windows\System32\OpenSSH\;C:\Users\Yogalakshmi.k\AppData\Local\Microsoft\WindowsApps;C:\Users\Yogalakshmi.k\AppData\Local\Programs\Git\cmd;C:\Users\Yogalakshmi.k\AppData\Local\GitHubDesktop\bin;C:\Users\Yogalakshmi.k\.katalon\packages\Katalon_Studio_Windows_64-9.3.0\Katalon_Studio_Windows_64-9.3.0;
USERNAME=yogalakshmi.k
OS=Windows_NT
PROCESSOR_IDENTIFIER=Intel64 Family 6 Model 142 Stepping 12, GenuineIntel
TMP=C:\Users\YOGALA~1.K\AppData\Local\Temp
TEMP=C:\Users\YOGALA~1.K\AppData\Local\Temp



---------------  S Y S T E M  ---------------

OS:
 Windows 10 , 64 bit Build 19041 (10.0.19041.3636)
OS uptime: 1 days 0:16 hours

CPU: total 8 (initial active 8) (4 cores per cpu, 2 threads per core) family 6 model 142 stepping 12 microcode 0xd6, cx8, cmov, fxsr, ht, mmx, 3dnowpref, sse, sse2, sse3, ssse3, sse4.1, sse4.2, popcnt, lzcnt, tsc, tscinvbit, avx, avx2, aes, erms, clmul, bmi1, bmi2, adx, fma, vzeroupper, clflush, clflushopt

Memory: 4k page, system-wide physical 7998M (72M free)
TotalPageFile size 20945M (AvailPageFile size 9M)
current process WorkingSet (physical memory assigned to process): 118M, peak: 216M
current process commit charge ("private bytes"): 240M, peak: 275M

vm_info: OpenJDK 64-Bit Server VM (17.0.7+7) for windows-amd64 JRE (17.0.7+7), built on Apr 18 2023 22:10:42 by "temurin" with MS VC++ 16.7 (VS2019)

END.
